{"/Users/freddiedebruyn/Documents/SEP/2025-SecondhandMarketplace2/frontend/eslint.config.js": {"path":"/Users/freddiedebruyn/Documents/SEP/2025-SecondhandMarketplace2/frontend/eslint.config.js","statementMap":{"0":{"start":{"line":2,"column":25},"end":{"line":2,"column":49}},"1":{"start":{"line":3,"column":19},"end":{"line":3,"column":53}},"2":{"start":{"line":5,"column":0},"end":{"line":10,"column":3}}},"fnMap":{},"branchMap":{},"s":{"0":0,"1":0,"2":0},"f":{},"b":{}}
,"/Users/freddiedebruyn/Documents/SEP/2025-SecondhandMarketplace2/frontend/expo-env.d.ts": {"path":"/Users/freddiedebruyn/Documents/SEP/2025-SecondhandMarketplace2/frontend/expo-env.d.ts","statementMap":{},"fnMap":{},"branchMap":{},"s":{},"f":{},"b":{}}
,"/Users/freddiedebruyn/Documents/SEP/2025-SecondhandMarketplace2/frontend/.expo/types/router.d.ts": {"path":"/Users/freddiedebruyn/Documents/SEP/2025-SecondhandMarketplace2/frontend/.expo/types/router.d.ts","statementMap":{},"fnMap":{},"branchMap":{},"s":{},"f":{},"b":{}}
,"/Users/freddiedebruyn/Documents/SEP/2025-SecondhandMarketplace2/frontend/app/_layout.tsx": {"path":"/Users/freddiedebruyn/Documents/SEP/2025-SecondhandMarketplace2/frontend/app/_layout.tsx","statementMap":{"0":{"start":{"line":12,"column":33},"end":{"line":14,"column":1}},"1":{"start":{"line":17,"column":16},"end":{"line":17,"column":25}},"2":{"start":{"line":19,"column":2},"end":{"line":37,"column":4}}},"fnMap":{"0":{"name":"RootLayout","decl":{"start":{"line":16,"column":24},"end":{"line":16,"column":34}},"loc":{"start":{"line":16,"column":37},"end":{"line":38,"column":1}},"line":16}},"branchMap":{},"s":{"0":0,"1":0,"2":0},"f":{"0":0},"b":{}}
,"/Users/freddiedebruyn/Documents/SEP/2025-SecondhandMarketplace2/frontend/app/(tabs)/_layout.tsx": {"path":"/Users/freddiedebruyn/Documents/SEP/2025-SecondhandMarketplace2/frontend/app/(tabs)/_layout.tsx","statementMap":{"0":{"start":{"line":11,"column":2},"end":{"line":104,"column":4}},"1":{"start":{"line":60,"column":37},"end":{"line":60,"column":97}},"2":{"start":{"line":68,"column":37},"end":{"line":68,"column":98}},"3":{"start":{"line":76,"column":37},"end":{"line":76,"column":91}},"4":{"start":{"line":86,"column":37},"end":{"line":86,"column":93}},"5":{"start":{"line":94,"column":37},"end":{"line":94,"column":94}}},"fnMap":{"0":{"name":"TabLayout","decl":{"start":{"line":10,"column":24},"end":{"line":10,"column":33}},"loc":{"start":{"line":10,"column":36},"end":{"line":105,"column":1}},"line":10},"1":{"name":"(anonymous_1)","decl":{"start":{"line":60,"column":22},"end":{"line":60,"column":23}},"loc":{"start":{"line":60,"column":37},"end":{"line":60,"column":97}},"line":60},"2":{"name":"(anonymous_2)","decl":{"start":{"line":68,"column":22},"end":{"line":68,"column":23}},"loc":{"start":{"line":68,"column":37},"end":{"line":68,"column":98}},"line":68},"3":{"name":"(anonymous_3)","decl":{"start":{"line":76,"column":22},"end":{"line":76,"column":23}},"loc":{"start":{"line":76,"column":37},"end":{"line":76,"column":91}},"line":76},"4":{"name":"(anonymous_4)","decl":{"start":{"line":86,"column":22},"end":{"line":86,"column":23}},"loc":{"start":{"line":86,"column":37},"end":{"line":86,"column":93}},"line":86},"5":{"name":"(anonymous_5)","decl":{"start":{"line":94,"column":22},"end":{"line":94,"column":23}},"loc":{"start":{"line":94,"column":37},"end":{"line":94,"column":94}},"line":94}},"branchMap":{},"s":{"0":3,"1":3,"2":3,"3":3,"4":3,"5":3},"f":{"0":3,"1":3,"2":3,"3":3,"4":3,"5":3},"b":{},"_coverageSchema":"1a1c01bbd47fc00a2c39e90264f33305004495a9","hash":"ce2aa6469e09716f42a18c6a8f380c3533f0bed3"}
,"/Users/freddiedebruyn/Documents/SEP/2025-SecondhandMarketplace2/frontend/app/(tabs)/explore.tsx": {"path":"/Users/freddiedebruyn/Documents/SEP/2025-SecondhandMarketplace2/frontend/app/(tabs)/explore.tsx","statementMap":{"0":{"start":{"line":14,"column":55},"end":{"line":14,"column":79}},"1":{"start":{"line":15,"column":20},"end":{"line":15,"column":22}},"2":{"start":{"line":16,"column":19},"end":{"line":16,"column":49}},"3":{"start":{"line":17,"column":20},"end":{"line":17,"column":41}},"4":{"start":{"line":18,"column":18},"end":{"line":18,"column":49}},"5":{"start":{"line":19,"column":17},"end":{"line":19,"column":69}},"6":{"start":{"line":21,"column":20},"end":{"line":21,"column":29}},"7":{"start":{"line":27,"column":17},"end":{"line":27,"column":28}},"8":{"start":{"line":28,"column":53},"end":{"line":28,"column":68}},"9":{"start":{"line":29,"column":72},"end":{"line":29,"column":87}},"10":{"start":{"line":30,"column":17},"end":{"line":30,"column":30}},"11":{"start":{"line":31,"column":25},"end":{"line":34,"column":3}},"12":{"start":{"line":32,"column":10},"end":{"line":32,"column":61}},"13":{"start":{"line":32,"column":40},"end":{"line":32,"column":60}},"14":{"start":{"line":35,"column":23},"end":{"line":38,"column":3}},"15":{"start":{"line":36,"column":10},"end":{"line":36,"column":62}},"16":{"start":{"line":36,"column":40},"end":{"line":36,"column":61}},"17":{"start":{"line":39,"column":42},"end":{"line":39,"column":75}},"18":{"start":{"line":40,"column":40},"end":{"line":40,"column":73}},"19":{"start":{"line":41,"column":42},"end":{"line":41,"column":56}},"20":{"start":{"line":42,"column":54},"end":{"line":42,"column":69}},"21":{"start":{"line":43,"column":56},"end":{"line":43,"column":85}},"22":{"start":{"line":45,"column":2},"end":{"line":50,"column":21}},"23":{"start":{"line":46,"column":4},"end":{"line":49,"column":7}},"24":{"start":{"line":47,"column":6},"end":{"line":47,"column":54}},"25":{"start":{"line":47,"column":29},"end":{"line":47,"column":54}},"26":{"start":{"line":48,"column":6},"end":{"line":48,"column":84}},"27":{"start":{"line":48,"column":32},"end":{"line":48,"column":82}},"28":{"start":{"line":48,"column":57},"end":{"line":48,"column":73}},"29":{"start":{"line":52,"column":2},"end":{"line":57,"column":4}},"30":{"start":{"line":54,"column":6},"end":{"line":54,"column":35}},"31":{"start":{"line":55,"column":6},"end":{"line":55,"column":35}},"32":{"start":{"line":60,"column":4},"end":{"line":60,"column":172}},"33":{"start":{"line":62,"column":27},"end":{"line":71,"column":3}},"34":{"start":{"line":63,"column":4},"end":{"line":63,"column":38}},"35":{"start":{"line":63,"column":31},"end":{"line":63,"column":38}},"36":{"start":{"line":64,"column":19},"end":{"line":64,"column":29}},"37":{"start":{"line":65,"column":18},"end":{"line":65,"column":51}},"38":{"start":{"line":66,"column":41},"end":{"line":69,"column":7}},"39":{"start":{"line":66,"column":82},"end":{"line":69,"column":5}},"40":{"start":{"line":70,"column":4},"end":{"line":70,"column":52}},"41":{"start":{"line":70,"column":29},"end":{"line":70,"column":50}},"42":{"start":{"line":73,"column":26},"end":{"line":75,"column":3}},"43":{"start":{"line":74,"column":4},"end":{"line":74,"column":62}},"44":{"start":{"line":74,"column":29},"end":{"line":74,"column":60}},"45":{"start":{"line":74,"column":48},"end":{"line":74,"column":59}},"46":{"start":{"line":77,"column":28},"end":{"line":80,"column":3}},"47":{"start":{"line":78,"column":4},"end":{"line":78,"column":33}},"48":{"start":{"line":79,"column":4},"end":{"line":79,"column":47}},"49":{"start":{"line":79,"column":28},"end":{"line":79,"column":45}},"50":{"start":{"line":82,"column":31},"end":{"line":99,"column":3}},"51":{"start":{"line":83,"column":4},"end":{"line":83,"column":32}},"52":{"start":{"line":84,"column":4},"end":{"line":98,"column":5}},"53":{"start":{"line":85,"column":6},"end":{"line":85,"column":40}},"54":{"start":{"line":86,"column":6},"end":{"line":97,"column":7}},"55":{"start":{"line":87,"column":8},"end":{"line":87,"column":47}},"56":{"start":{"line":88,"column":8},"end":{"line":96,"column":10}},"57":{"start":{"line":101,"column":21},"end":{"line":104,"column":3}},"58":{"start":{"line":102,"column":4},"end":{"line":102,"column":33}},"59":{"start":{"line":103,"column":4},"end":{"line":103,"column":39}},"60":{"start":{"line":106,"column":22},"end":{"line":106,"column":92}},"61":{"start":{"line":107,"column":27},"end":{"line":107,"column":72}},"62":{"start":{"line":109,"column":21},"end":{"line":124,"column":3}},"63":{"start":{"line":110,"column":4},"end":{"line":110,"column":29}},"64":{"start":{"line":110,"column":22},"end":{"line":110,"column":29}},"65":{"start":{"line":111,"column":4},"end":{"line":111,"column":38}},"66":{"start":{"line":112,"column":4},"end":{"line":123,"column":5}},"67":{"start":{"line":113,"column":6},"end":{"line":113,"column":45}},"68":{"start":{"line":114,"column":6},"end":{"line":122,"column":8}},"69":{"start":{"line":126,"column":24},"end":{"line":138,"column":3}},"70":{"start":{"line":127,"column":24},"end":{"line":127,"column":61}},"71":{"start":{"line":128,"column":4},"end":{"line":137,"column":5}},"72":{"start":{"line":129,"column":6},"end":{"line":136,"column":9}},"73":{"start":{"line":140,"column":2},"end":{"line":378,"column":4}},"74":{"start":{"line":157,"column":10},"end":{"line":308,"column":23}},"75":{"start":{"line":180,"column":42},"end":{"line":184,"column":19}},"76":{"start":{"line":185,"column":33},"end":{"line":185,"column":71}},"77":{"start":{"line":185,"column":65},"end":{"line":185,"column":70}},"78":{"start":{"line":197,"column":22},"end":{"line":197,"column":51}},"79":{"start":{"line":198,"column":22},"end":{"line":198,"column":51}},"80":{"start":{"line":210,"column":43},"end":{"line":210,"column":76}},"81":{"start":{"line":211,"column":26},"end":{"line":253,"column":28}},"82":{"start":{"line":218,"column":45},"end":{"line":218,"column":78}},"83":{"start":{"line":238,"column":36},"end":{"line":246,"column":38}},"84":{"start":{"line":260,"column":42},"end":{"line":260,"column":100}},"85":{"start":{"line":261,"column":33},"end":{"line":261,"column":57}},"86":{"start":{"line":261,"column":54},"end":{"line":261,"column":56}},"87":{"start":{"line":315,"column":36},"end":{"line":315,"column":106}},"88":{"start":{"line":316,"column":27},"end":{"line":316,"column":52}},"89":{"start":{"line":322,"column":36},"end":{"line":322,"column":126}},"90":{"start":{"line":328,"column":36},"end":{"line":328,"column":106}},"91":{"start":{"line":342,"column":10},"end":{"line":349,"column":12}},"92":{"start":{"line":346,"column":28},"end":{"line":346,"column":49}},"93":{"start":{"line":366,"column":41},"end":{"line":366,"column":57}},"94":{"start":{"line":381,"column":15},"end":{"line":718,"column":2}}},"fnMap":{"0":{"name":"Explore","decl":{"start":{"line":26,"column":24},"end":{"line":26,"column":31}},"loc":{"start":{"line":26,"column":34},"end":{"line":379,"column":1}},"line":26},"1":{"name":"(anonymous_1)","decl":{"start":{"line":32,"column":4},"end":{"line":32,"column":5}},"loc":{"start":{"line":32,"column":10},"end":{"line":32,"column":61}},"line":32},"2":{"name":"(anonymous_2)","decl":{"start":{"line":32,"column":30},"end":{"line":32,"column":31}},"loc":{"start":{"line":32,"column":40},"end":{"line":32,"column":60}},"line":32},"3":{"name":"(anonymous_3)","decl":{"start":{"line":36,"column":4},"end":{"line":36,"column":5}},"loc":{"start":{"line":36,"column":10},"end":{"line":36,"column":62}},"line":36},"4":{"name":"(anonymous_4)","decl":{"start":{"line":36,"column":30},"end":{"line":36,"column":31}},"loc":{"start":{"line":36,"column":40},"end":{"line":36,"column":61}},"line":36},"5":{"name":"(anonymous_5)","decl":{"start":{"line":45,"column":12},"end":{"line":45,"column":13}},"loc":{"start":{"line":45,"column":18},"end":{"line":50,"column":3}},"line":45},"6":{"name":"(anonymous_6)","decl":{"start":{"line":46,"column":20},"end":{"line":46,"column":21}},"loc":{"start":{"line":46,"column":30},"end":{"line":49,"column":5}},"line":46},"7":{"name":"(anonymous_7)","decl":{"start":{"line":48,"column":22},"end":{"line":48,"column":23}},"loc":{"start":{"line":48,"column":32},"end":{"line":48,"column":82}},"line":48},"8":{"name":"(anonymous_8)","decl":{"start":{"line":48,"column":50},"end":{"line":48,"column":51}},"loc":{"start":{"line":48,"column":57},"end":{"line":48,"column":73}},"line":48},"9":{"name":"(anonymous_9)","decl":{"start":{"line":53,"column":16},"end":{"line":53,"column":17}},"loc":{"start":{"line":53,"column":22},"end":{"line":56,"column":5}},"line":53},"10":{"name":"(anonymous_10)","decl":{"start":{"line":62,"column":27},"end":{"line":62,"column":28}},"loc":{"start":{"line":62,"column":60},"end":{"line":71,"column":3}},"line":62},"11":{"name":"(anonymous_11)","decl":{"start":{"line":66,"column":71},"end":{"line":66,"column":72}},"loc":{"start":{"line":66,"column":82},"end":{"line":69,"column":5}},"line":66},"12":{"name":"(anonymous_12)","decl":{"start":{"line":70,"column":19},"end":{"line":70,"column":20}},"loc":{"start":{"line":70,"column":29},"end":{"line":70,"column":50}},"line":70},"13":{"name":"(anonymous_13)","decl":{"start":{"line":73,"column":26},"end":{"line":73,"column":27}},"loc":{"start":{"line":73,"column":42},"end":{"line":75,"column":3}},"line":73},"14":{"name":"(anonymous_14)","decl":{"start":{"line":74,"column":19},"end":{"line":74,"column":20}},"loc":{"start":{"line":74,"column":29},"end":{"line":74,"column":60}},"line":74},"15":{"name":"(anonymous_15)","decl":{"start":{"line":74,"column":41},"end":{"line":74,"column":42}},"loc":{"start":{"line":74,"column":48},"end":{"line":74,"column":59}},"line":74},"16":{"name":"(anonymous_16)","decl":{"start":{"line":77,"column":28},"end":{"line":77,"column":29}},"loc":{"start":{"line":77,"column":62},"end":{"line":80,"column":3}},"line":77},"17":{"name":"(anonymous_17)","decl":{"start":{"line":79,"column":20},"end":{"line":79,"column":21}},"loc":{"start":{"line":79,"column":28},"end":{"line":79,"column":45}},"line":79},"18":{"name":"(anonymous_18)","decl":{"start":{"line":82,"column":31},"end":{"line":82,"column":32}},"loc":{"start":{"line":82,"column":64},"end":{"line":99,"column":3}},"line":82},"19":{"name":"(anonymous_19)","decl":{"start":{"line":101,"column":21},"end":{"line":101,"column":22}},"loc":{"start":{"line":101,"column":27},"end":{"line":104,"column":3}},"line":101},"20":{"name":"(anonymous_20)","decl":{"start":{"line":109,"column":21},"end":{"line":109,"column":22}},"loc":{"start":{"line":109,"column":27},"end":{"line":124,"column":3}},"line":109},"21":{"name":"(anonymous_21)","decl":{"start":{"line":126,"column":24},"end":{"line":126,"column":25}},"loc":{"start":{"line":126,"column":30},"end":{"line":138,"column":3}},"line":126},"22":{"name":"(anonymous_22)","decl":{"start":{"line":156,"column":26},"end":{"line":156,"column":27}},"loc":{"start":{"line":157,"column":10},"end":{"line":308,"column":23}},"line":157},"23":{"name":"(anonymous_23)","decl":{"start":{"line":180,"column":25},"end":{"line":180,"column":26}},"loc":{"start":{"line":180,"column":42},"end":{"line":184,"column":19}},"line":180},"24":{"name":"(anonymous_24)","decl":{"start":{"line":185,"column":27},"end":{"line":185,"column":28}},"loc":{"start":{"line":185,"column":33},"end":{"line":185,"column":71}},"line":185},"25":{"name":"(anonymous_25)","decl":{"start":{"line":185,"column":55},"end":{"line":185,"column":56}},"loc":{"start":{"line":185,"column":65},"end":{"line":185,"column":70}},"line":185},"26":{"name":"(anonymous_26)","decl":{"start":{"line":196,"column":29},"end":{"line":196,"column":30}},"loc":{"start":{"line":196,"column":35},"end":{"line":199,"column":21}},"line":196},"27":{"name":"(anonymous_27)","decl":{"start":{"line":209,"column":44},"end":{"line":209,"column":45}},"loc":{"start":{"line":209,"column":56},"end":{"line":254,"column":25}},"line":209},"28":{"name":"(anonymous_28)","decl":{"start":{"line":218,"column":39},"end":{"line":218,"column":40}},"loc":{"start":{"line":218,"column":45},"end":{"line":218,"column":78}},"line":218},"29":{"name":"(anonymous_29)","decl":{"start":{"line":237,"column":43},"end":{"line":237,"column":44}},"loc":{"start":{"line":238,"column":36},"end":{"line":246,"column":38}},"line":238},"30":{"name":"(anonymous_30)","decl":{"start":{"line":260,"column":25},"end":{"line":260,"column":26}},"loc":{"start":{"line":260,"column":42},"end":{"line":260,"column":100}},"line":260},"31":{"name":"(anonymous_31)","decl":{"start":{"line":261,"column":27},"end":{"line":261,"column":28}},"loc":{"start":{"line":261,"column":33},"end":{"line":261,"column":57}},"line":261},"32":{"name":"(anonymous_32)","decl":{"start":{"line":261,"column":49},"end":{"line":261,"column":50}},"loc":{"start":{"line":261,"column":54},"end":{"line":261,"column":56}},"line":261},"33":{"name":"(anonymous_33)","decl":{"start":{"line":315,"column":19},"end":{"line":315,"column":20}},"loc":{"start":{"line":315,"column":36},"end":{"line":315,"column":106}},"line":315},"34":{"name":"(anonymous_34)","decl":{"start":{"line":316,"column":21},"end":{"line":316,"column":22}},"loc":{"start":{"line":316,"column":27},"end":{"line":316,"column":52}},"line":316},"35":{"name":"(anonymous_35)","decl":{"start":{"line":322,"column":19},"end":{"line":322,"column":20}},"loc":{"start":{"line":322,"column":36},"end":{"line":322,"column":126}},"line":322},"36":{"name":"(anonymous_36)","decl":{"start":{"line":328,"column":19},"end":{"line":328,"column":20}},"loc":{"start":{"line":328,"column":36},"end":{"line":328,"column":106}},"line":328},"37":{"name":"(anonymous_37)","decl":{"start":{"line":341,"column":25},"end":{"line":341,"column":26}},"loc":{"start":{"line":342,"column":10},"end":{"line":349,"column":12}},"line":342},"38":{"name":"(anonymous_38)","decl":{"start":{"line":346,"column":22},"end":{"line":346,"column":23}},"loc":{"start":{"line":346,"column":28},"end":{"line":346,"column":49}},"line":346},"39":{"name":"(anonymous_39)","decl":{"start":{"line":366,"column":31},"end":{"line":366,"column":32}},"loc":{"start":{"line":366,"column":41},"end":{"line":366,"column":57}},"line":366}},"branchMap":{"0":{"loc":{"start":{"line":47,"column":6},"end":{"line":47,"column":54}},"type":"if","locations":[{"start":{"line":47,"column":6},"end":{"line":47,"column":54}},{"start":{},"end":{}}],"line":47},"1":{"loc":{"start":{"line":48,"column":32},"end":{"line":48,"column":82}},"type":"binary-expr","locations":[{"start":{"line":48,"column":32},"end":{"line":48,"column":74}},{"start":{"line":48,"column":78},"end":{"line":48,"column":82}}],"line":48},"2":{"loc":{"start":{"line":63,"column":4},"end":{"line":63,"column":38}},"type":"if","locations":[{"start":{"line":63,"column":4},"end":{"line":63,"column":38}},{"start":{},"end":{}}],"line":63},"3":{"loc":{"start":{"line":84,"column":4},"end":{"line":98,"column":5}},"type":"if","locations":[{"start":{"line":84,"column":4},"end":{"line":98,"column":5}},{"start":{},"end":{}}],"line":84},"4":{"loc":{"start":{"line":84,"column":8},"end":{"line":84,"column":44}},"type":"binary-expr","locations":[{"start":{"line":84,"column":8},"end":{"line":84,"column":29}},{"start":{"line":84,"column":33},"end":{"line":84,"column":44}}],"line":84},"5":{"loc":{"start":{"line":86,"column":6},"end":{"line":97,"column":7}},"type":"if","locations":[{"start":{"line":86,"column":6},"end":{"line":97,"column":7}},{"start":{},"end":{}}],"line":86},"6":{"loc":{"start":{"line":106,"column":22},"end":{"line":106,"column":92}},"type":"cond-expr","locations":[{"start":{"line":106,"column":48},"end":{"line":106,"column":85}},{"start":{"line":106,"column":88},"end":{"line":106,"column":92}}],"line":106},"7":{"loc":{"start":{"line":107,"column":27},"end":{"line":107,"column":72}},"type":"cond-expr","locations":[{"start":{"line":107,"column":41},"end":{"line":107,"column":64}},{"start":{"line":107,"column":67},"end":{"line":107,"column":72}}],"line":107},"8":{"loc":{"start":{"line":110,"column":4},"end":{"line":110,"column":29}},"type":"if","locations":[{"start":{"line":110,"column":4},"end":{"line":110,"column":29}},{"start":{},"end":{}}],"line":110},"9":{"loc":{"start":{"line":112,"column":4},"end":{"line":123,"column":5}},"type":"if","locations":[{"start":{"line":112,"column":4},"end":{"line":123,"column":5}},{"start":{},"end":{}}],"line":112},"10":{"loc":{"start":{"line":128,"column":4},"end":{"line":137,"column":5}},"type":"if","locations":[{"start":{"line":128,"column":4},"end":{"line":137,"column":5}},{"start":{},"end":{}}],"line":128},"11":{"loc":{"start":{"line":142,"column":7},"end":{"line":376,"column":7}},"type":"cond-expr","locations":[{"start":{"line":143,"column":8},"end":{"line":146,"column":15}},{"start":{"line":148,"column":6},"end":{"line":375,"column":9}}],"line":142},"12":{"loc":{"start":{"line":160,"column":27},"end":{"line":160,"column":78}},"type":"cond-expr","locations":[{"start":{"line":160,"column":63},"end":{"line":160,"column":69}},{"start":{"line":160,"column":72},"end":{"line":160,"column":78}}],"line":160},"13":{"loc":{"start":{"line":177,"column":13},"end":{"line":307,"column":13}},"type":"binary-expr","locations":[{"start":{"line":177,"column":13},"end":{"line":177,"column":46}},{"start":{"line":178,"column":14},"end":{"line":306,"column":17}}],"line":177},"14":{"loc":{"start":{"line":182,"column":20},"end":{"line":182,"column":56}},"type":"binary-expr","locations":[{"start":{"line":182,"column":20},"end":{"line":182,"column":27}},{"start":{"line":182,"column":31},"end":{"line":182,"column":56}}],"line":182},"15":{"loc":{"start":{"line":183,"column":20},"end":{"line":183,"column":69}},"type":"binary-expr","locations":[{"start":{"line":183,"column":20},"end":{"line":183,"column":38}},{"start":{"line":183,"column":42},"end":{"line":183,"column":69}}],"line":183},"16":{"loc":{"start":{"line":190,"column":27},"end":{"line":190,"column":71}},"type":"cond-expr","locations":[{"start":{"line":190,"column":48},"end":{"line":190,"column":57}},{"start":{"line":190,"column":60},"end":{"line":190,"column":71}}],"line":190},"17":{"loc":{"start":{"line":193,"column":17},"end":{"line":201,"column":17}},"type":"binary-expr","locations":[{"start":{"line":193,"column":17},"end":{"line":193,"column":35}},{"start":{"line":194,"column":18},"end":{"line":200,"column":20}}],"line":193},"18":{"loc":{"start":{"line":202,"column":17},"end":{"line":258,"column":17}},"type":"binary-expr","locations":[{"start":{"line":202,"column":17},"end":{"line":202,"column":35}},{"start":{"line":203,"column":18},"end":{"line":257,"column":25}}],"line":202},"19":{"loc":{"start":{"line":205,"column":21},"end":{"line":256,"column":21}},"type":"cond-expr","locations":[{"start":{"line":206,"column":22},"end":{"line":206,"column":85}},{"start":{"line":208,"column":22},"end":{"line":255,"column":25}}],"line":205},"20":{"loc":{"start":{"line":216,"column":32},"end":{"line":216,"column":74}},"type":"binary-expr","locations":[{"start":{"line":216,"column":32},"end":{"line":216,"column":40}},{"start":{"line":216,"column":44},"end":{"line":216,"column":74}}],"line":216},"21":{"loc":{"start":{"line":229,"column":34},"end":{"line":229,"column":80}},"type":"binary-expr","locations":[{"start":{"line":229,"column":34},"end":{"line":229,"column":42}},{"start":{"line":229,"column":46},"end":{"line":229,"column":80}}],"line":229},"22":{"loc":{"start":{"line":234,"column":31},"end":{"line":251,"column":31}},"type":"binary-expr","locations":[{"start":{"line":234,"column":31},"end":{"line":234,"column":39}},{"start":{"line":235,"column":32},"end":{"line":250,"column":44}}],"line":234},"23":{"loc":{"start":{"line":260,"column":63},"end":{"line":260,"column":99}},"type":"binary-expr","locations":[{"start":{"line":260,"column":63},"end":{"line":260,"column":70}},{"start":{"line":260,"column":74},"end":{"line":260,"column":99}}],"line":260},"24":{"loc":{"start":{"line":265,"column":28},"end":{"line":265,"column":76}},"type":"cond-expr","locations":[{"start":{"line":265,"column":43},"end":{"line":265,"column":60}},{"start":{"line":265,"column":63},"end":{"line":265,"column":76}}],"line":265},"25":{"loc":{"start":{"line":271,"column":17},"end":{"line":305,"column":17}},"type":"binary-expr","locations":[{"start":{"line":271,"column":17},"end":{"line":271,"column":29}},{"start":{"line":272,"column":14},"end":{"line":304,"column":21}}],"line":271},"26":{"loc":{"start":{"line":312,"column":7},"end":{"line":338,"column":7}},"type":"binary-expr","locations":[{"start":{"line":312,"column":7},"end":{"line":312,"column":30}},{"start":{"line":313,"column":8},"end":{"line":337,"column":15}}],"line":312},"27":{"loc":{"start":{"line":315,"column":74},"end":{"line":315,"column":105}},"type":"binary-expr","locations":[{"start":{"line":315,"column":74},"end":{"line":315,"column":81}},{"start":{"line":315,"column":85},"end":{"line":315,"column":105}}],"line":315},"28":{"loc":{"start":{"line":322,"column":94},"end":{"line":322,"column":125}},"type":"binary-expr","locations":[{"start":{"line":322,"column":94},"end":{"line":322,"column":101}},{"start":{"line":322,"column":105},"end":{"line":322,"column":125}}],"line":322},"29":{"loc":{"start":{"line":328,"column":74},"end":{"line":328,"column":105}},"type":"binary-expr","locations":[{"start":{"line":328,"column":74},"end":{"line":328,"column":81}},{"start":{"line":328,"column":85},"end":{"line":328,"column":105}}],"line":328},"30":{"loc":{"start":{"line":332,"column":20},"end":{"line":332,"column":64}},"type":"cond-expr","locations":[{"start":{"line":332,"column":39},"end":{"line":332,"column":46}},{"start":{"line":332,"column":49},"end":{"line":332,"column":64}}],"line":332},"31":{"loc":{"start":{"line":353,"column":7},"end":{"line":374,"column":7}},"type":"binary-expr","locations":[{"start":{"line":353,"column":7},"end":{"line":353,"column":32}},{"start":{"line":354,"column":8},"end":{"line":373,"column":15}}],"line":353},"32":{"loc":{"start":{"line":366,"column":11},"end":{"line":372,"column":11}},"type":"binary-expr","locations":[{"start":{"line":366,"column":11},"end":{"line":366,"column":58}},{"start":{"line":367,"column":12},"end":{"line":371,"column":19}}],"line":366}},"s":{"0":1,"1":1,"2":1,"3":1,"4":1,"5":1,"6":1,"7":23,"8":23,"9":23,"10":23,"11":23,"12":8,"13":39,"14":23,"15":8,"16":39,"17":23,"18":23,"19":23,"20":23,"21":23,"22":23,"23":8,"24":8,"25":8,"26":0,"27":0,"28":0,"29":23,"30":8,"31":8,"32":23,"33":23,"34":1,"35":0,"36":1,"37":1,"38":1,"39":2,"40":1,"41":1,"42":23,"43":0,"44":0,"45":0,"46":23,"47":3,"48":3,"49":3,"50":23,"51":1,"52":1,"53":1,"54":1,"55":0,"56":0,"57":23,"58":1,"59":1,"60":23,"61":23,"62":23,"63":0,"64":0,"65":0,"66":0,"67":0,"68":0,"69":23,"70":1,"71":1,"72":1,"73":23,"74":55,"75":13,"76":1,"77":1,"78":0,"79":0,"80":2,"81":2,"82":1,"83":1,"84":13,"85":0,"86":0,"87":13,"88":0,"89":13,"90":13,"91":2,"92":0,"93":8,"94":1},"f":{"0":23,"1":8,"2":39,"3":8,"4":39,"5":8,"6":8,"7":0,"8":0,"9":8,"10":1,"11":2,"12":1,"13":0,"14":0,"15":0,"16":3,"17":3,"18":1,"19":1,"20":0,"21":1,"22":55,"23":13,"24":1,"25":1,"26":0,"27":2,"28":1,"29":1,"30":13,"31":0,"32":0,"33":13,"34":0,"35":13,"36":13,"37":2,"38":0,"39":8},"b":{"0":[8,0],"1":[0,0],"2":[0,1],"3":[1,0],"4":[1,1],"5":[0,1],"6":[13,10],"7":[13,10],"8":[0,0],"9":[0,0],"10":[1,0],"11":[2,21],"12":[13,42],"13":[55,13],"14":[13,0],"15":[13,2],"16":[2,11],"17":[13,2],"18":[13,2],"19":[0,2],"20":[2,1],"21":[2,1],"22":[2,1],"23":[13,0],"24":[13,0],"25":[13,13],"26":[21,13],"27":[13,0],"28":[13,0],"29":[13,0],"30":[0,13],"31":[21,8],"32":[8,8]},"_coverageSchema":"1a1c01bbd47fc00a2c39e90264f33305004495a9","hash":"b4bbb4e0232e9f686bad8da9e5341b6e3655b06b"}
,"/Users/freddiedebruyn/Documents/SEP/2025-SecondhandMarketplace2/frontend/app/(tabs)/index.tsx": {"path":"/Users/freddiedebruyn/Documents/SEP/2025-SecondhandMarketplace2/frontend/app/(tabs)/index.tsx","statementMap":{"0":{"start":{"line":28,"column":17},"end":{"line":28,"column":28}},"1":{"start":{"line":29,"column":28},"end":{"line":29,"column":40}},"2":{"start":{"line":30,"column":50},"end":{"line":30,"column":79}},"3":{"start":{"line":31,"column":58},"end":{"line":31,"column":73}},"4":{"start":{"line":32,"column":17},"end":{"line":32,"column":36}},"5":{"start":{"line":33,"column":34},"end":{"line":33,"column":49}},"6":{"start":{"line":34,"column":62},"end":{"line":34,"column":77}},"7":{"start":{"line":35,"column":42},"end":{"line":35,"column":75}},"8":{"start":{"line":37,"column":2},"end":{"line":37,"column":97}},"9":{"start":{"line":39,"column":2},"end":{"line":41,"column":21}},"10":{"start":{"line":40,"column":4},"end":{"line":40,"column":39}},"11":{"start":{"line":43,"column":19},"end":{"line":62,"column":45}},"12":{"start":{"line":44,"column":15},"end":{"line":44,"column":27}},"13":{"start":{"line":45,"column":4},"end":{"line":54,"column":5}},"14":{"start":{"line":46,"column":18},"end":{"line":46,"column":48}},"15":{"start":{"line":47,"column":6},"end":{"line":53,"column":9}},"16":{"start":{"line":48,"column":20},"end":{"line":48,"column":52}},"17":{"start":{"line":49,"column":8},"end":{"line":49,"column":43}},"18":{"start":{"line":49,"column":31},"end":{"line":49,"column":43}},"19":{"start":{"line":50,"column":8},"end":{"line":50,"column":69}},"20":{"start":{"line":50,"column":57},"end":{"line":50,"column":69}},"21":{"start":{"line":51,"column":8},"end":{"line":51,"column":111}},"22":{"start":{"line":51,"column":99},"end":{"line":51,"column":111}},"23":{"start":{"line":52,"column":8},"end":{"line":52,"column":21}},"24":{"start":{"line":55,"column":14},"end":{"line":55,"column":40}},"25":{"start":{"line":56,"column":4},"end":{"line":56,"column":24}},"26":{"start":{"line":56,"column":12},"end":{"line":56,"column":24}},"27":{"start":{"line":57,"column":4},"end":{"line":61,"column":6}},"28":{"start":{"line":58,"column":6},"end":{"line":60,"column":50}},"29":{"start":{"line":65,"column":2},"end":{"line":65,"column":170}},"30":{"start":{"line":67,"column":2},"end":{"line":248,"column":4}},"31":{"start":{"line":77,"column":29},"end":{"line":77,"column":58}},"32":{"start":{"line":100,"column":32},"end":{"line":100,"column":62}},"33":{"start":{"line":103,"column":70},"end":{"line":103,"column":100}},"34":{"start":{"line":107,"column":42},"end":{"line":107,"column":72}},"35":{"start":{"line":111,"column":42},"end":{"line":111,"column":68}},"36":{"start":{"line":111,"column":69},"end":{"line":111,"column":100}},"37":{"start":{"line":117,"column":40},"end":{"line":117,"column":47}},"38":{"start":{"line":119,"column":18},"end":{"line":129,"column":37}},"39":{"start":{"line":122,"column":22},"end":{"line":122,"column":53}},"40":{"start":{"line":123,"column":22},"end":{"line":123,"column":53}},"41":{"start":{"line":143,"column":43},"end":{"line":147,"column":15}},"42":{"start":{"line":145,"column":18},"end":{"line":146,"column":64}},"43":{"start":{"line":148,"column":40},"end":{"line":148,"column":100}},"44":{"start":{"line":149,"column":14},"end":{"line":242,"column":13}},"45":{"start":{"line":152,"column":42},"end":{"line":152,"column":94}},"46":{"start":{"line":154,"column":20},"end":{"line":154,"column":82}},"47":{"start":{"line":155,"column":20},"end":{"line":162,"column":23}},"48":{"start":{"line":165,"column":20},"end":{"line":165,"column":81}},"49":{"start":{"line":166,"column":20},"end":{"line":173,"column":23}},"50":{"start":{"line":221,"column":24},"end":{"line":221,"column":46}},"51":{"start":{"line":222,"column":24},"end":{"line":225,"column":25}},"52":{"start":{"line":223,"column":26},"end":{"line":223,"column":74}},"53":{"start":{"line":224,"column":26},"end":{"line":224,"column":33}},"54":{"start":{"line":226,"column":24},"end":{"line":226,"column":44}},"55":{"start":{"line":251,"column":15},"end":{"line":406,"column":2}}},"fnMap":{"0":{"name":"HomeScreen","decl":{"start":{"line":27,"column":24},"end":{"line":27,"column":34}},"loc":{"start":{"line":27,"column":37},"end":{"line":249,"column":1}},"line":27},"1":{"name":"(anonymous_1)","decl":{"start":{"line":39,"column":12},"end":{"line":39,"column":13}},"loc":{"start":{"line":39,"column":18},"end":{"line":41,"column":3}},"line":39},"2":{"name":"(anonymous_2)","decl":{"start":{"line":43,"column":27},"end":{"line":43,"column":28}},"loc":{"start":{"line":43,"column":33},"end":{"line":62,"column":3}},"line":43},"3":{"name":"(anonymous_3)","decl":{"start":{"line":47,"column":25},"end":{"line":47,"column":26}},"loc":{"start":{"line":47,"column":32},"end":{"line":53,"column":7}},"line":47},"4":{"name":"(anonymous_4)","decl":{"start":{"line":57,"column":23},"end":{"line":57,"column":24}},"loc":{"start":{"line":58,"column":6},"end":{"line":60,"column":50}},"line":58},"5":{"name":"(anonymous_5)","decl":{"start":{"line":77,"column":23},"end":{"line":77,"column":24}},"loc":{"start":{"line":77,"column":29},"end":{"line":77,"column":58}},"line":77},"6":{"name":"(anonymous_6)","decl":{"start":{"line":100,"column":26},"end":{"line":100,"column":27}},"loc":{"start":{"line":100,"column":32},"end":{"line":100,"column":62}},"line":100},"7":{"name":"(anonymous_7)","decl":{"start":{"line":103,"column":64},"end":{"line":103,"column":65}},"loc":{"start":{"line":103,"column":70},"end":{"line":103,"column":100}},"line":103},"8":{"name":"(anonymous_8)","decl":{"start":{"line":107,"column":36},"end":{"line":107,"column":37}},"loc":{"start":{"line":107,"column":42},"end":{"line":107,"column":72}},"line":107},"9":{"name":"(anonymous_9)","decl":{"start":{"line":111,"column":34},"end":{"line":111,"column":35}},"loc":{"start":{"line":111,"column":40},"end":{"line":111,"column":102}},"line":111},"10":{"name":"(anonymous_10)","decl":{"start":{"line":117,"column":30},"end":{"line":117,"column":31}},"loc":{"start":{"line":117,"column":40},"end":{"line":117,"column":47}},"line":117},"11":{"name":"(anonymous_11)","decl":{"start":{"line":118,"column":28},"end":{"line":118,"column":29}},"loc":{"start":{"line":119,"column":18},"end":{"line":129,"column":37}},"line":119},"12":{"name":"(anonymous_12)","decl":{"start":{"line":121,"column":29},"end":{"line":121,"column":30}},"loc":{"start":{"line":121,"column":35},"end":{"line":124,"column":21}},"line":121},"13":{"name":"(anonymous_13)","decl":{"start":{"line":142,"column":29},"end":{"line":142,"column":30}},"loc":{"start":{"line":142,"column":39},"end":{"line":242,"column":14}},"line":142},"14":{"name":"(anonymous_14)","decl":{"start":{"line":144,"column":16},"end":{"line":144,"column":17}},"loc":{"start":{"line":145,"column":18},"end":{"line":146,"column":64}},"line":145},"15":{"name":"(anonymous_15)","decl":{"start":{"line":152,"column":25},"end":{"line":152,"column":26}},"loc":{"start":{"line":152,"column":42},"end":{"line":152,"column":94}},"line":152},"16":{"name":"(anonymous_16)","decl":{"start":{"line":153,"column":27},"end":{"line":153,"column":28}},"loc":{"start":{"line":153,"column":39},"end":{"line":163,"column":19}},"line":153},"17":{"name":"(anonymous_17)","decl":{"start":{"line":164,"column":31},"end":{"line":164,"column":32}},"loc":{"start":{"line":164,"column":43},"end":{"line":174,"column":19}},"line":164},"18":{"name":"(anonymous_18)","decl":{"start":{"line":220,"column":31},"end":{"line":220,"column":32}},"loc":{"start":{"line":220,"column":38},"end":{"line":227,"column":23}},"line":220}},"branchMap":{"0":{"loc":{"start":{"line":45,"column":4},"end":{"line":54,"column":5}},"type":"if","locations":[{"start":{"line":45,"column":4},"end":{"line":54,"column":5}},{"start":{},"end":{}}],"line":45},"1":{"loc":{"start":{"line":48,"column":21},"end":{"line":48,"column":37}},"type":"binary-expr","locations":[{"start":{"line":48,"column":21},"end":{"line":48,"column":31}},{"start":{"line":48,"column":35},"end":{"line":48,"column":37}}],"line":48},"2":{"loc":{"start":{"line":49,"column":8},"end":{"line":49,"column":43}},"type":"if","locations":[{"start":{"line":49,"column":8},"end":{"line":49,"column":43}},{"start":{},"end":{}}],"line":49},"3":{"loc":{"start":{"line":50,"column":8},"end":{"line":50,"column":69}},"type":"if","locations":[{"start":{"line":50,"column":8},"end":{"line":50,"column":69}},{"start":{},"end":{}}],"line":50},"4":{"loc":{"start":{"line":50,"column":12},"end":{"line":50,"column":55}},"type":"binary-expr","locations":[{"start":{"line":50,"column":12},"end":{"line":50,"column":26}},{"start":{"line":50,"column":30},"end":{"line":50,"column":55}}],"line":50},"5":{"loc":{"start":{"line":51,"column":8},"end":{"line":51,"column":111}},"type":"if","locations":[{"start":{"line":51,"column":8},"end":{"line":51,"column":111}},{"start":{},"end":{}}],"line":51},"6":{"loc":{"start":{"line":51,"column":12},"end":{"line":51,"column":97}},"type":"binary-expr","locations":[{"start":{"line":51,"column":12},"end":{"line":51,"column":35}},{"start":{"line":51,"column":40},"end":{"line":51,"column":63}},{"start":{"line":51,"column":67},"end":{"line":51,"column":96}}],"line":51},"7":{"loc":{"start":{"line":56,"column":4},"end":{"line":56,"column":24}},"type":"if","locations":[{"start":{"line":56,"column":4},"end":{"line":56,"column":24}},{"start":{},"end":{}}],"line":56},"8":{"loc":{"start":{"line":58,"column":6},"end":{"line":60,"column":50}},"type":"binary-expr","locations":[{"start":{"line":58,"column":6},"end":{"line":58,"column":39}},{"start":{"line":59,"column":6},"end":{"line":59,"column":45}},{"start":{"line":60,"column":6},"end":{"line":60,"column":50}}],"line":58},"9":{"loc":{"start":{"line":60,"column":7},"end":{"line":60,"column":23}},"type":"binary-expr","locations":[{"start":{"line":60,"column":7},"end":{"line":60,"column":17}},{"start":{"line":60,"column":21},"end":{"line":60,"column":23}}],"line":60},"10":{"loc":{"start":{"line":113,"column":17},"end":{"line":113,"column":93}},"type":"binary-expr","locations":[{"start":{"line":113,"column":17},"end":{"line":113,"column":34}},{"start":{"line":113,"column":38},"end":{"line":113,"column":93}}],"line":113},"11":{"loc":{"start":{"line":128,"column":21},"end":{"line":128,"column":110}},"type":"binary-expr","locations":[{"start":{"line":128,"column":21},"end":{"line":128,"column":51}},{"start":{"line":128,"column":55},"end":{"line":128,"column":110}}],"line":128},"12":{"loc":{"start":{"line":137,"column":13},"end":{"line":242,"column":15}},"type":"cond-expr","locations":[{"start":{"line":138,"column":14},"end":{"line":141,"column":21}},{"start":{"line":142,"column":16},"end":{"line":242,"column":15}}],"line":137},"13":{"loc":{"start":{"line":145,"column":18},"end":{"line":146,"column":64}},"type":"binary-expr","locations":[{"start":{"line":145,"column":18},"end":{"line":145,"column":61}},{"start":{"line":146,"column":19},"end":{"line":146,"column":37}},{"start":{"line":146,"column":41},"end":{"line":146,"column":63}}],"line":145},"14":{"loc":{"start":{"line":145,"column":19},"end":{"line":145,"column":42}},"type":"binary-expr","locations":[{"start":{"line":145,"column":19},"end":{"line":145,"column":25}},{"start":{"line":145,"column":29},"end":{"line":145,"column":42}}],"line":145},"15":{"loc":{"start":{"line":148,"column":40},"end":{"line":148,"column":100}},"type":"binary-expr","locations":[{"start":{"line":148,"column":40},"end":{"line":148,"column":75}},{"start":{"line":148,"column":79},"end":{"line":148,"column":100}}],"line":148},"16":{"loc":{"start":{"line":152,"column":68},"end":{"line":152,"column":93}},"type":"binary-expr","locations":[{"start":{"line":152,"column":68},"end":{"line":152,"column":75}},{"start":{"line":152,"column":79},"end":{"line":152,"column":93}}],"line":152},"17":{"loc":{"start":{"line":184,"column":21},"end":{"line":190,"column":21}},"type":"binary-expr","locations":[{"start":{"line":184,"column":21},"end":{"line":184,"column":53}},{"start":{"line":185,"column":22},"end":{"line":189,"column":29}}],"line":184},"18":{"loc":{"start":{"line":191,"column":21},"end":{"line":217,"column":21}},"type":"binary-expr","locations":[{"start":{"line":191,"column":21},"end":{"line":191,"column":54}},{"start":{"line":191,"column":59},"end":{"line":191,"column":76}},{"start":{"line":191,"column":80},"end":{"line":191,"column":100}},{"start":{"line":192,"column":22},"end":{"line":216,"column":29}}],"line":191},"19":{"loc":{"start":{"line":197,"column":43},"end":{"line":199,"column":61}},"type":"cond-expr","locations":[{"start":{"line":198,"column":34},"end":{"line":198,"column":65}},{"start":{"line":199,"column":34},"end":{"line":199,"column":61}}],"line":197},"20":{"loc":{"start":{"line":207,"column":39},"end":{"line":209,"column":63}},"type":"cond-expr","locations":[{"start":{"line":208,"column":36},"end":{"line":208,"column":67}},{"start":{"line":209,"column":36},"end":{"line":209,"column":63}}],"line":207},"21":{"loc":{"start":{"line":213,"column":29},"end":{"line":213,"column":78}},"type":"cond-expr","locations":[{"start":{"line":213,"column":52},"end":{"line":213,"column":65}},{"start":{"line":213,"column":68},"end":{"line":213,"column":78}}],"line":213},"22":{"loc":{"start":{"line":222,"column":24},"end":{"line":225,"column":25}},"type":"if","locations":[{"start":{"line":222,"column":24},"end":{"line":225,"column":25}},{"start":{},"end":{}}],"line":222},"23":{"loc":{"start":{"line":231,"column":30},"end":{"line":231,"column":74}},"type":"cond-expr","locations":[{"start":{"line":231,"column":49},"end":{"line":231,"column":56}},{"start":{"line":231,"column":59},"end":{"line":231,"column":74}}],"line":231},"24":{"loc":{"start":{"line":234,"column":31},"end":{"line":234,"column":71}},"type":"cond-expr","locations":[{"start":{"line":234,"column":50},"end":{"line":234,"column":59}},{"start":{"line":234,"column":62},"end":{"line":234,"column":71}}],"line":234}},"s":{"0":12,"1":12,"2":12,"3":12,"4":12,"5":12,"6":12,"7":12,"8":12,"9":12,"10":4,"11":12,"12":11,"13":11,"14":1,"15":1,"16":6,"17":6,"18":0,"19":6,"20":0,"21":6,"22":2,"23":4,"24":11,"25":11,"26":9,"27":2,"28":12,"29":12,"30":12,"31":1,"32":0,"33":0,"34":0,"35":0,"36":0,"37":8,"38":7,"39":1,"40":1,"41":34,"42":0,"43":34,"44":34,"45":34,"46":1,"47":1,"48":0,"49":0,"50":1,"51":1,"52":0,"53":0,"54":1,"55":1},"f":{"0":12,"1":4,"2":11,"3":6,"4":12,"5":1,"6":0,"7":0,"8":0,"9":0,"10":8,"11":7,"12":1,"13":34,"14":0,"15":34,"16":1,"17":0,"18":1},"b":{"0":[1,10],"1":[6,0],"2":[0,6],"3":[0,6],"4":[6,0],"5":[2,4],"6":[6,6,4],"7":[9,2],"8":[12,11,10],"9":[10,0],"10":[12,11],"11":[7,0],"12":[4,8],"13":[0,0,0],"14":[0,0],"15":[34,0],"16":[34,0],"17":[34,0],"18":[34,34,34,0],"19":[0,0],"20":[0,0],"21":[0,0],"22":[0,1],"23":[0,34],"24":[0,34]},"_coverageSchema":"1a1c01bbd47fc00a2c39e90264f33305004495a9","hash":"cb402c4a5efa90a5457d4bedcbc7d54ecce2933d"}
,"/Users/freddiedebruyn/Documents/SEP/2025-SecondhandMarketplace2/frontend/app/(tabs)/liked-items.tsx": {"path":"/Users/freddiedebruyn/Documents/SEP/2025-SecondhandMarketplace2/frontend/app/(tabs)/liked-items.tsx","statementMap":{"0":{"start":{"line":18,"column":2},"end":{"line":18,"column":170}},"1":{"start":{"line":20,"column":24},"end":{"line":20,"column":27}},"2":{"start":{"line":28,"column":23},"end":{"line":28,"column":92}},"3":{"start":{"line":28,"column":52},"end":{"line":28,"column":74}},"4":{"start":{"line":28,"column":87},"end":{"line":28,"column":91}},"5":{"start":{"line":30,"column":4},"end":{"line":35,"column":20}},"6":{"start":{"line":32,"column":39},"end":{"line":32,"column":59}},"7":{"start":{"line":33,"column":41},"end":{"line":33,"column":65}},"8":{"start":{"line":36,"column":2},"end":{"line":38,"column":39}},"9":{"start":{"line":37,"column":17},"end":{"line":37,"column":56}},"10":{"start":{"line":37,"column":44},"end":{"line":37,"column":55}},"11":{"start":{"line":38,"column":34},"end":{"line":38,"column":37}},"12":{"start":{"line":42,"column":17},"end":{"line":42,"column":36}},"13":{"start":{"line":43,"column":17},"end":{"line":43,"column":28}},"14":{"start":{"line":44,"column":77},"end":{"line":44,"column":92}},"15":{"start":{"line":45,"column":38},"end":{"line":45,"column":53}},"16":{"start":{"line":46,"column":42},"end":{"line":46,"column":66}},"17":{"start":{"line":47,"column":21},"end":{"line":47,"column":71}},"18":{"start":{"line":49,"column":21},"end":{"line":49,"column":63}},"19":{"start":{"line":51,"column":22},"end":{"line":51,"column":59}},"20":{"start":{"line":51,"column":44},"end":{"line":51,"column":48}},"21":{"start":{"line":52,"column":2},"end":{"line":54,"column":20}},"22":{"start":{"line":53,"column":4},"end":{"line":53,"column":32}},"23":{"start":{"line":56,"column":2},"end":{"line":62,"column":4}},"24":{"start":{"line":58,"column":6},"end":{"line":60,"column":8}},"25":{"start":{"line":59,"column":8},"end":{"line":59,"column":29}},"26":{"start":{"line":64,"column":23},"end":{"line":70,"column":3}},"27":{"start":{"line":65,"column":4},"end":{"line":65,"column":61}},"28":{"start":{"line":65,"column":28},"end":{"line":65,"column":61}},"29":{"start":{"line":66,"column":4},"end":{"line":69,"column":24}},"30":{"start":{"line":67,"column":6},"end":{"line":67,"column":25}},"31":{"start":{"line":68,"column":6},"end":{"line":68,"column":32}},"32":{"start":{"line":72,"column":2},"end":{"line":74,"column":9}},"33":{"start":{"line":72,"column":18},"end":{"line":74,"column":3}},"34":{"start":{"line":73,"column":4},"end":{"line":73,"column":61}},"35":{"start":{"line":73,"column":28},"end":{"line":73,"column":61}},"36":{"start":{"line":76,"column":19},"end":{"line":76,"column":50}},"37":{"start":{"line":77,"column":20},"end":{"line":77,"column":45}},"38":{"start":{"line":78,"column":24},"end":{"line":78,"column":90}},"39":{"start":{"line":80,"column":2},"end":{"line":281,"column":4}},"40":{"start":{"line":92,"column":16},"end":{"line":120,"column":28}},"41":{"start":{"line":95,"column":20},"end":{"line":95,"column":81}},"42":{"start":{"line":96,"column":20},"end":{"line":110,"column":22}},"43":{"start":{"line":105,"column":28},"end":{"line":105,"column":44}},"44":{"start":{"line":106,"column":28},"end":{"line":106,"column":49}},"45":{"start":{"line":112,"column":42},"end":{"line":114,"column":19}},"46":{"start":{"line":124,"column":12},"end":{"line":140,"column":24}},"47":{"start":{"line":127,"column":16},"end":{"line":127,"column":77}},"48":{"start":{"line":128,"column":16},"end":{"line":128,"column":41}},"49":{"start":{"line":128,"column":37},"end":{"line":128,"column":39}},"50":{"start":{"line":130,"column":38},"end":{"line":132,"column":15}},"51":{"start":{"line":154,"column":38},"end":{"line":154,"column":68}},"52":{"start":{"line":156,"column":16},"end":{"line":156,"column":78}},"53":{"start":{"line":157,"column":16},"end":{"line":157,"column":42}},"54":{"start":{"line":169,"column":34},"end":{"line":169,"column":49}},"55":{"start":{"line":171,"column":12},"end":{"line":171,"column":34}},"56":{"start":{"line":172,"column":12},"end":{"line":172,"column":49}},"57":{"start":{"line":172,"column":42},"end":{"line":172,"column":46}},"58":{"start":{"line":177,"column":12},"end":{"line":232,"column":29}},"59":{"start":{"line":180,"column":20},"end":{"line":192,"column":27}},"60":{"start":{"line":184,"column":26},"end":{"line":184,"column":88}},"61":{"start":{"line":185,"column":26},"end":{"line":185,"column":48}},"62":{"start":{"line":243,"column":12},"end":{"line":276,"column":24}},"63":{"start":{"line":247,"column":16},"end":{"line":247,"column":78}},"64":{"start":{"line":248,"column":16},"end":{"line":255,"column":19}},"65":{"start":{"line":284,"column":15},"end":{"line":405,"column":2}}},"fnMap":{"0":{"name":"getOrderedLikedItems","decl":{"start":{"line":24,"column":9},"end":{"line":24,"column":29}},"loc":{"start":{"line":27,"column":14},"end":{"line":39,"column":1}},"line":27},"1":{"name":"(anonymous_1)","decl":{"start":{"line":28,"column":45},"end":{"line":28,"column":46}},"loc":{"start":{"line":28,"column":52},"end":{"line":28,"column":74}},"line":28},"2":{"name":"(anonymous_2)","decl":{"start":{"line":28,"column":80},"end":{"line":28,"column":81}},"loc":{"start":{"line":28,"column":87},"end":{"line":28,"column":91}},"line":28},"3":{"name":"(anonymous_3)","decl":{"start":{"line":32,"column":31},"end":{"line":32,"column":32}},"loc":{"start":{"line":32,"column":39},"end":{"line":32,"column":59}},"line":32},"4":{"name":"(anonymous_4)","decl":{"start":{"line":33,"column":33},"end":{"line":33,"column":34}},"loc":{"start":{"line":33,"column":41},"end":{"line":33,"column":65}},"line":33},"5":{"name":"(anonymous_5)","decl":{"start":{"line":37,"column":9},"end":{"line":37,"column":10}},"loc":{"start":{"line":37,"column":17},"end":{"line":37,"column":56}},"line":37},"6":{"name":"(anonymous_6)","decl":{"start":{"line":37,"column":37},"end":{"line":37,"column":38}},"loc":{"start":{"line":37,"column":44},"end":{"line":37,"column":55}},"line":37},"7":{"name":"(anonymous_7)","decl":{"start":{"line":38,"column":12},"end":{"line":38,"column":13}},"loc":{"start":{"line":38,"column":34},"end":{"line":38,"column":37}},"line":38},"8":{"name":"LikedItemsScreen","decl":{"start":{"line":41,"column":24},"end":{"line":41,"column":40}},"loc":{"start":{"line":41,"column":43},"end":{"line":282,"column":1}},"line":41},"9":{"name":"(anonymous_9)","decl":{"start":{"line":51,"column":37},"end":{"line":51,"column":38}},"loc":{"start":{"line":51,"column":44},"end":{"line":51,"column":48}},"line":51},"10":{"name":"(anonymous_10)","decl":{"start":{"line":52,"column":12},"end":{"line":52,"column":13}},"loc":{"start":{"line":52,"column":18},"end":{"line":54,"column":3}},"line":52},"11":{"name":"(anonymous_11)","decl":{"start":{"line":57,"column":22},"end":{"line":57,"column":23}},"loc":{"start":{"line":57,"column":28},"end":{"line":61,"column":5}},"line":57},"12":{"name":"(anonymous_12)","decl":{"start":{"line":58,"column":13},"end":{"line":58,"column":14}},"loc":{"start":{"line":58,"column":19},"end":{"line":60,"column":7}},"line":58},"13":{"name":"(anonymous_13)","decl":{"start":{"line":64,"column":23},"end":{"line":64,"column":24}},"loc":{"start":{"line":64,"column":43},"end":{"line":70,"column":3}},"line":64},"14":{"name":"(anonymous_14)","decl":{"start":{"line":66,"column":36},"end":{"line":66,"column":37}},"loc":{"start":{"line":66,"column":42},"end":{"line":69,"column":5}},"line":66},"15":{"name":"(anonymous_15)","decl":{"start":{"line":72,"column":12},"end":{"line":72,"column":13}},"loc":{"start":{"line":72,"column":18},"end":{"line":74,"column":3}},"line":72},"16":{"name":"(anonymous_16)","decl":{"start":{"line":72,"column":18},"end":{"line":72,"column":19}},"loc":{"start":{"line":72,"column":24},"end":{"line":74,"column":3}},"line":72},"17":{"name":"(anonymous_17)","decl":{"start":{"line":91,"column":14},"end":{"line":91,"column":15}},"loc":{"start":{"line":92,"column":16},"end":{"line":120,"column":28}},"line":92},"18":{"name":"(anonymous_18)","decl":{"start":{"line":94,"column":27},"end":{"line":94,"column":28}},"loc":{"start":{"line":94,"column":39},"end":{"line":111,"column":19}},"line":94},"19":{"name":"(anonymous_19)","decl":{"start":{"line":104,"column":35},"end":{"line":104,"column":36}},"loc":{"start":{"line":104,"column":41},"end":{"line":107,"column":27}},"line":104},"20":{"name":"(anonymous_20)","decl":{"start":{"line":112,"column":25},"end":{"line":112,"column":26}},"loc":{"start":{"line":112,"column":42},"end":{"line":114,"column":19}},"line":112},"21":{"name":"(anonymous_21)","decl":{"start":{"line":123,"column":23},"end":{"line":123,"column":24}},"loc":{"start":{"line":124,"column":12},"end":{"line":140,"column":24}},"line":124},"22":{"name":"(anonymous_22)","decl":{"start":{"line":126,"column":23},"end":{"line":126,"column":24}},"loc":{"start":{"line":126,"column":35},"end":{"line":129,"column":15}},"line":126},"23":{"name":"(anonymous_23)","decl":{"start":{"line":128,"column":30},"end":{"line":128,"column":31}},"loc":{"start":{"line":128,"column":37},"end":{"line":128,"column":39}},"line":128},"24":{"name":"(anonymous_24)","decl":{"start":{"line":130,"column":21},"end":{"line":130,"column":22}},"loc":{"start":{"line":130,"column":38},"end":{"line":132,"column":15}},"line":130},"25":{"name":"(anonymous_25)","decl":{"start":{"line":154,"column":21},"end":{"line":154,"column":22}},"loc":{"start":{"line":154,"column":38},"end":{"line":154,"column":68}},"line":154},"26":{"name":"(anonymous_26)","decl":{"start":{"line":155,"column":23},"end":{"line":155,"column":24}},"loc":{"start":{"line":155,"column":35},"end":{"line":158,"column":15}},"line":155},"27":{"name":"(anonymous_27)","decl":{"start":{"line":169,"column":24},"end":{"line":169,"column":25}},"loc":{"start":{"line":169,"column":34},"end":{"line":169,"column":49}},"line":169},"28":{"name":"(anonymous_28)","decl":{"start":{"line":170,"column":21},"end":{"line":170,"column":22}},"loc":{"start":{"line":170,"column":35},"end":{"line":173,"column":11}},"line":170},"29":{"name":"(anonymous_29)","decl":{"start":{"line":172,"column":35},"end":{"line":172,"column":36}},"loc":{"start":{"line":172,"column":42},"end":{"line":172,"column":46}},"line":172},"30":{"name":"(anonymous_30)","decl":{"start":{"line":176,"column":22},"end":{"line":176,"column":23}},"loc":{"start":{"line":177,"column":12},"end":{"line":232,"column":29}},"line":177},"31":{"name":"(anonymous_31)","decl":{"start":{"line":179,"column":36},"end":{"line":179,"column":37}},"loc":{"start":{"line":180,"column":20},"end":{"line":192,"column":27}},"line":180},"32":{"name":"(anonymous_32)","decl":{"start":{"line":183,"column":33},"end":{"line":183,"column":34}},"loc":{"start":{"line":183,"column":45},"end":{"line":186,"column":25}},"line":183},"33":{"name":"(anonymous_33)","decl":{"start":{"line":242,"column":24},"end":{"line":242,"column":25}},"loc":{"start":{"line":243,"column":12},"end":{"line":276,"column":24}},"line":243},"34":{"name":"(anonymous_34)","decl":{"start":{"line":246,"column":23},"end":{"line":246,"column":24}},"loc":{"start":{"line":246,"column":35},"end":{"line":256,"column":15}},"line":246}},"branchMap":{"0":{"loc":{"start":{"line":30,"column":4},"end":{"line":35,"column":20}},"type":"cond-expr","locations":[{"start":{"line":31,"column":8},"end":{"line":34,"column":9}},{"start":{"line":35,"column":8},"end":{"line":35,"column":20}}],"line":30},"1":{"loc":{"start":{"line":65,"column":4},"end":{"line":65,"column":61}},"type":"if","locations":[{"start":{"line":65,"column":4},"end":{"line":65,"column":61}},{"start":{},"end":{}}],"line":65},"2":{"loc":{"start":{"line":73,"column":4},"end":{"line":73,"column":61}},"type":"if","locations":[{"start":{"line":73,"column":4},"end":{"line":73,"column":61}},{"start":{},"end":{}}],"line":73},"3":{"loc":{"start":{"line":90,"column":22},"end":{"line":122,"column":23}},"type":"cond-expr","locations":[{"start":{"line":91,"column":14},"end":{"line":121,"column":15}},{"start":{"line":122,"column":14},"end":{"line":122,"column":23}}],"line":90},"4":{"loc":{"start":{"line":113,"column":58},"end":{"line":113,"column":75}},"type":"cond-expr","locations":[{"start":{"line":113,"column":68},"end":{"line":113,"column":71}},{"start":{"line":113,"column":74},"end":{"line":113,"column":75}}],"line":113},"5":{"loc":{"start":{"line":131,"column":56},"end":{"line":131,"column":73}},"type":"cond-expr","locations":[{"start":{"line":131,"column":66},"end":{"line":131,"column":69}},{"start":{"line":131,"column":72},"end":{"line":131,"column":73}}],"line":131},"6":{"loc":{"start":{"line":136,"column":22},"end":{"line":136,"column":64}},"type":"cond-expr","locations":[{"start":{"line":136,"column":35},"end":{"line":136,"column":46}},{"start":{"line":136,"column":49},"end":{"line":136,"column":64}}],"line":136},"7":{"loc":{"start":{"line":145,"column":7},"end":{"line":279,"column":7}},"type":"cond-expr","locations":[{"start":{"line":146,"column":8},"end":{"line":165,"column":15}},{"start":{"line":166,"column":10},"end":{"line":279,"column":7}}],"line":145},"8":{"loc":{"start":{"line":154,"column":39},"end":{"line":154,"column":67}},"type":"binary-expr","locations":[{"start":{"line":154,"column":39},"end":{"line":154,"column":46}},{"start":{"line":154,"column":50},"end":{"line":154,"column":67}}],"line":154},"9":{"loc":{"start":{"line":166,"column":10},"end":{"line":279,"column":7}},"type":"cond-expr","locations":[{"start":{"line":167,"column":8},"end":{"line":234,"column":10}},{"start":{"line":236,"column":6},"end":{"line":278,"column":19}}],"line":166},"10":{"loc":{"start":{"line":204,"column":20},"end":{"line":204,"column":56}},"type":"binary-expr","locations":[{"start":{"line":204,"column":20},"end":{"line":204,"column":36}},{"start":{"line":204,"column":40},"end":{"line":204,"column":56}}],"line":204},"11":{"loc":{"start":{"line":205,"column":31},"end":{"line":205,"column":49}},"type":"cond-expr","locations":[{"start":{"line":205,"column":42},"end":{"line":205,"column":45}},{"start":{"line":205,"column":48},"end":{"line":205,"column":49}}],"line":205},"12":{"loc":{"start":{"line":245,"column":35},"end":{"line":245,"column":66}},"type":"binary-expr","locations":[{"start":{"line":245,"column":35},"end":{"line":245,"column":46}},{"start":{"line":245,"column":50},"end":{"line":245,"column":66}}],"line":245}},"s":{"0":1,"1":1,"2":8,"3":80,"4":8,"5":8,"6":8,"7":8,"8":8,"9":8,"10":8,"11":8,"12":8,"13":8,"14":8,"15":8,"16":8,"17":8,"18":8,"19":8,"20":8,"21":8,"22":3,"23":8,"24":8,"25":0,"26":8,"27":1,"28":0,"29":1,"30":1,"31":1,"32":8,"33":3,"34":3,"35":0,"36":8,"37":8,"38":8,"39":8,"40":2,"41":0,"42":0,"43":0,"44":0,"45":2,"46":8,"47":2,"48":2,"49":2,"50":8,"51":0,"52":0,"53":0,"54":4,"55":0,"56":0,"57":0,"58":2,"59":2,"60":1,"61":1,"62":6,"63":0,"64":0,"65":1},"f":{"0":8,"1":80,"2":8,"3":8,"4":8,"5":8,"6":8,"7":8,"8":8,"9":8,"10":3,"11":8,"12":0,"13":1,"14":1,"15":3,"16":3,"17":2,"18":0,"19":0,"20":2,"21":8,"22":2,"23":2,"24":8,"25":0,"26":0,"27":4,"28":0,"29":0,"30":2,"31":2,"32":1,"33":6,"34":0},"b":{"0":[8,0],"1":[0,1],"2":[0,3],"3":[2,6],"4":[0,2],"5":[0,8],"6":[2,6],"7":[0,8],"8":[0,0],"9":[2,6],"10":[2,2],"11":[0,2],"12":[6,6]},"_coverageSchema":"1a1c01bbd47fc00a2c39e90264f33305004495a9","hash":"2ed232293b0844df0476db7fc0127026267e2064"}
,"/Users/freddiedebruyn/Documents/SEP/2025-SecondhandMarketplace2/frontend/app/(tabs)/profile.tsx": {"path":"/Users/freddiedebruyn/Documents/SEP/2025-SecondhandMarketplace2/frontend/app/(tabs)/profile.tsx","statementMap":{"0":{"start":{"line":10,"column":29},"end":{"line":10,"column":57}},"1":{"start":{"line":11,"column":21},"end":{"line":11,"column":23}},"2":{"start":{"line":14,"column":2},"end":{"line":32,"column":4}},"3":{"start":{"line":36,"column":40},"end":{"line":36,"column":49}},"4":{"start":{"line":37,"column":20},"end":{"line":37,"column":26}},"5":{"start":{"line":38,"column":34},"end":{"line":38,"column":58}},"6":{"start":{"line":40,"column":2},"end":{"line":58,"column":34}},"7":{"start":{"line":41,"column":4},"end":{"line":41,"column":38}},"8":{"start":{"line":41,"column":31},"end":{"line":41,"column":38}},"9":{"start":{"line":42,"column":4},"end":{"line":57,"column":23}},"10":{"start":{"line":46,"column":8},"end":{"line":49,"column":9}},"11":{"start":{"line":47,"column":10},"end":{"line":47,"column":19}},"12":{"start":{"line":48,"column":10},"end":{"line":48,"column":22}},"13":{"start":{"line":50,"column":8},"end":{"line":50,"column":26}},"14":{"start":{"line":53,"column":8},"end":{"line":53,"column":36}},"15":{"start":{"line":53,"column":29},"end":{"line":53,"column":36}},"16":{"start":{"line":54,"column":8},"end":{"line":54,"column":35}},"17":{"start":{"line":55,"column":8},"end":{"line":55,"column":39}},"18":{"start":{"line":60,"column":2},"end":{"line":62,"column":3}},"19":{"start":{"line":61,"column":4},"end":{"line":61,"column":24}},"20":{"start":{"line":64,"column":15},"end":{"line":68,"column":3}},"21":{"start":{"line":70,"column":2},"end":{"line":123,"column":4}},"22":{"start":{"line":99,"column":40},"end":{"line":99,"column":71}},"23":{"start":{"line":100,"column":34},"end":{"line":100,"column":52}},"24":{"start":{"line":102,"column":12},"end":{"line":118,"column":19}},"25":{"start":{"line":126,"column":19},"end":{"line":158,"column":2}},"26":{"start":{"line":160,"column":16},"end":{"line":164,"column":1}},"27":{"start":{"line":166,"column":15},"end":{"line":273,"column":2}}},"fnMap":{"0":{"name":"AuthGate","decl":{"start":{"line":13,"column":9},"end":{"line":13,"column":17}},"loc":{"start":{"line":13,"column":20},"end":{"line":33,"column":1}},"line":13},"1":{"name":"HomeScreen","decl":{"start":{"line":35,"column":24},"end":{"line":35,"column":34}},"loc":{"start":{"line":35,"column":37},"end":{"line":124,"column":1}},"line":35},"2":{"name":"(anonymous_2)","decl":{"start":{"line":40,"column":12},"end":{"line":40,"column":13}},"loc":{"start":{"line":40,"column":18},"end":{"line":58,"column":3}},"line":40},"3":{"name":"(anonymous_3)","decl":{"start":{"line":45,"column":12},"end":{"line":45,"column":13}},"loc":{"start":{"line":45,"column":21},"end":{"line":51,"column":7}},"line":45},"4":{"name":"(anonymous_4)","decl":{"start":{"line":52,"column":12},"end":{"line":52,"column":13}},"loc":{"start":{"line":52,"column":22},"end":{"line":56,"column":7}},"line":52},"5":{"name":"(anonymous_5)","decl":{"start":{"line":57,"column":13},"end":{"line":57,"column":14}},"loc":{"start":{"line":57,"column":19},"end":{"line":57,"column":21}},"line":57},"6":{"name":"(anonymous_6)","decl":{"start":{"line":99,"column":34},"end":{"line":99,"column":35}},"loc":{"start":{"line":99,"column":40},"end":{"line":99,"column":71}},"line":99},"7":{"name":"(anonymous_7)","decl":{"start":{"line":100,"column":24},"end":{"line":100,"column":25}},"loc":{"start":{"line":100,"column":34},"end":{"line":100,"column":52}},"line":100},"8":{"name":"(anonymous_8)","decl":{"start":{"line":101,"column":22},"end":{"line":101,"column":23}},"loc":{"start":{"line":102,"column":12},"end":{"line":118,"column":19}},"line":102}},"branchMap":{"0":{"loc":{"start":{"line":41,"column":4},"end":{"line":41,"column":38}},"type":"if","locations":[{"start":{"line":41,"column":4},"end":{"line":41,"column":38}},{"start":{},"end":{}}],"line":41},"1":{"loc":{"start":{"line":41,"column":8},"end":{"line":41,"column":29}},"type":"binary-expr","locations":[{"start":{"line":41,"column":8},"end":{"line":41,"column":19}},{"start":{"line":41,"column":23},"end":{"line":41,"column":29}}],"line":41},"2":{"loc":{"start":{"line":46,"column":8},"end":{"line":49,"column":9}},"type":"if","locations":[{"start":{"line":46,"column":8},"end":{"line":49,"column":9}},{"start":{},"end":{}}],"line":46},"3":{"loc":{"start":{"line":53,"column":8},"end":{"line":53,"column":36}},"type":"if","locations":[{"start":{"line":53,"column":8},"end":{"line":53,"column":36}},{"start":{},"end":{}}],"line":53},"4":{"loc":{"start":{"line":60,"column":2},"end":{"line":62,"column":3}},"type":"if","locations":[{"start":{"line":60,"column":2},"end":{"line":62,"column":3}},{"start":{},"end":{}}],"line":60},"5":{"loc":{"start":{"line":76,"column":50},"end":{"line":76,"column":92}},"type":"cond-expr","locations":[{"start":{"line":76,"column":61},"end":{"line":76,"column":86}},{"start":{"line":76,"column":89},"end":{"line":76,"column":92}}],"line":76},"6":{"loc":{"start":{"line":80,"column":17},"end":{"line":80,"column":39}},"type":"binary-expr","locations":[{"start":{"line":80,"column":17},"end":{"line":80,"column":25}},{"start":{"line":80,"column":29},"end":{"line":80,"column":39}}],"line":80}},"s":{"0":1,"1":1,"2":1,"3":7,"4":7,"5":7,"6":7,"7":5,"8":2,"9":3,"10":3,"11":1,"12":1,"13":2,"14":3,"15":1,"16":2,"17":2,"18":7,"19":1,"20":6,"21":6,"22":12,"23":22,"24":18,"25":1,"26":1,"27":1},"f":{"0":1,"1":7,"2":5,"3":3,"4":3,"5":0,"6":12,"7":22,"8":18},"b":{"0":[2,3],"1":[5,4],"2":[1,2],"3":[1,2],"4":[1,6],"5":[5,1],"6":[6,1]},"_coverageSchema":"1a1c01bbd47fc00a2c39e90264f33305004495a9","hash":"f9e2cabc0a5bf561a0393d552e2bcd74df88d71c"}
,"/Users/freddiedebruyn/Documents/SEP/2025-SecondhandMarketplace2/frontend/app/(tabs)/sell.tsx": {"path":"/Users/freddiedebruyn/Documents/SEP/2025-SecondhandMarketplace2/frontend/app/(tabs)/sell.tsx","statementMap":{"0":{"start":{"line":12,"column":20},"end":{"line":12,"column":50}},"1":{"start":{"line":13,"column":16},"end":{"line":13,"column":18}},"2":{"start":{"line":14,"column":16},"end":{"line":14,"column":17}},"3":{"start":{"line":15,"column":16},"end":{"line":15,"column":17}},"4":{"start":{"line":17,"column":17},"end":{"line":17,"column":40}},"5":{"start":{"line":18,"column":23},"end":{"line":18,"column":60}},"6":{"start":{"line":19,"column":18},"end":{"line":19,"column":54}},"7":{"start":{"line":21,"column":23},"end":{"line":21,"column":40}},"8":{"start":{"line":24,"column":19},"end":{"line":24,"column":50}},"9":{"start":{"line":26,"column":28},"end":{"line":26,"column":40}},"10":{"start":{"line":27,"column":40},"end":{"line":27,"column":52}},"11":{"start":{"line":28,"column":28},"end":{"line":28,"column":40}},"12":{"start":{"line":29,"column":34},"end":{"line":29,"column":46}},"13":{"start":{"line":30,"column":42},"end":{"line":30,"column":57}},"14":{"start":{"line":31,"column":42},"end":{"line":31,"column":56}},"15":{"start":{"line":32,"column":30},"end":{"line":32,"column":52}},"16":{"start":{"line":33,"column":30},"end":{"line":33,"column":42}},"17":{"start":{"line":36,"column":20},"end":{"line":63,"column":3}},"18":{"start":{"line":37,"column":4},"end":{"line":40,"column":5}},"19":{"start":{"line":38,"column":6},"end":{"line":38,"column":50}},"20":{"start":{"line":39,"column":6},"end":{"line":39,"column":13}},"21":{"start":{"line":42,"column":19},"end":{"line":48,"column":6}},"22":{"start":{"line":50,"column":4},"end":{"line":62,"column":5}},"23":{"start":{"line":51,"column":22},"end":{"line":51,"column":59}},"24":{"start":{"line":51,"column":49},"end":{"line":51,"column":58}},"25":{"start":{"line":52,"column":28},"end":{"line":52,"column":72}},"26":{"start":{"line":52,"column":50},"end":{"line":52,"column":71}},"27":{"start":{"line":54,"column":6},"end":{"line":57,"column":7}},"28":{"start":{"line":55,"column":8},"end":{"line":55,"column":72}},"29":{"start":{"line":56,"column":8},"end":{"line":56,"column":15}},"30":{"start":{"line":59,"column":6},"end":{"line":59,"column":41}},"31":{"start":{"line":61,"column":6},"end":{"line":61,"column":63}},"32":{"start":{"line":61,"column":25},"end":{"line":61,"column":63}},"33":{"start":{"line":65,"column":22},"end":{"line":67,"column":3}},"34":{"start":{"line":66,"column":4},"end":{"line":66,"column":66}},"35":{"start":{"line":66,"column":42},"end":{"line":66,"column":63}},"36":{"start":{"line":71,"column":25},"end":{"line":71,"column":92}},"37":{"start":{"line":72,"column":24},"end":{"line":72,"column":61}},"38":{"start":{"line":74,"column":20},"end":{"line":87,"column":3}},"39":{"start":{"line":75,"column":4},"end":{"line":75,"column":26}},"40":{"start":{"line":76,"column":4},"end":{"line":86,"column":15}},"41":{"start":{"line":89,"column":21},"end":{"line":104,"column":3}},"42":{"start":{"line":90,"column":4},"end":{"line":103,"column":7}},"43":{"start":{"line":102,"column":6},"end":{"line":102,"column":29}},"44":{"start":{"line":108,"column":29},"end":{"line":112,"column":3}},"45":{"start":{"line":109,"column":4},"end":{"line":109,"column":51}},"46":{"start":{"line":109,"column":32},"end":{"line":109,"column":51}},"47":{"start":{"line":110,"column":4},"end":{"line":110,"column":42}},"48":{"start":{"line":110,"column":23},"end":{"line":110,"column":42}},"49":{"start":{"line":111,"column":4},"end":{"line":111,"column":18}},"50":{"start":{"line":114,"column":23},"end":{"line":165,"column":3}},"51":{"start":{"line":115,"column":20},"end":{"line":115,"column":22}},"52":{"start":{"line":116,"column":16},"end":{"line":116,"column":20}},"53":{"start":{"line":119,"column":4},"end":{"line":119,"column":65}},"54":{"start":{"line":119,"column":25},"end":{"line":119,"column":48}},"55":{"start":{"line":119,"column":49},"end":{"line":119,"column":63}},"56":{"start":{"line":120,"column":4},"end":{"line":120,"column":77}},"57":{"start":{"line":120,"column":31},"end":{"line":120,"column":60}},"58":{"start":{"line":120,"column":61},"end":{"line":120,"column":75}},"59":{"start":{"line":121,"column":4},"end":{"line":121,"column":65}},"60":{"start":{"line":121,"column":25},"end":{"line":121,"column":48}},"61":{"start":{"line":121,"column":49},"end":{"line":121,"column":63}},"62":{"start":{"line":122,"column":4},"end":{"line":122,"column":64}},"63":{"start":{"line":122,"column":21},"end":{"line":122,"column":47}},"64":{"start":{"line":122,"column":48},"end":{"line":122,"column":62}},"65":{"start":{"line":123,"column":4},"end":{"line":123,"column":72}},"66":{"start":{"line":123,"column":31},"end":{"line":123,"column":55}},"67":{"start":{"line":123,"column":56},"end":{"line":123,"column":70}},"68":{"start":{"line":125,"column":4},"end":{"line":125,"column":25}},"69":{"start":{"line":127,"column":4},"end":{"line":164,"column":5}},"70":{"start":{"line":128,"column":6},"end":{"line":163,"column":7}},"71":{"start":{"line":129,"column":25},"end":{"line":129,"column":39}},"72":{"start":{"line":131,"column":8},"end":{"line":131,"column":40}},"73":{"start":{"line":132,"column":8},"end":{"line":132,"column":52}},"74":{"start":{"line":133,"column":8},"end":{"line":133,"column":40}},"75":{"start":{"line":134,"column":8},"end":{"line":134,"column":46}},"76":{"start":{"line":136,"column":8},"end":{"line":142,"column":11}},"77":{"start":{"line":137,"column":10},"end":{"line":141,"column":20}},"78":{"start":{"line":145,"column":25},"end":{"line":151,"column":10}},"79":{"start":{"line":153,"column":23},"end":{"line":153,"column":44}},"80":{"start":{"line":155,"column":8},"end":{"line":159,"column":9}},"81":{"start":{"line":156,"column":10},"end":{"line":156,"column":24}},"82":{"start":{"line":158,"column":10},"end":{"line":158,"column":50}},"83":{"start":{"line":162,"column":8},"end":{"line":162,"column":33}},"84":{"start":{"line":167,"column":2},"end":{"line":360,"column":4}},"85":{"start":{"line":185,"column":14},"end":{"line":185,"column":39}},"86":{"start":{"line":186,"column":14},"end":{"line":186,"column":69}},"87":{"start":{"line":186,"column":32},"end":{"line":186,"column":69}},"88":{"start":{"line":188,"column":26},"end":{"line":188,"column":47}},"89":{"start":{"line":201,"column":14},"end":{"line":201,"column":44}},"90":{"start":{"line":202,"column":14},"end":{"line":202,"column":81}},"91":{"start":{"line":202,"column":38},"end":{"line":202,"column":81}},"92":{"start":{"line":204,"column":26},"end":{"line":204,"column":47}},"93":{"start":{"line":220,"column":14},"end":{"line":220,"column":38}},"94":{"start":{"line":221,"column":14},"end":{"line":221,"column":69}},"95":{"start":{"line":221,"column":32},"end":{"line":221,"column":69}},"96":{"start":{"line":223,"column":26},"end":{"line":223,"column":47}},"97":{"start":{"line":227,"column":14},"end":{"line":229,"column":15}},"98":{"start":{"line":228,"column":16},"end":{"line":228,"column":31}},"99":{"start":{"line":242,"column":14},"end":{"line":242,"column":75}},"100":{"start":{"line":242,"column":35},"end":{"line":242,"column":75}},"101":{"start":{"line":243,"column":14},"end":{"line":243,"column":26}},"102":{"start":{"line":275,"column":16},"end":{"line":284,"column":23}},"103":{"start":{"line":279,"column":35},"end":{"line":279,"column":53}},"104":{"start":{"line":307,"column":25},"end":{"line":307,"column":38}},"105":{"start":{"line":339,"column":38},"end":{"line":339,"column":45}},"106":{"start":{"line":341,"column":16},"end":{"line":353,"column":35}},"107":{"start":{"line":344,"column":20},"end":{"line":344,"column":43}},"108":{"start":{"line":345,"column":20},"end":{"line":345,"column":81}},"109":{"start":{"line":345,"column":41},"end":{"line":345,"column":81}},"110":{"start":{"line":346,"column":20},"end":{"line":346,"column":33}},"111":{"start":{"line":363,"column":15},"end":{"line":522,"column":2}}},"fnMap":{"0":{"name":"HomeScreen","decl":{"start":{"line":23,"column":24},"end":{"line":23,"column":34}},"loc":{"start":{"line":23,"column":37},"end":{"line":361,"column":1}},"line":23},"1":{"name":"(anonymous_1)","decl":{"start":{"line":36,"column":20},"end":{"line":36,"column":21}},"loc":{"start":{"line":36,"column":32},"end":{"line":63,"column":3}},"line":36},"2":{"name":"(anonymous_2)","decl":{"start":{"line":51,"column":40},"end":{"line":51,"column":41}},"loc":{"start":{"line":51,"column":49},"end":{"line":51,"column":58}},"line":51},"3":{"name":"(anonymous_3)","decl":{"start":{"line":52,"column":43},"end":{"line":52,"column":44}},"loc":{"start":{"line":52,"column":50},"end":{"line":52,"column":71}},"line":52},"4":{"name":"(anonymous_4)","decl":{"start":{"line":65,"column":22},"end":{"line":65,"column":23}},"loc":{"start":{"line":65,"column":47},"end":{"line":67,"column":3}},"line":65},"5":{"name":"(anonymous_5)","decl":{"start":{"line":66,"column":28},"end":{"line":66,"column":29}},"loc":{"start":{"line":66,"column":42},"end":{"line":66,"column":63}},"line":66},"6":{"name":"(anonymous_6)","decl":{"start":{"line":74,"column":20},"end":{"line":74,"column":21}},"loc":{"start":{"line":74,"column":26},"end":{"line":87,"column":3}},"line":74},"7":{"name":"(anonymous_7)","decl":{"start":{"line":89,"column":21},"end":{"line":89,"column":22}},"loc":{"start":{"line":89,"column":27},"end":{"line":104,"column":3}},"line":89},"8":{"name":"(anonymous_8)","decl":{"start":{"line":101,"column":13},"end":{"line":101,"column":14}},"loc":{"start":{"line":101,"column":19},"end":{"line":103,"column":5}},"line":101},"9":{"name":"(anonymous_9)","decl":{"start":{"line":108,"column":29},"end":{"line":108,"column":30}},"loc":{"start":{"line":108,"column":40},"end":{"line":112,"column":3}},"line":108},"10":{"name":"(anonymous_10)","decl":{"start":{"line":114,"column":23},"end":{"line":114,"column":24}},"loc":{"start":{"line":114,"column":35},"end":{"line":165,"column":3}},"line":114},"11":{"name":"(anonymous_11)","decl":{"start":{"line":136,"column":23},"end":{"line":136,"column":24}},"loc":{"start":{"line":136,"column":39},"end":{"line":142,"column":9}},"line":136},"12":{"name":"(anonymous_12)","decl":{"start":{"line":184,"column":21},"end":{"line":184,"column":22}},"loc":{"start":{"line":184,"column":27},"end":{"line":187,"column":13}},"line":184},"13":{"name":"(anonymous_13)","decl":{"start":{"line":188,"column":20},"end":{"line":188,"column":21}},"loc":{"start":{"line":188,"column":26},"end":{"line":188,"column":47}},"line":188},"14":{"name":"(anonymous_14)","decl":{"start":{"line":200,"column":21},"end":{"line":200,"column":22}},"loc":{"start":{"line":200,"column":27},"end":{"line":203,"column":13}},"line":200},"15":{"name":"(anonymous_15)","decl":{"start":{"line":204,"column":20},"end":{"line":204,"column":21}},"loc":{"start":{"line":204,"column":26},"end":{"line":204,"column":47}},"line":204},"16":{"name":"(anonymous_16)","decl":{"start":{"line":219,"column":21},"end":{"line":219,"column":22}},"loc":{"start":{"line":219,"column":27},"end":{"line":222,"column":13}},"line":219},"17":{"name":"(anonymous_17)","decl":{"start":{"line":223,"column":20},"end":{"line":223,"column":21}},"loc":{"start":{"line":223,"column":26},"end":{"line":223,"column":47}},"line":223},"18":{"name":"(anonymous_18)","decl":{"start":{"line":225,"column":26},"end":{"line":225,"column":27}},"loc":{"start":{"line":225,"column":36},"end":{"line":230,"column":13}},"line":225},"19":{"name":"(anonymous_19)","decl":{"start":{"line":241,"column":21},"end":{"line":241,"column":22}},"loc":{"start":{"line":241,"column":27},"end":{"line":244,"column":13}},"line":241},"20":{"name":"(anonymous_20)","decl":{"start":{"line":274,"column":26},"end":{"line":274,"column":27}},"loc":{"start":{"line":275,"column":16},"end":{"line":284,"column":23}},"line":275},"21":{"name":"(anonymous_21)","decl":{"start":{"line":279,"column":29},"end":{"line":279,"column":30}},"loc":{"start":{"line":279,"column":35},"end":{"line":279,"column":53}},"line":279},"22":{"name":"(anonymous_22)","decl":{"start":{"line":307,"column":19},"end":{"line":307,"column":20}},"loc":{"start":{"line":307,"column":25},"end":{"line":307,"column":38}},"line":307},"23":{"name":"(anonymous_23)","decl":{"start":{"line":339,"column":28},"end":{"line":339,"column":29}},"loc":{"start":{"line":339,"column":38},"end":{"line":339,"column":45}},"line":339},"24":{"name":"(anonymous_24)","decl":{"start":{"line":340,"column":26},"end":{"line":340,"column":27}},"loc":{"start":{"line":341,"column":16},"end":{"line":353,"column":35}},"line":341},"25":{"name":"(anonymous_25)","decl":{"start":{"line":343,"column":27},"end":{"line":343,"column":28}},"loc":{"start":{"line":343,"column":33},"end":{"line":347,"column":19}},"line":343}},"branchMap":{"0":{"loc":{"start":{"line":37,"column":4},"end":{"line":40,"column":5}},"type":"if","locations":[{"start":{"line":37,"column":4},"end":{"line":40,"column":5}},{"start":{},"end":{}}],"line":37},"1":{"loc":{"start":{"line":50,"column":4},"end":{"line":62,"column":5}},"type":"if","locations":[{"start":{"line":50,"column":4},"end":{"line":62,"column":5}},{"start":{},"end":{}}],"line":50},"2":{"loc":{"start":{"line":54,"column":6},"end":{"line":57,"column":7}},"type":"if","locations":[{"start":{"line":54,"column":6},"end":{"line":57,"column":7}},{"start":{},"end":{}}],"line":54},"3":{"loc":{"start":{"line":54,"column":10},"end":{"line":54,"column":58}},"type":"binary-expr","locations":[{"start":{"line":54,"column":10},"end":{"line":54,"column":36}},{"start":{"line":54,"column":40},"end":{"line":54,"column":58}}],"line":54},"4":{"loc":{"start":{"line":61,"column":6},"end":{"line":61,"column":63}},"type":"if","locations":[{"start":{"line":61,"column":6},"end":{"line":61,"column":63}},{"start":{},"end":{}}],"line":61},"5":{"loc":{"start":{"line":109,"column":4},"end":{"line":109,"column":51}},"type":"if","locations":[{"start":{"line":109,"column":4},"end":{"line":109,"column":51}},{"start":{},"end":{}}],"line":109},"6":{"loc":{"start":{"line":110,"column":4},"end":{"line":110,"column":42}},"type":"if","locations":[{"start":{"line":110,"column":4},"end":{"line":110,"column":42}},{"start":{},"end":{}}],"line":110},"7":{"loc":{"start":{"line":119,"column":4},"end":{"line":119,"column":65}},"type":"if","locations":[{"start":{"line":119,"column":4},"end":{"line":119,"column":65}},{"start":{},"end":{}}],"line":119},"8":{"loc":{"start":{"line":120,"column":4},"end":{"line":120,"column":77}},"type":"if","locations":[{"start":{"line":120,"column":4},"end":{"line":120,"column":77}},{"start":{},"end":{}}],"line":120},"9":{"loc":{"start":{"line":121,"column":4},"end":{"line":121,"column":65}},"type":"if","locations":[{"start":{"line":121,"column":4},"end":{"line":121,"column":65}},{"start":{},"end":{}}],"line":121},"10":{"loc":{"start":{"line":122,"column":4},"end":{"line":122,"column":64}},"type":"if","locations":[{"start":{"line":122,"column":4},"end":{"line":122,"column":64}},{"start":{},"end":{}}],"line":122},"11":{"loc":{"start":{"line":123,"column":4},"end":{"line":123,"column":72}},"type":"if","locations":[{"start":{"line":123,"column":4},"end":{"line":123,"column":72}},{"start":{},"end":{}}],"line":123},"12":{"loc":{"start":{"line":127,"column":4},"end":{"line":164,"column":5}},"type":"if","locations":[{"start":{"line":127,"column":4},"end":{"line":164,"column":5}},{"start":{},"end":{}}],"line":127},"13":{"loc":{"start":{"line":155,"column":8},"end":{"line":159,"column":9}},"type":"if","locations":[{"start":{"line":155,"column":8},"end":{"line":159,"column":9}},{"start":{"line":157,"column":15},"end":{"line":159,"column":9}}],"line":155},"14":{"loc":{"start":{"line":186,"column":14},"end":{"line":186,"column":69}},"type":"if","locations":[{"start":{"line":186,"column":14},"end":{"line":186,"column":69}},{"start":{},"end":{}}],"line":186},"15":{"loc":{"start":{"line":202,"column":14},"end":{"line":202,"column":81}},"type":"if","locations":[{"start":{"line":202,"column":14},"end":{"line":202,"column":81}},{"start":{},"end":{}}],"line":202},"16":{"loc":{"start":{"line":221,"column":14},"end":{"line":221,"column":69}},"type":"if","locations":[{"start":{"line":221,"column":14},"end":{"line":221,"column":69}},{"start":{},"end":{}}],"line":221},"17":{"loc":{"start":{"line":227,"column":14},"end":{"line":229,"column":15}},"type":"if","locations":[{"start":{"line":227,"column":14},"end":{"line":229,"column":15}},{"start":{},"end":{}}],"line":227},"18":{"loc":{"start":{"line":242,"column":14},"end":{"line":242,"column":75}},"type":"if","locations":[{"start":{"line":242,"column":14},"end"
[...]
,"/Users/freddiedebruyn/Documents/SEP/2025-SecondhandMarketplace2/frontend/hooks/use-theme-color.ts": {"path":"/Users/freddiedebruyn/Documents/SEP/2025-SecondhandMarketplace2/frontend/hooks/use-theme-color.ts","statementMap":{"0":{"start":{"line":13,"column":16},"end":{"line":13,"column":43}},"1":{"start":{"line":14,"column":25},"end":{"line":14,"column":37}},"2":{"start":{"line":16,"column":2},"end":{"line":20,"column":3}},"3":{"start":{"line":17,"column":4},"end":{"line":17,"column":26}},"4":{"start":{"line":19,"column":4},"end":{"line":19,"column":36}}},"fnMap":{"0":{"name":"useThemeColor","decl":{"start":{"line":9,"column":16},"end":{"line":9,"column":29}},"loc":{"start":{"line":12,"column":2},"end":{"line":21,"column":1}},"line":12}},"branchMap":{"0":{"loc":{"start":{"line":13,"column":16},"end":{"line":13,"column":43}},"type":"binary-expr","locations":[{"start":{"line":13,"column":16},"end":{"line":13,"column":32}},{"start":{"line":13,"column":36},"end":{"line":13,"column":43}}],"line":13},"1":{"loc":{"start":{"line":16,"column":2},"end":{"line":20,"column":3}},"type":"if","locations":[{"start":{"line":16,"column":2},"end":{"line":20,"column":3}},{"start":{"line":18,"column":9},"end":{"line":20,"column":3}}],"line":16}},"s":{"0":1003,"1":1003,"2":1003,"3":9,"4":994},"f":{"0":1003},"b":{"0":[1003,0],"1":[9,994]},"_coverageSchema":"1a1c01bbd47fc00a2c39e90264f33305004495a9","hash":"3b94c3e68bc0b179e5e3162e6fe827e119f8f44d"}
,"/Users/freddiedebruyn/Documents/SEP/2025-SecondhandMarketplace2/frontend/scripts/reset-project.js": {"path":"/Users/freddiedebruyn/Documents/SEP/2025-SecondhandMarketplace2/frontend/scripts/reset-project.js","statementMap":{"0":{"start":{"line":9,"column":11},"end":{"line":9,"column":24}},"1":{"start":{"line":10,"column":13},"end":{"line":10,"column":28}},"2":{"start":{"line":11,"column":17},"end":{"line":11,"column":36}},"3":{"start":{"line":13,"column":13},"end":{"line":13,"column":26}},"4":{"start":{"line":14,"column":16},"end":{"line":14,"column":70}},"5":{"start":{"line":15,"column":19},"end":{"line":15,"column":32}},"6":{"start":{"line":16,"column":18},"end":{"line":16,"column":23}},"7":{"start":{"line":17,"column":23},"end":{"line":17,"column":50}},"8":{"start":{"line":19,"column":21},"end":{"line":34,"column":1}},"9":{"start":{"line":36,"column":22},"end":{"line":41,"column":1}},"10":{"start":{"line":43,"column":11},"end":{"line":46,"column":2}},"11":{"start":{"line":48,"column":24},"end":{"line":99,"column":1}},"12":{"start":{"line":49,"column":2},"end":{"line":98,"column":3}},"13":{"start":{"line":50,"column":4},"end":{"line":54,"column":5}},"14":{"start":{"line":52,"column":6},"end":{"line":52,"column":67}},"15":{"start":{"line":53,"column":6},"end":{"line":53,"column":58}},"16":{"start":{"line":57,"column":4},"end":{"line":71,"column":5}},"17":{"start":{"line":58,"column":25},"end":{"line":58,"column":45}},"18":{"start":{"line":59,"column":6},"end":{"line":70,"column":7}},"19":{"start":{"line":60,"column":8},"end":{"line":67,"column":9}},"20":{"start":{"line":61,"column":29},"end":{"line":61,"column":61}},"21":{"start":{"line":62,"column":10},"end":{"line":62,"column":59}},"22":{"start":{"line":63,"column":10},"end":{"line":63,"column":68}},"23":{"start":{"line":65,"column":10},"end":{"line":65,"column":77}},"24":{"start":{"line":66,"column":10},"end":{"line":66,"column":44}},"25":{"start":{"line":69,"column":8},"end":{"line":69,"column":60}},"26":{"start":{"line":74,"column":26},"end":{"line":74,"column":52}},"27":{"start":{"line":75,"column":4},"end":{"line":75,"column":64}},"28":{"start":{"line":76,"column":4},"end":{"line":76,"column":52}},"29":{"start":{"line":79,"column":22},"end":{"line":79,"column":59}},"30":{"start":{"line":80,"column":4},"end":{"line":80,"column":57}},"31":{"start":{"line":81,"column":4},"end":{"line":81,"column":45}},"32":{"start":{"line":84,"column":23},"end":{"line":84,"column":62}},"33":{"start":{"line":85,"column":4},"end":{"line":85,"column":59}},"34":{"start":{"line":86,"column":4},"end":{"line":86,"column":47}},"35":{"start":{"line":88,"column":4},"end":{"line":88,"column":59}},"36":{"start":{"line":89,"column":4},"end":{"line":95,"column":6}},"37":{"start":{"line":97,"column":4},"end":{"line":97,"column":71}},"38":{"start":{"line":101,"column":0},"end":{"line":112,"column":2}},"39":{"start":{"line":104,"column":22},"end":{"line":104,"column":56}},"40":{"start":{"line":105,"column":4},"end":{"line":110,"column":5}},"41":{"start":{"line":106,"column":6},"end":{"line":106,"column":59}},"42":{"start":{"line":106,"column":47},"end":{"line":106,"column":57}},"43":{"start":{"line":108,"column":6},"end":{"line":108,"column":63}},"44":{"start":{"line":109,"column":6},"end":{"line":109,"column":17}}},"fnMap":{"0":{"name":"(anonymous_0)","decl":{"start":{"line":48,"column":24},"end":{"line":48,"column":25}},"loc":{"start":{"line":48,"column":45},"end":{"line":99,"column":1}},"line":48},"1":{"name":"(anonymous_1)","decl":{"start":{"line":103,"column":2},"end":{"line":103,"column":3}},"loc":{"start":{"line":103,"column":14},"end":{"line":111,"column":3}},"line":103},"2":{"name":"(anonymous_2)","decl":{"start":{"line":106,"column":41},"end":{"line":106,"column":42}},"loc":{"start":{"line":106,"column":47},"end":{"line":106,"column":57}},"line":106}},"branchMap":{"0":{"loc":{"start":{"line":50,"column":4},"end":{"line":54,"column":5}},"type":"if","locations":[{"start":{"line":50,"column":4},"end":{"line":54,"column":5}},{"start":{},"end":{}}],"line":50},"1":{"loc":{"start":{"line":59,"column":6},"end":{"line":70,"column":7}},"type":"if","locations":[{"start":{"line":59,"column":6},"end":{"line":70,"column":7}},{"start":{"line":68,"column":13},"end":{"line":70,"column":7}}],"line":59},"2":{"loc":{"start":{"line":60,"column":8},"end":{"line":67,"column":9}},"type":"if","locations":[{"start":{"line":60,"column":8},"end":{"line":67,"column":9}},{"start":{"line":64,"column":15},"end":{"line":67,"column":9}}],"line":60},"3":{"loc":{"start":{"line":91,"column":8},"end":{"line":93,"column":14}},"type":"cond-expr","locations":[{"start":{"line":92,"column":12},"end":{"line":92,"column":87}},{"start":{"line":93,"column":12},"end":{"line":93,"column":14}}],"line":91},"4":{"loc":{"start":{"line":104,"column":22},"end":{"line":104,"column":56}},"type":"binary-expr","locations":[{"start":{"line":104,"column":22},"end":{"line":104,"column":49}},{"start":{"line":104,"column":53},"end":{"line":104,"column":56}}],"line":104},"5":{"loc":{"start":{"line":105,"column":4},"end":{"line":110,"column":5}},"type":"if","locations":[{"start":{"line":105,"column":4},"end":{"line":110,"column":5}},{"start":{"line":107,"column":11},"end":{"line":110,"column":5}}],"line":105},"6":{"loc":{"start":{"line":105,"column":8},"end":{"line":105,"column":46}},"type":"binary-expr","locations":[{"start":{"line":105,"column":8},"end":{"line":105,"column":25}},{"start":{"line":105,"column":29},"end":{"line":105,"column":46}}],"line":105}},"s":{"0":0,"1":0,"2":0,"3":0,"4":0,"5":0,"6":0,"7":0,"8":0,"9":0,"10":0,"11":0,"12":0,"13":0,"14":0,"15":0,"16":0,"17":0,"18":0,"19":0,"20":0,"21":0,"22":0,"23":0,"24":0,"25":0,"26":0,"27":0,"28":0,"29":0,"30":0,"31":0,"32":0,"33":0,"34":0,"35":0,"36":0,"37":0,"38":0,"39":0,"40":0,"41":0,"42":0,"43":0,"44":0},"f":{"0":0,"1":0,"2":0},"b":{"0":[0,0],"1":[0,0],"2":[0,0],"3":[0,0],"4":[0,0],"5":[0,0],"6":[0,0]}}
,"/Users/freddiedebruyn/Documents/SEP/2025-SecondhandMarketplace2/frontend/store/chatStore.ts": {"path":"/Users/freddiedebruyn/Documents/SEP/2025-SecondhandMarketplace2/frontend/store/chatStore.ts","statementMap":{"0":{"start":{"line":9,"column":50},"end":{"line":9,"column":52}},"1":{"start":{"line":12,"column":14},"end":{"line":12,"column":42}},"2":{"start":{"line":13,"column":2},"end":{"line":21,"column":5}},"3":{"start":{"line":14,"column":4},"end":{"line":19,"column":5}},"4":{"start":{"line":15,"column":6},"end":{"line":18,"column":8}},"5":{"start":{"line":20,"column":4},"end":{"line":20,"column":17}},"6":{"start":{"line":25,"column":19},"end":{"line":25,"column":45}},"7":{"start":{"line":26,"column":34},"end":{"line":29,"column":3}},"8":{"start":{"line":30,"column":2},"end":{"line":33,"column":4}},"9":{"start":{"line":34,"column":2},"end":{"line":34,"column":20}}},"fnMap":{"0":{"name":"getMessagesForItem","decl":{"start":{"line":11,"column":16},"end":{"line":11,"column":34}},"loc":{"start":{"line":11,"column":66},"end":{"line":22,"column":1}},"line":11},"1":{"name":"(anonymous_1)","decl":{"start":{"line":13,"column":17},"end":{"line":13,"column":18}},"loc":{"start":{"line":13,"column":28},"end":{"line":21,"column":3}},"line":13},"2":{"name":"addMessageForItem","decl":{"start":{"line":24,"column":16},"end":{"line":24,"column":33}},"loc":{"start":{"line":24,"column":77},"end":{"line":35,"column":1}},"line":24}},"branchMap":{"0":{"loc":{"start":{"line":12,"column":14},"end":{"line":12,"column":42}},"type":"binary-expr","locations":[{"start":{"line":12,"column":14},"end":{"line":12,"column":36}},{"start":{"line":12,"column":40},"end":{"line":12,"column":42}}],"line":12},"1":{"loc":{"start":{"line":14,"column":4},"end":{"line":19,"column":5}},"type":"if","locations":[{"start":{"line":14,"column":4},"end":{"line":19,"column":5}},{"start":{},"end":{}}],"line":14}},"s":{"0":0,"1":0,"2":0,"3":0,"4":0,"5":0,"6":0,"7":0,"8":0,"9":0},"f":{"0":0,"1":0,"2":0},"b":{"0":[0,0],"1":[0,0]}}
,"/Users/freddiedebruyn/Documents/SEP/2025-SecondhandMarketplace2/frontend/store/myListingsStore.ts": {"path":"/Users/freddiedebruyn/Documents/SEP/2025-SecondhandMarketplace2/frontend/store/myListingsStore.ts","statementMap":{"0":{"start":{"line":7,"column":29},"end":{"line":7,"column":48}},"1":{"start":{"line":8,"column":18},"end":{"line":8,"column":60}},"2":{"start":{"line":11,"column":2},"end":{"line":11,"column":15}},"3":{"start":{"line":15,"column":2},"end":{"line":15,"column":15}},"4":{"start":{"line":16,"column":2},"end":{"line":16,"column":50}},"5":{"start":{"line":16,"column":34},"end":{"line":16,"column":48}},"6":{"start":{"line":20,"column":2},"end":{"line":20,"column":26}},"7":{"start":{"line":21,"column":2},"end":{"line":21,"column":18}},"8":{"start":{"line":22,"column":2},"end":{"line":22,"column":42}},"9":{"start":{"line":22,"column":15},"end":{"line":22,"column":41}}},"fnMap":{"0":{"name":"getItems","decl":{"start":{"line":10,"column":16},"end":{"line":10,"column":24}},"loc":{"start":{"line":10,"column":44},"end":{"line":12,"column":1}},"line":10},"1":{"name":"setItems","decl":{"start":{"line":14,"column":16},"end":{"line":14,"column":24}},"loc":{"start":{"line":14,"column":54},"end":{"line":17,"column":1}},"line":14},"2":{"name":"(anonymous_2)","decl":{"start":{"line":16,"column":20},"end":{"line":16,"column":21}},"loc":{"start":{"line":16,"column":34},"end":{"line":16,"column":48}},"line":16},"3":{"name":"subscribe","decl":{"start":{"line":19,"column":16},"end":{"line":19,"column":25}},"loc":{"start":{"line":19,"column":81},"end":{"line":23,"column":1}},"line":19},"4":{"name":"(anonymous_4)","decl":{"start":{"line":22,"column":9},"end":{"line":22,"column":10}},"loc":{"start":{"line":22,"column":15},"end":{"line":22,"column":41}},"line":22}},"branchMap":{},"s":{"0":2,"1":2,"2":0,"3":0,"4":0,"5":0,"6":0,"7":0,"8":0,"9":0},"f":{"0":0,"1":0,"2":0,"3":0,"4":0},"b":{},"_coverageSchema":"1a1c01bbd47fc00a2c39e90264f33305004495a9","hash":"0b2b747e958d77b7b4629715739f648a55274aa7"}
,"/Users/freddiedebruyn/Documents/SEP/2025-SecondhandMarketplace2/frontend/store/pendingMeetupStore.ts": {"path":"/Users/freddiedebruyn/Documents/SEP/2025-SecondhandMarketplace2/frontend/store/pendingMeetupStore.ts","statementMap":{"0":{"start":{"line":1,"column":19},"end":{"line":1,"column":36}},"1":{"start":{"line":2,"column":16},"end":{"line":2,"column":33}},"2":{"start":{"line":3,"column":18},"end":{"line":3,"column":39}},"3":{"start":{"line":4,"column":14},"end":{"line":4,"column":15}},"4":{"start":{"line":7,"column":2},"end":{"line":7,"column":15}},"5":{"start":{"line":8,"column":2},"end":{"line":8,"column":32}},"6":{"start":{"line":8,"column":27},"end":{"line":8,"column":30}},"7":{"start":{"line":12,"column":2},"end":{"line":12,"column":26}},"8":{"start":{"line":13,"column":2},"end":{"line":13,"column":42}},"9":{"start":{"line":13,"column":15},"end":{"line":13,"column":41}},"10":{"start":{"line":17,"column":2},"end":{"line":17,"column":17}},"11":{"start":{"line":21,"column":2},"end":{"line":21,"column":32}},"12":{"start":{"line":25,"column":2},"end":{"line":25,"column":34}},"13":{"start":{"line":25,"column":27},"end":{"line":25,"column":34}},"14":{"start":{"line":26,"column":2},"end":{"line":26,"column":37}},"15":{"start":{"line":26,"column":30},"end":{"line":26,"column":37}},"16":{"start":{"line":27,"column":2},"end":{"line":27,"column":25}},"17":{"start":{"line":28,"column":2},"end":{"line":28,"column":11}},"18":{"start":{"line":32,"column":2},"end":{"line":32,"column":29}},"19":{"start":{"line":36,"column":2},"end":{"line":36,"column":28}},"20":{"start":{"line":37,"column":2},"end":{"line":37,"column":34}},"21":{"start":{"line":37,"column":27},"end":{"line":37,"column":34}},"22":{"start":{"line":38,"column":2},"end":{"line":38,"column":22}},"23":{"start":{"line":39,"column":2},"end":{"line":39,"column":11}}},"fnMap":{"0":{"name":"notify","decl":{"start":{"line":6,"column":9},"end":{"line":6,"column":15}},"loc":{"start":{"line":6,"column":18},"end":{"line":9,"column":1}},"line":6},"1":{"name":"(anonymous_1)","decl":{"start":{"line":8,"column":20},"end":{"line":8,"column":21}},"loc":{"start":{"line":8,"column":27},"end":{"line":8,"column":30}},"line":8},"2":{"name":"subscribePendingMeetup","decl":{"start":{"line":11,"column":16},"end":{"line":11,"column":38}},"loc":{"start":{"line":11,"column":73},"end":{"line":14,"column":1}},"line":11},"3":{"name":"(anonymous_3)","decl":{"start":{"line":13,"column":9},"end":{"line":13,"column":10}},"loc":{"start":{"line":13,"column":15},"end":{"line":13,"column":41}},"line":13},"4":{"name":"getPendingMeetupVersion","decl":{"start":{"line":16,"column":16},"end":{"line":16,"column":39}},"loc":{"start":{"line":16,"column":50},"end":{"line":18,"column":1}},"line":16},"5":{"name":"isPendingMeetupReservation","decl":{"start":{"line":20,"column":16},"end":{"line":20,"column":42}},"loc":{"start":{"line":20,"column":68},"end":{"line":22,"column":1}},"line":20},"6":{"name":"markPendingMeetupReservation","decl":{"start":{"line":24,"column":16},"end":{"line":24,"column":44}},"loc":{"start":{"line":24,"column":67},"end":{"line":29,"column":1}},"line":24},"7":{"name":"isItemSoldOnMarketplace","decl":{"start":{"line":31,"column":16},"end":{"line":31,"column":39}},"loc":{"start":{"line":31,"column":65},"end":{"line":33,"column":1}},"line":31},"8":{"name":"markItemPaidSold","decl":{"start":{"line":35,"column":16},"end":{"line":35,"column":32}},"loc":{"start":{"line":35,"column":55},"end":{"line":40,"column":1}},"line":35}},"branchMap":{"0":{"loc":{"start":{"line":25,"column":2},"end":{"line":25,"column":34}},"type":"if","locations":[{"start":{"line":25,"column":2},"end":{"line":25,"column":34}},{"start":{},"end":{}}],"line":25},"1":{"loc":{"start":{"line":26,"column":2},"end":{"line":26,"column":37}},"type":"if","locations":[{"start":{"line":26,"column":2},"end":{"line":26,"column":37}},{"start":{},"end":{}}],"line":26},"2":{"loc":{"start":{"line":37,"column":2},"end":{"line":37,"column":34}},"type":"if","locations":[{"start":{"line":37,"column":2},"end":{"line":37,"column":34}},{"start":{},"end":{}}],"line":37}},"s":{"0":1,"1":1,"2":1,"3":1,"4":0,"5":0,"6":0,"7":4,"8":4,"9":4,"10":28,"11":34,"12":0,"13":0,"14":0,"15":0,"16":0,"17":0,"18":68,"19":0,"20":0,"21":0,"22":0,"23":0},"f":{"0":0,"1":0,"2":4,"3":4,"4":28,"5":34,"6":0,"7":68,"8":0},"b":{"0":[0,0],"1":[0,0],"2":[0,0]},"_coverageSchema":"1a1c01bbd47fc00a2c39e90264f33305004495a9","hash":"16c43b13e0c532f4ae9767e22008d4966b7d6816"}
,"/Users/freddiedebruyn/Documents/SEP/2025-SecondhandMarketplace2/frontend/store/transactionStore.ts": {"path":"/Users/freddiedebruyn/Documents/SEP/2025-SecondhandMarketplace2/frontend/store/transactionStore.ts","statementMap":{"0":{"start":{"line":3,"column":42},"end":{"line":3,"column":44}},"1":{"start":{"line":4,"column":47},"end":{"line":4,"column":49}},"2":{"start":{"line":6,"column":52},"end":{"line":6,"column":54}},"3":{"start":{"line":9,"column":2},"end":{"line":9,"column":36}},"4":{"start":{"line":13,"column":2},"end":{"line":16,"column":4}},"5":{"start":{"line":20,"column":2},"end":{"line":23,"column":4}},"6":{"start":{"line":27,"column":2},"end":{"line":27,"column":42}},"7":{"start":{"line":31,"column":2},"end":{"line":31,"column":52}},"8":{"start":{"line":31,"column":45},"end":{"line":31,"column":52}},"9":{"start":{"line":32,"column":2},"end":{"line":32,"column":72}},"10":{"start":{"line":36,"column":2},"end":{"line":36,"column":39}}},"fnMap":{"0":{"name":"getOfferForItem","decl":{"start":{"line":8,"column":16},"end":{"line":8,"column":31}},"loc":{"start":{"line":8,"column":56},"end":{"line":10,"column":1}},"line":8},"1":{"name":"setOfferForItem","decl":{"start":{"line":12,"column":16},"end":{"line":12,"column":31}},"loc":{"start":{"line":12,"column":69},"end":{"line":17,"column":1}},"line":12},"2":{"name":"markOfferSentForItem","decl":{"start":{"line":19,"column":16},"end":{"line":19,"column":36}},"loc":{"start":{"line":19,"column":59},"end":{"line":24,"column":1}},"line":19},"3":{"name":"hasSentOfferForItem","decl":{"start":{"line":26,"column":16},"end":{"line":26,"column":35}},"loc":{"start":{"line":26,"column":61},"end":{"line":28,"column":1}},"line":26},"4":{"name":"setAcceptedOfferItemPrice","decl":{"start":{"line":30,"column":16},"end":{"line":30,"column":41}},"loc":{"start":{"line":30,"column":79},"end":{"line":33,"column":1}},"line":30},"5":{"name":"getAcceptedOfferItemPrice","decl":{"start":{"line":35,"column":16},"end":{"line":35,"column":41}},"loc":{"start":{"line":35,"column":78},"end":{"line":37,"column":1}},"line":35}},"branchMap":{"0":{"loc":{"start":{"line":9,"column":9},"end":{"line":9,"column":35}},"type":"binary-expr","locations":[{"start":{"line":9,"column":9},"end":{"line":9,"column":29}},{"start":{"line":9,"column":33},"end":{"line":9,"column":35}}],"line":9},"1":{"loc":{"start":{"line":31,"column":2},"end":{"line":31,"column":52}},"type":"if","locations":[{"start":{"line":31,"column":2},"end":{"line":31,"column":52}},{"start":{},"end":{}}],"line":31},"2":{"loc":{"start":{"line":31,"column":6},"end":{"line":31,"column":43}},"type":"binary-expr","locations":[{"start":{"line":31,"column":6},"end":{"line":31,"column":29}},{"start":{"line":31,"column":33},"end":{"line":31,"column":43}}],"line":31}},"s":{"0":0,"1":0,"2":0,"3":0,"4":0,"5":0,"6":0,"7":0,"8":0,"9":0,"10":0},"f":{"0":0,"1":0,"2":0,"3":0,"4":0,"5":0},"b":{"0":[0,0],"1":[0,0],"2":[0,0]}}
}
