TN:
SF:eslint.config.js
FNF:0
FNH:0
DA:2,0
DA:3,0
DA:5,0
LF:3
LH:0
BRF:0
BRH:0
end_of_record
TN:
SF:expo-env.d.ts
FNF:0
FNH:0
LF:0
LH:0
BRF:0
BRH:0
end_of_record
TN:
SF:.expo/types/router.d.ts
FNF:0
FNH:0
LF:0
LH:0
BRF:0
BRH:0
end_of_record
TN:
SF:app/_layout.tsx
FN:16,RootLayout
FNF:1
FNH:0
FNDA:0,RootLayout
DA:12,0
DA:17,0
DA:19,0
LF:3
LH:0
BRF:0
BRH:0
end_of_record
TN:
SF:app/(tabs)/_layout.tsx
FN:10,TabLayout
FN:60,(anonymous_1)
FN:68,(anonymous_2)
FN:76,(anonymous_3)
FN:86,(anonymous_4)
FN:94,(anonymous_5)
FNF:6
FNH:6
FNDA:3,TabLayout
FNDA:3,(anonymous_1)
FNDA:3,(anonymous_2)
FNDA:3,(anonymous_3)
FNDA:3,(anonymous_4)
FNDA:3,(anonymous_5)
DA:11,3
DA:60,3
DA:68,3
DA:76,3
DA:86,3
DA:94,3
LF:6
LH:6
BRF:0
BRH:0
end_of_record
TN:
SF:app/(tabs)/explore.tsx
FN:26,Explore
FN:32,(anonymous_1)
FN:32,(anonymous_2)
FN:36,(anonymous_3)
FN:36,(anonymous_4)
FN:45,(anonymous_5)
FN:46,(anonymous_6)
FN:48,(anonymous_7)
FN:48,(anonymous_8)
FN:53,(anonymous_9)
FN:62,(anonymous_10)
FN:66,(anonymous_11)
FN:70,(anonymous_12)
FN:73,(anonymous_13)
FN:74,(anonymous_14)
FN:74,(anonymous_15)
FN:77,(anonymous_16)
FN:79,(anonymous_17)
FN:82,(anonymous_18)
FN:101,(anonymous_19)
FN:109,(anonymous_20)
FN:126,(anonymous_21)
FN:156,(anonymous_22)
FN:180,(anonymous_23)
FN:185,(anonymous_24)
FN:185,(anonymous_25)
FN:196,(anonymous_26)
FN:209,(anonymous_27)
FN:218,(anonymous_28)
FN:237,(anonymous_29)
FN:260,(anonymous_30)
FN:261,(anonymous_31)
FN:261,(anonymous_32)
FN:315,(anonymous_33)
FN:316,(anonymous_34)
FN:322,(anonymous_35)
FN:328,(anonymous_36)
FN:341,(anonymous_37)
FN:346,(anonymous_38)
FN:366,(anonymous_39)
FNF:40
FNH:29
FNDA:23,Explore
FNDA:8,(anonymous_1)
FNDA:39,(anonymous_2)
FNDA:8,(anonymous_3)
FNDA:39,(anonymous_4)
FNDA:8,(anonymous_5)
FNDA:8,(anonymous_6)
FNDA:0,(anonymous_7)
FNDA:0,(anonymous_8)
FNDA:8,(anonymous_9)
FNDA:1,(anonymous_10)
FNDA:3,(anonymous_11)
FNDA:1,(anonymous_12)
FNDA:0,(anonymous_13)
FNDA:0,(anonymous_14)
FNDA:0,(anonymous_15)
FNDA:3,(anonymous_16)
FNDA:3,(anonymous_17)
FNDA:1,(anonymous_18)
FNDA:1,(anonymous_19)
FNDA:0,(anonymous_20)
FNDA:1,(anonymous_21)
FNDA:55,(anonymous_22)
FNDA:13,(anonymous_23)
FNDA:1,(anonymous_24)
FNDA:1,(anonymous_25)
FNDA:0,(anonymous_26)
FNDA:2,(anonymous_27)
FNDA:1,(anonymous_28)
FNDA:1,(anonymous_29)
FNDA:13,(anonymous_30)
FNDA:0,(anonymous_31)
FNDA:0,(anonymous_32)
FNDA:13,(anonymous_33)
FNDA:0,(anonymous_34)
FNDA:13,(anonymous_35)
FNDA:13,(anonymous_36)
FNDA:3,(anonymous_37)
FNDA:0,(anonymous_38)
FNDA:8,(anonymous_39)
DA:14,1
DA:15,1
DA:16,1
DA:17,1
DA:18,1
DA:19,1
DA:21,1
DA:27,23
DA:28,23
DA:29,23
DA:30,23
DA:31,23
DA:32,39
DA:35,23
DA:36,39
DA:39,23
DA:40,23
DA:41,23
DA:42,23
DA:43,23
DA:45,23
DA:46,8
DA:47,8
DA:48,0
DA:52,23
DA:54,8
DA:55,8
DA:60,23
DA:62,23
DA:63,1
DA:64,1
DA:65,1
DA:66,3
DA:70,1
DA:73,23
DA:74,0
DA:77,23
DA:78,3
DA:79,3
DA:82,23
DA:83,1
DA:84,1
DA:85,1
DA:86,1
DA:87,0
DA:88,0
DA:101,23
DA:102,1
DA:103,1
DA:106,23
DA:107,23
DA:109,23
DA:110,0
DA:111,0
DA:112,0
DA:113,0
DA:114,0
DA:126,23
DA:127,1
DA:128,1
DA:129,1
DA:140,23
DA:157,55
DA:180,13
DA:185,1
DA:197,0
DA:198,0
DA:210,2
DA:211,2
DA:218,1
DA:238,1
DA:260,13
DA:261,0
DA:315,13
DA:316,0
DA:322,13
DA:328,13
DA:342,3
DA:346,0
DA:366,8
DA:381,1
LF:81
LH:67
BRDA:47,0,0,8
BRDA:47,0,1,0
BRDA:48,1,0,0
BRDA:48,1,1,0
BRDA:63,2,0,0
BRDA:63,2,1,1
BRDA:84,3,0,1
BRDA:84,3,1,0
BRDA:84,4,0,1
BRDA:84,4,1,1
BRDA:86,5,0,0
BRDA:86,5,1,1
BRDA:106,6,0,13
BRDA:106,6,1,10
BRDA:107,7,0,13
BRDA:107,7,1,10
BRDA:110,8,0,0
BRDA:110,8,1,0
BRDA:112,9,0,0
BRDA:112,9,1,0
BRDA:128,10,0,1
BRDA:128,10,1,0
BRDA:142,11,0,2
BRDA:142,11,1,21
BRDA:160,12,0,13
BRDA:160,12,1,42
BRDA:177,13,0,55
BRDA:177,13,1,13
BRDA:182,14,0,13
BRDA:182,14,1,0
BRDA:183,15,0,13
BRDA:183,15,1,2
BRDA:190,16,0,2
BRDA:190,16,1,11
BRDA:193,17,0,13
BRDA:193,17,1,2
BRDA:202,18,0,13
BRDA:202,18,1,2
BRDA:205,19,0,0
BRDA:205,19,1,2
BRDA:216,20,0,2
BRDA:216,20,1,1
BRDA:229,21,0,2
BRDA:229,21,1,1
BRDA:234,22,0,2
BRDA:234,22,1,1
BRDA:260,23,0,13
BRDA:260,23,1,0
BRDA:265,24,0,13
BRDA:265,24,1,0
BRDA:271,25,0,13
BRDA:271,25,1,13
BRDA:312,26,0,21
BRDA:312,26,1,13
BRDA:315,27,0,13
BRDA:315,27,1,0
BRDA:322,28,0,13
BRDA:322,28,1,0
BRDA:328,29,0,13
BRDA:328,29,1,0
BRDA:332,30,0,0
BRDA:332,30,1,13
BRDA:353,31,0,21
BRDA:353,31,1,8
BRDA:366,32,0,8
BRDA:366,32,1,8
BRF:66
BRH:47
end_of_record
TN:
SF:app/(tabs)/index.tsx
FN:27,HomeScreen
FN:39,(anonymous_1)
FN:43,(anonymous_2)
FN:47,(anonymous_3)
FN:57,(anonymous_4)
FN:77,(anonymous_5)
FN:100,(anonymous_6)
FN:103,(anonymous_7)
FN:107,(anonymous_8)
FN:111,(anonymous_9)
FN:117,(anonymous_10)
FN:118,(anonymous_11)
FN:121,(anonymous_12)
FN:142,(anonymous_13)
FN:144,(anonymous_14)
FN:152,(anonymous_15)
FN:153,(anonymous_16)
FN:164,(anonymous_17)
FN:220,(anonymous_18)
FNF:19
FNH:13
FNDA:12,HomeScreen
FNDA:4,(anonymous_1)
FNDA:11,(anonymous_2)
FNDA:6,(anonymous_3)
FNDA:12,(anonymous_4)
FNDA:1,(anonymous_5)
FNDA:0,(anonymous_6)
FNDA:0,(anonymous_7)
FNDA:0,(anonymous_8)
FNDA:0,(anonymous_9)
FNDA:8,(anonymous_10)
FNDA:7,(anonymous_11)
FNDA:1,(anonymous_12)
FNDA:34,(anonymous_13)
FNDA:0,(anonymous_14)
FNDA:34,(anonymous_15)
FNDA:1,(anonymous_16)
FNDA:0,(anonymous_17)
FNDA:1,(anonymous_18)
DA:28,12
DA:29,12
DA:30,12
DA:31,12
DA:32,12
DA:33,12
DA:34,12
DA:35,12
DA:37,12
DA:39,12
DA:40,4
DA:43,12
DA:44,11
DA:45,11
DA:46,1
DA:47,1
DA:48,6
DA:49,6
DA:50,6
DA:51,6
DA:52,4
DA:55,11
DA:56,11
DA:57,2
DA:58,12
DA:65,12
DA:67,12
DA:77,1
DA:100,0
DA:103,0
DA:107,0
DA:111,0
DA:117,8
DA:119,7
DA:122,1
DA:123,1
DA:143,34
DA:145,0
DA:148,34
DA:149,34
DA:152,34
DA:154,1
DA:155,1
DA:165,0
DA:166,0
DA:221,1
DA:222,1
DA:223,0
DA:224,0
DA:226,1
DA:251,1
LF:51
LH:42
BRDA:45,0,0,1
BRDA:45,0,1,10
BRDA:48,1,0,6
BRDA:48,1,1,0
BRDA:49,2,0,0
BRDA:49,2,1,6
BRDA:50,3,0,0
BRDA:50,3,1,6
BRDA:50,4,0,6
BRDA:50,4,1,0
BRDA:51,5,0,2
BRDA:51,5,1,4
BRDA:51,6,0,6
BRDA:51,6,1,6
BRDA:51,6,2,4
BRDA:56,7,0,9
BRDA:56,7,1,2
BRDA:58,8,0,12
BRDA:58,8,1,11
BRDA:58,8,2,10
BRDA:60,9,0,10
BRDA:60,9,1,0
BRDA:113,10,0,12
BRDA:113,10,1,11
BRDA:128,11,0,7
BRDA:128,11,1,0
BRDA:137,12,0,4
BRDA:137,12,1,8
BRDA:145,13,0,0
BRDA:145,13,1,0
BRDA:145,13,2,0
BRDA:145,14,0,0
BRDA:145,14,1,0
BRDA:148,15,0,34
BRDA:148,15,1,0
BRDA:152,16,0,34
BRDA:152,16,1,0
BRDA:184,17,0,34
BRDA:184,17,1,0
BRDA:191,18,0,34
BRDA:191,18,1,34
BRDA:191,18,2,34
BRDA:191,18,3,0
BRDA:197,19,0,0
BRDA:197,19,1,0
BRDA:207,20,0,0
BRDA:207,20,1,0
BRDA:213,21,0,0
BRDA:213,21,1,0
BRDA:222,22,0,0
BRDA:222,22,1,1
BRDA:231,23,0,0
BRDA:231,23,1,34
BRDA:234,24,0,0
BRDA:234,24,1,34
BRF:55
BRH:31
end_of_record
TN:
SF:app/(tabs)/liked-items.tsx
FN:24,getOrderedLikedItems
FN:28,(anonymous_1)
FN:28,(anonymous_2)
FN:32,(anonymous_3)
FN:33,(anonymous_4)
FN:37,(anonymous_5)
FN:37,(anonymous_6)
FN:38,(anonymous_7)
FN:41,LikedItemsScreen
FN:51,(anonymous_9)
FN:52,(anonymous_10)
FN:57,(anonymous_11)
FN:58,(anonymous_12)
FN:64,(anonymous_13)
FN:66,(anonymous_14)
FN:72,(anonymous_15)
FN:72,(anonymous_16)
FN:91,(anonymous_17)
FN:94,(anonymous_18)
FN:104,(anonymous_19)
FN:112,(anonymous_20)
FN:123,(anonymous_21)
FN:126,(anonymous_22)
FN:128,(anonymous_23)
FN:130,(anonymous_24)
FN:154,(anonymous_25)
FN:155,(anonymous_26)
FN:169,(anonymous_27)
FN:170,(anonymous_28)
FN:172,(anonymous_29)
FN:176,(anonymous_30)
FN:179,(anonymous_31)
FN:183,(anonymous_32)
FN:242,(anonymous_33)
FN:246,(anonymous_34)
FNF:35
FNH:27
FNDA:8,getOrderedLikedItems
FNDA:80,(anonymous_1)
FNDA:8,(anonymous_2)
FNDA:8,(anonymous_3)
FNDA:8,(anonymous_4)
FNDA:8,(anonymous_5)
FNDA:8,(anonymous_6)
FNDA:8,(anonymous_7)
FNDA:8,LikedItemsScreen
FNDA:8,(anonymous_9)
FNDA:3,(anonymous_10)
FNDA:8,(anonymous_11)
FNDA:0,(anonymous_12)
FNDA:1,(anonymous_13)
FNDA:1,(anonymous_14)
FNDA:3,(anonymous_15)
FNDA:3,(anonymous_16)
FNDA:2,(anonymous_17)
FNDA:0,(anonymous_18)
FNDA:0,(anonymous_19)
FNDA:2,(anonymous_20)
FNDA:8,(anonymous_21)
FNDA:2,(anonymous_22)
FNDA:2,(anonymous_23)
FNDA:8,(anonymous_24)
FNDA:0,(anonymous_25)
FNDA:0,(anonymous_26)
FNDA:4,(anonymous_27)
FNDA:0,(anonymous_28)
FNDA:0,(anonymous_29)
FNDA:2,(anonymous_30)
FNDA:2,(anonymous_31)
FNDA:1,(anonymous_32)
FNDA:6,(anonymous_33)
FNDA:0,(anonymous_34)
DA:18,1
DA:20,1
DA:28,80
DA:30,8
DA:32,8
DA:33,8
DA:36,8
DA:37,8
DA:38,8
DA:42,8
DA:43,8
DA:44,8
DA:45,8
DA:46,8
DA:47,8
DA:49,8
DA:51,8
DA:52,8
DA:53,3
DA:56,8
DA:58,8
DA:59,0
DA:64,8
DA:65,1
DA:66,1
DA:67,1
DA:68,1
DA:72,8
DA:73,3
DA:76,8
DA:77,8
DA:78,8
DA:80,8
DA:92,2
DA:95,0
DA:96,0
DA:105,0
DA:106,0
DA:112,2
DA:124,8
DA:127,2
DA:128,2
DA:130,8
DA:154,0
DA:156,0
DA:157,0
DA:169,4
DA:171,0
DA:172,0
DA:177,2
DA:180,2
DA:184,1
DA:185,1
DA:243,6
DA:247,0
DA:248,0
DA:284,1
LF:57
LH:45
BRDA:30,0,0,8
BRDA:30,0,1,0
BRDA:65,1,0,0
BRDA:65,1,1,1
BRDA:73,2,0,0
BRDA:73,2,1,3
BRDA:90,3,0,2
BRDA:90,3,1,6
BRDA:113,4,0,0
BRDA:113,4,1,2
BRDA:131,5,0,0
BRDA:131,5,1,8
BRDA:136,6,0,2
BRDA:136,6,1,6
BRDA:145,7,0,0
BRDA:145,7,1,8
BRDA:154,8,0,0
BRDA:154,8,1,0
BRDA:166,9,0,2
BRDA:166,9,1,6
BRDA:204,10,0,2
BRDA:204,10,1,2
BRDA:205,11,0,0
BRDA:205,11,1,2
BRDA:245,12,0,6
BRDA:245,12,1,6
BRF:26
BRH:17
end_of_record
TN:
SF:app/(tabs)/profile.tsx
FN:13,AuthGate
FN:35,HomeScreen
FN:40,(anonymous_2)
FN:45,(anonymous_3)
FN:52,(anonymous_4)
FN:57,(anonymous_5)
FN:99,(anonymous_6)
FN:100,(anonymous_7)
FN:101,(anonymous_8)
FNF:9
FNH:8
FNDA:1,AuthGate
FNDA:7,HomeScreen
FNDA:5,(anonymous_2)
FNDA:3,(anonymous_3)
FNDA:3,(anonymous_4)
FNDA:0,(anonymous_5)
FNDA:12,(anonymous_6)
FNDA:22,(anonymous_7)
FNDA:18,(anonymous_8)
DA:10,1
DA:11,1
DA:14,1
DA:36,7
DA:37,7
DA:38,7
DA:40,7
DA:41,5
DA:42,3
DA:46,3
DA:47,1
DA:48,1
DA:50,2
DA:53,3
DA:54,2
DA:55,2
DA:60,7
DA:61,1
DA:64,6
DA:70,6
DA:99,12
DA:100,22
DA:102,18
DA:126,1
DA:160,1
DA:166,1
LF:26
LH:26
BRDA:41,0,0,2
BRDA:41,0,1,3
BRDA:41,1,0,5
BRDA:41,1,1,4
BRDA:46,2,0,1
BRDA:46,2,1,2
BRDA:53,3,0,1
BRDA:53,3,1,2
BRDA:60,4,0,1
BRDA:60,4,1,6
BRDA:76,5,0,5
BRDA:76,5,1,1
BRDA:80,6,0,6
BRDA:80,6,1,1
BRF:14
BRH:14
end_of_record
TN:
SF:app/(tabs)/sell.tsx
FN:23,HomeScreen
FN:36,(anonymous_1)
FN:51,(anonymous_2)
FN:52,(anonymous_3)
FN:65,(anonymous_4)
FN:66,(anonymous_5)
FN:74,(anonymous_6)
FN:89,(anonymous_7)
FN:101,(anonymous_8)
FN:108,(anonymous_9)
FN:114,(anonymous_10)
FN:136,(anonymous_11)
FN:184,(anonymous_12)
FN:188,(anonymous_13)
FN:200,(anonymous_14)
FN:204,(anonymous_15)
FN:219,(anonymous_16)
FN:223,(anonymous_17)
FN:225,(anonymous_18)
FN:241,(anonymous_19)
FN:274,(anonymous_20)
FN:279,(anonymous_21)
FN:307,(anonymous_22)
FN:339,(anonymous_23)
FN:340,(anonymous_24)
FN:343,(anonymous_25)
FNF:26
FNH:16
FNDA:19,HomeScreen
FNDA:2,(anonymous_1)
FNDA:2,(anonymous_2)
FNDA:2,(anonymous_3)
FNDA:0,(anonymous_4)
FNDA:0,(anonymous_5)
FNDA:1,(anonymous_6)
FNDA:1,(anonymous_7)
FNDA:1,(anonymous_8)
FNDA:76,(anonymous_9)
FNDA:2,(anonymous_10)
FNDA:1,(anonymous_11)
FNDA:0,(anonymous_12)
FNDA:0,(anonymous_13)
FNDA:0,(anonymous_14)
FNDA:0,(anonymous_15)
FNDA:0,(anonymous_16)
FNDA:0,(anonymous_17)
FNDA:3,(anonymous_18)
FNDA:1,(anonymous_19)
FNDA:4,(anonymous_20)
FNDA:0,(anonymous_21)
FNDA:0,(anonymous_22)
FNDA:4,(anonymous_23)
FNDA:3,(anonymous_24)
FNDA:1,(anonymous_25)
DA:12,1
DA:13,1
DA:14,1
DA:15,1
DA:17,1
DA:18,1
DA:19,1
DA:21,1
DA:24,19
DA:26,19
DA:27,19
DA:28,19
DA:29,19
DA:30,19
DA:31,19
DA:32,19
DA:33,19
DA:36,19
DA:37,2
DA:38,0
DA:39,0
DA:42,2
DA:50,2
DA:51,2
DA:52,2
DA:54,2
DA:55,0
DA:56,0
DA:59,2
DA:61,2
DA:65,19
DA:66,0
DA:71,19
DA:72,19
DA:74,19
DA:75,1
DA:76,1
DA:89,19
DA:90,1
DA:102,1
DA:108,19
DA:109,76
DA:110,76
DA:111,72
DA:114,19
DA:115,2
DA:116,2
DA:119,2
DA:120,2
DA:121,2
DA:122,2
DA:123,2
DA:125,2
DA:127,2
DA:128,1
DA:129,1
DA:131,1
DA:132,1
DA:133,1
DA:134,1
DA:136,1
DA:137,1
DA:145,1
DA:153,1
DA:155,1
DA:156,1
DA:158,0
DA:162,0
DA:167,19
DA:185,0
DA:186,0
DA:188,0
DA:201,0
DA:202,0
DA:204,0
DA:220,0
DA:221,0
DA:223,0
DA:227,3
DA:228,2
DA:242,1
DA:243,1
DA:275,4
DA:279,0
DA:307,0
DA:339,4
DA:341,3
DA:344,1
DA:345,1
DA:346,1
DA:363,1
LF:91
LH:73
BRDA:37,0,0,0
BRDA:37,0,1,2
BRDA:50,1,0,2
BRDA:50,1,1,0
BRDA:54,2,0,0
BRDA:54,2,1,2
BRDA:54,3,0,2
BRDA:54,3,1,0
BRDA:61,4,0,0
BRDA:61,4,1,2
BRDA:109,5,0,0
BRDA:109,5,1,76
BRDA:110,6,0,4
BRDA:110,6,1,72
BRDA:119,7,0,1
BRDA:119,7,1,1
BRDA:120,8,0,1
BRDA:120,8,1,1
BRDA:121,9,0,1
BRDA:121,9,1,1
BRDA:122,10,0,1
BRDA:122,10,1,1
BRDA:123,11,0,1
BRDA:123,11,1,1
BRDA:127,12,0,1
BRDA:127,12,1,1
BRDA:155,13,0,1
BRDA:155,13,1,0
BRDA:186,14,0,0
BRDA:186,14,1,0
BRDA:202,15,0,0
BRDA:202,15,1,0
BRDA:221,16,0,0
BRDA:221,16,1,0
BRDA:227,17,0,2
BRDA:227,17,1,1
BRDA:242,18,0,0
BRDA:242,18,1,1
BRDA:246,19,0,4
BRDA:246,19,1,15
BRDA:247,20,0,19
BRDA:247,20,1,15
BRDA:256,21,0,19
BRDA:256,21,1,19
BRDA:259,22,0,1
BRDA:259,22,1,18
BRDA:345,23,0,0
BRDA:345,23,1,1
BRDA:350,24,0,3
BRDA:350,24,1,2
BRF:50
BRH:35
end_of_record
TN:
SF:app/auth/login.tsx
FN:13,LoginScreen
FN:24,handleLogin
FN:58,(anonymous_2)
FNF:3
FNH:2
FNDA:13,LoginScreen
FNDA:3,handleLogin
FNDA:0,(anonymous_2)
DA:10,1
DA:11,1
DA:14,13
DA:15,13
DA:16,13
DA:17,13
DA:18,13
DA:19,13
DA:20,13
DA:21,13
DA:22,13
DA:25,3
DA:26,1
DA:27,1
DA:29,2
DA:30,2
DA:31,2
DA:32,2
DA:37,2
DA:38,2
DA:39,1
DA:40,1
DA:42,1
DA:43,1
DA:45,0
DA:47,2
DA:51,13
DA:58,0
DA:104,1
LF:29
LH:27
BRDA:25,0,0,1
BRDA:25,0,1,2
BRDA:25,1,0,3
BRDA:25,1,1,2
BRDA:38,2,0,1
BRDA:38,2,1,1
BRDA:39,3,0,1
BRDA:39,3,1,0
BRDA:88,4,0,2
BRDA:88,4,1,11
BRDA:91,5,0,2
BRDA:91,5,1,11
BRF:12
BRH:11
end_of_record
TN:
SF:app/auth/signup.tsx
FN:13,SignUpScreen
FN:25,handleSignUp
FN:69,(anonymous_2)
FNF:3
FNH:2
FNDA:38,SignUpScreen
FNDA:7,handleSignUp
FNDA:0,(anonymous_2)
DA:10,1
DA:11,1
DA:14,38
DA:15,38
DA:16,38
DA:17,38
DA:18,38
DA:19,38
DA:20,38
DA:21,38
DA:22,38
DA:23,38
DA:26,7
DA:27,1
DA:28,1
DA:30,6
DA:31,6
DA:32,6
DA:33,6
DA:38,4
DA:39,4
DA:40,1
DA:41,1
DA:43,3
DA:48,2
DA:49,2
DA:50,1
DA:51,1
DA:53,1
DA:54,1
DA:56,2
DA:58,5
DA:62,38
DA:69,0
DA:124,1
LF:35
LH:34
BRDA:26,0,0,1
BRDA:26,0,1,6
BRDA:26,1,0,7
BRDA:26,1,1,6
BRDA:26,1,2,6
BRDA:39,2,0,1
BRDA:39,2,1,3
BRDA:40,3,0,1
BRDA:40,3,1,0
BRDA:49,4,0,1
BRDA:49,4,1,1
BRDA:50,5,0,1
BRDA:50,5,1,0
BRDA:108,6,0,5
BRDA:108,6,1,33
BRDA:111,7,0,6
BRDA:111,7,1,32
BRF:17
BRH:15
end_of_record
TN:
SF:app/items/[id].tsx
FN:30,HomeScreen
FN:54,(anonymous_1)
FN:54,(anonymous_2)
FN:57,(anonymous_3)
FN:64,(anonymous_4)
FN:74,(anonymous_5)
FN:100,(anonymous_6)
FN:141,(anonymous_7)
FN:157,(anonymous_8)
FN:212,(anonymous_9)
FN:253,(anonymous_10)
FN:259,(anonymous_11)
FN:260,(anonymous_12)
FN:262,(anonymous_13)
FN:278,(anonymous_14)
FN:286,(anonymous_15)
FN:295,(anonymous_16)
FN:317,(anonymous_17)
FN:349,(anonymous_18)
FN:379,(anonymous_19)
FN:384,(anonymous_20)
FN:393,(anonymous_21)
FN:415,(anonymous_22)
FNF:23
FNH:17
FNDA:11,HomeScreen
FNDA:9,(anonymous_1)
FNDA:17,(anonymous_2)
FNDA:14,(anonymous_3)
FNDA:9,(anonymous_4)
FNDA:21,(anonymous_5)
FNDA:0,(anonymous_6)
FNDA:8,(anonymous_7)
FNDA:0,(anonymous_8)
FNDA:0,(anonymous_9)
FNDA:6,(anonymous_10)
FNDA:1,(anonymous_11)
FNDA:1,(anonymous_12)
FNDA:0,(anonymous_13)
FNDA:0,(anonymous_14)
FNDA:2,(anonymous_15)
FNDA:1,(anonymous_16)
FNDA:1,(anonymous_17)
FNDA:1,(anonymous_18)
FNDA:0,(anonymous_19)
FNDA:1,(anonymous_20)
FNDA:1,(anonymous_21)
FNDA:3,(anonymous_22)
DA:28,1
DA:31,11
DA:42,11
DA:43,11
DA:44,11
DA:45,11
DA:46,11
DA:47,11
DA:48,11
DA:49,11
DA:50,11
DA:51,11
DA:52,11
DA:53,11
DA:54,17
DA:57,14
DA:58,11
DA:59,11
DA:61,11
DA:63,11
DA:64,11
DA:65,9
DA:66,9
DA:67,9
DA:68,9
DA:72,11
DA:74,21
DA:76,11
DA:77,1
DA:84,10
DA:95,10
DA:96,10
DA:98,10
DA:101,0
DA:104,10
DA:105,10
DA:106,10
DA:107,10
DA:114,10
DA:119,10
DA:120,10
DA:126,10
DA:127,10
DA:129,10
DA:130,10
DA:131,10
DA:132,10
DA:133,10
DA:134,10
DA:135,10
DA:136,10
DA:137,10
DA:138,10
DA:140,10
DA:142,8
DA:143,8
DA:146,10
DA:151,10
DA:158,0
DA:159,0
DA:160,0
DA:162,0
DA:163,0
DA:164,0
DA:166,0
DA:167,0
DA:168,0
DA:170,0
DA:171,0
DA:172,0
DA:174,0
DA:175,0
DA:176,0
DA:178,0
DA:179,0
DA:180,0
DA:182,0
DA:213,0
DA:214,0
DA:215,0
DA:253,6
DA:260,1
DA:263,0
DA:264,0
DA:279,0
DA:287,2
DA:288,2
DA:296,1
DA:297,1
DA:318,1
DA:319,1
DA:349,1
DA:379,0
DA:385,1
DA:394,1
DA:395,1
DA:416,3
DA:417,1
DA:418,1
DA:420,2
DA:421,0
DA:422,0
DA:424,2
DA:425,1
DA:426,1
DA:428,1
DA:429,1
DA:454,1
DA:459,1
LF:109
LH:80
BRDA:51,0,0,0
BRDA:51,0,1,11
BRDA:59,1,0,10
BRDA:59,1,1,1
BRDA:74,2,0,11
BRDA:74,2,1,4
BRDA:74,2,2,1
BRDA:76,3,0,1
BRDA:76,3,1,10
BRDA:95,4,0,0
BRDA:95,4,1,10
BRDA:98,5,0,10
BRDA:98,5,1,9
BRDA:101,6,0,0
BRDA:101,6,1,0
BRDA:101,6,2,0
BRDA:101,7,0,0
BRDA:101,7,1,0
BRDA:104,8,0,10
BRDA:104,8,1,9
BRDA:105,9,0,10
BRDA:105,9,1,9
BRDA:106,10,0,10
BRDA:106,10,1,9
BRDA:106,10,2,1
BRDA:107,11,0,1
BRDA:107,11,1,9
BRDA:109,12,0,0
BRDA:109,12,1,9
BRDA:111,13,0,1
BRDA:111,13,1,8
BRDA:114,14,0,1
BRDA:114,14,1,9
BRDA:116,15,0,0
BRDA:116,15,1,9
BRDA:126,16,0,10
BRDA:126,16,1,9
BRDA:126,16,2,8
BRDA:127,17,0,1
BRDA:127,17,1,9
BRDA:127,18,0,0
BRDA:127,18,1,9
BRDA:127,19,0,1
BRDA:127,19,1,8
BRDA:132,20,0,10
BRDA:132,20,1,0
BRDA:133,21,0,10
BRDA:133,21,1,0
BRDA:134,22,0,10
BRDA:134,22,1,0
BRDA:135,23,0,10
BRDA:135,23,1,0
BRDA:158,24,0,0
BRDA:158,24,1,0
BRDA:162,25,0,0
BRDA:162,25,1,0
BRDA:166,26,0,0
BRDA:166,26,1,0
BRDA:170,27,0,0
BRDA:170,27,1,0
BRDA:174,28,0,0
BRDA:174,28,1,0
BRDA:178,29,0,0
BRDA:178,29,1,0
BRDA:189,30,0,0
BRDA:189,30,1,10
BRDA:202,31,0,8
BRDA:202,31,1,2
BRDA:202,32,0,10
BRDA:202,32,1,8
BRDA:202,32,2,8
BRDA:202,32,3,0
BRDA:213,33,0,0
BRDA:213,33,1,0
BRDA:222,34,0,2
BRDA:222,34,1,8
BRDA:225,35,0,2
BRDA:225,35,1,8
BRDA:235,36,0,10
BRDA:235,36,1,2
BRDA:250,37,0,10
BRDA:250,37,1,8
BRDA:250,37,2,7
BRDA:250,37,3,6
BRDA:250,37,4,6
BRDA:255,38,0,6
BRDA:255,38,1,6
BRDA:255,38,2,0
BRDA:256,39,0,6
BRDA:256,39,1,0
BRDA:257,40,0,6
BRDA:257,40,1,2
BRDA:271,41,0,2
BRDA:271,41,1,4
BRDA:275,42,0,10
BRDA:275,42,1,8
BRDA:275,42,2,7
BRDA:275,42,3,6
BRDA:275,42,4,6
BRDA:275,42,5,2
BRDA:283,43,0,0
BRDA:283,43,1,2
BRDA:293,44,0,2
BRDA:293,44,1,1
BRDA:309,45,0,2
BRDA:309,45,1,1
BRDA:314,46,0,2
BRDA:314,46,1,1
BRDA:325,47,0,1
BRDA:325,47,1,1
BRDA:326,48,0,0
BRDA:326,48,1,1
BRDA:326,49,0,0
BRDA:326,49,1,1
BRDA:326,50,0,0
BRDA:326,50,1,1
BRDA:327,51,0,0
BRDA:327,51,1,1
BRDA:327,52,0,1
BRDA:327,52,1,1
BRDA:328,53,0,0
BRDA:328,53,1,1
BRDA:328,54,0,1
BRDA:328,54,1,1
BRDA:329,55,0,0
BRDA:329,55,1,1
BRDA:329,56,0,1
BRDA:329,56,1,1
BRDA:345,57,0,10
BRDA:345,57,1,8
BRDA:352,58,0,0
BRDA:352,58,1,8
BRDA:352,59,0,0
BRDA:352,59,1,8
BRDA:377,60,0,2
BRDA:377,60,1,8
BRDA:406,61,0,8
BRDA:406,61,1,0
BRDA:406,62,0,8
BRDA:406,62,1,8
BRDA:406,62,2,0
BRDA:412,63,0,8
BRDA:412,63,1,2
BRDA:413,64,0,8
BRDA:413,64,1,0
BRDA:416,65,0,1
BRDA:416,65,1,2
BRDA:420,66,0,0
BRDA:420,66,1,2
BRDA:424,67,0,1
BRDA:424,67,1,1
BRDA:434,68,0,1
BRDA:434,68,1,1
BRDA:435,69,0,0
BRDA:435,69,1,1
BRDA:435,70,0,0
BRDA:435,70,1,1
BRDA:436,71,0,0
BRDA:436,71,1,1
BRDA:436,72,0,1
BRDA:436,72,1,1
BRDA:437,73,0,0
BRDA:437,73,1,1
BRDA:437,74,0,1
BRDA:437,74,1,1
BRDA:438,75,0,0
BRDA:438,75,1,1
BRDA:438,76,0,1
BRDA:438,76,1,1
BRDA:439,77,0,0
BRDA:439,77,1,1
BRF:171
BRH:120
end_of_record
TN:
SF:app/items/_layout.tsx
FN:8,ItemsLayout
FN:22,(anonymous_1)
FN:25,(anonymous_2)
FNF:3
FNH:0
FNDA:0,ItemsLayout
FNDA:0,(anonymous_1)
FNDA:0,(anonymous_2)
DA:6,0
DA:9,0
DA:10,0
DA:11,0
DA:13,0
DA:23,0
DA:25,0
LF:7
LH:0
BRDA:23,0,0,0
BRDA:23,0,1,0
BRF:2
BRH:0
end_of_record
TN:
SF:app/items/chat.tsx
FN:18,formatMessageTime
FN:25,getMatchChatKey
FN:31,App
FN:52,(anonymous_3)
FN:78,(anonymous_4)
FN:82,(anonymous_5)
FN:103,(anonymous_6)
FN:108,(anonymous_7)
FN:111,(anonymous_8)
FN:116,(anonymous_9)
FN:117,(anonymous_10)
FN:123,(anonymous_11)
FN:127,(anonymous_12)
FN:131,(anonymous_13)
FN:137,(anonymous_14)
FN:143,(anonymous_15)
FN:149,(anonymous_16)
FN:165,(anonymous_17)
FN:170,(anonymous_18)
FN:173,(anonymous_19)
FN:180,(anonymous_20)
FN:193,(anonymous_21)
FN:247,(anonymous_22)
FN:259,(anonymous_23)
FN:276,(anonymous_24)
FN:291,(anonymous_25)
FNF:26
FNH:13
FNDA:1,formatMessageTime
FNDA:7,getMatchChatKey
FNDA:7,App
FNDA:5,(anonymous_3)
FNDA:1,(anonymous_4)
FNDA:1,(anonymous_5)
FNDA:4,(anonymous_6)
FNDA:4,(anonymous_7)
FNDA:0,(anonymous_8)
FNDA:0,(anonymous_9)
FNDA:4,(anonymous_10)
FNDA:1,(anonymous_11)
FNDA:1,(anonymous_12)
FNDA:0,(anonymous_13)
FNDA:0,(anonymous_14)
FNDA:0,(anonymous_15)
FNDA:1,(anonymous_16)
FNDA:0,(anonymous_17)
FNDA:0,(anonymous_18)
FNDA:0,(anonymous_19)
FNDA:0,(anonymous_20)
FNDA:0,(anonymous_21)
FNDA:0,(anonymous_22)
FNDA:0,(anonymous_23)
FNDA:0,(anonymous_24)
FNDA:1,(anonymous_25)
DA:16,1
DA:19,1
DA:26,7
DA:32,7
DA:33,7
DA:34,7
DA:35,7
DA:37,7
DA:46,7
DA:47,7
DA:48,7
DA:49,7
DA:50,7
DA:51,7
DA:52,7
DA:53,7
DA:54,7
DA:55,7
DA:56,7
DA:57,7
DA:58,7
DA:59,7
DA:60,7
DA:61,7
DA:62,7
DA:63,7
DA:64,7
DA:65,7
DA:66,7
DA:67,7
DA:68,7
DA:69,7
DA:70,7
DA:71,7
DA:72,7
DA:73,7
DA:74,7
DA:75,7
DA:76,7
DA:78,7
DA:79,1
DA:83,1
DA:84,1
DA:86,1
DA:95,7
DA:96,1
DA:103,6
DA:104,4
DA:105,4
DA:108,6
DA:109,4
DA:110,4
DA:111,4
DA:112,0
DA:113,0
DA:114,0
DA:116,4
DA:117,4
DA:118,4
DA:119,4
DA:123,6
DA:124,1
DA:125,1
DA:126,1
DA:127,1
DA:128,1
DA:131,6
DA:132,0
DA:133,0
DA:134,0
DA:137,6
DA:138,0
DA:139,0
DA:140,0
DA:143,6
DA:144,0
DA:145,0
DA:146,0
DA:149,6
DA:150,1
DA:151,0
DA:152,0
DA:154,1
DA:155,1
DA:156,1
DA:158,0
DA:159,0
DA:160,0
DA:162,0
DA:165,6
DA:166,0
DA:167,0
DA:168,0
DA:169,0
DA:170,0
DA:173,6
DA:174,0
DA:175,0
DA:176,0
DA:177,0
DA:180,6
DA:181,0
DA:182,0
DA:183,0
DA:188,0
DA:189,0
DA:190,0
DA:193,6
DA:194,0
DA:195,0
DA:196,0
DA:201,0
DA:202,0
DA:203,0
DA:206,6
DA:247,0
DA:259,0
DA:276,0
DA:292,1
DA:360,1
LF:120
LH:78
BRDA:26,0,0,7
BRDA:26,0,1,0
BRDA:34,1,0,7
BRDA:34,1,1,0
BRDA:50,2,0,7
BRDA:50,2,1,0
BRDA:50,3,0,7
BRDA:50,3,1,7
BRDA:52,4,0,5
BRDA:52,4,1,0
BRDA:57,5,0,7
BRDA:57,5,1,0
BRDA:58,6,0,7
BRDA:58,6,1,0
BRDA:59,7,0,7
BRDA:59,7,1,1
BRDA:59,8,0,1
BRDA:59,8,1,0
BRDA:61,9,0,0
BRDA:61,9,1,7
BRDA:63,10,0,0
BRDA:63,10,1,7
BRDA:65,11,0,0
BRDA:65,11,1,7
BRDA:67,12,0,0
BRDA:67,12,1,7
BRDA:68,13,0,0
BRDA:68,13,1,7
BRDA:69,14,0,0
BRDA:69,14,1,7
BRDA:70,15,0,0
BRDA:70,15,1,7
BRDA:71,16,0,0
BRDA:71,16,1,7
BRDA:74,17,0,0
BRDA:74,17,1,7
BRDA:75,18,0,0
BRDA:75,18,1,7
BRDA:75,19,0,7
BRDA:75,19,1,7
BRDA:76,20,0,0
BRDA:76,20,1,7
BRDA:76,21,0,7
BRDA:76,21,1,0
BRDA:83,22,0,1
BRDA:83,22,1,0
BRDA:83,23,0,1
BRDA:83,23,1,1
BRDA:95,24,0,1
BRDA:95,24,1,6
BRDA:104,25,0,0
BRDA:104,25,1,4
BRDA:109,26,0,4
BRDA:109,26,1,0
BRDA:110,27,0,4
BRDA:110,27,1,0
BRDA:113,28,0,0
BRDA:113,28,1,0
BRDA:125,29,0,0
BRDA:125,29,1,1
BRDA:125,30,0,1
BRDA:125,30,1,1
BRDA:150,31,0,0
BRDA:150,31,1,1
BRDA:150,32,0,1
BRDA:150,32,1,1
BRDA:154,33,0,1
BRDA:154,33,1,0
BRDA:154,34,0,1
BRDA:154,34,1,0
BRDA:158,35,0,0
BRDA:158,35,1,0
BRDA:158,36,0,0
BRDA:158,36,1,0
BRDA:166,37,0,0
BRDA:166,37,1,0
BRDA:167,38,0,0
BRDA:167,38,1,0
BRDA:168,39,0,0
BRDA:168,39,1,0
BRDA:175,40,0,0
BRDA:175,40,1,0
BRDA:182,41,0,0
BRDA:182,41,1,0
BRDA:188,42,0,0
BRDA:188,42,1,0
BRDA:188,43,0,0
BRDA:188,43,1,0
BRDA:195,44,0,0
BRDA:195,44,1,0
BRDA:201,45,0,0
BRDA:201,45,1,0
BRDA:201,46,0,0
BRDA:201,46,1,0
BRDA:218,47,0,6
BRDA:218,47,1,6
BRDA:226,48,0,6
BRDA:226,48,1,0
BRDA:243,49,0,6
BRDA:243,49,1,0
BRDA:308,50,0,0
BRDA:308,50,1,6
BRDA:321,51,0,1
BRDA:321,51,1,5
BRDA:325,52,0,0
BRDA:325,52,1,6
BRDA:329,53,0,6
BRDA:329,53,1,0
BRDA:338,54,0,0
BRDA:338,54,1,0
BRDA:347,55,0,0
BRDA:347,55,1,0
BRF:112
BRH:50
end_of_record
TN:
SF:app/items/current-listing.tsx
FN:15,CurrentListingScreen
FN:29,(anonymous_1)
FN:47,(anonymous_2)
FN:48,(anonymous_3)
FN:66,(anonymous_4)
FN:70,(anonymous_5)
FNF:6
FNH:5
FNDA:6,CurrentListingScreen
FNDA:0,(anonymous_1)
FNDA:2,(anonymous_2)
FNDA:1,(anonymous_3)
FNDA:8,(anonymous_4)
FNDA:1,(anonymous_5)
DA:12,1
DA:13,1
DA:16,6
DA:17,6
DA:18,6
DA:19,6
DA:20,6
DA:21,6
DA:23,6
DA:29,0
DA:47,2
DA:49,1
DA:50,1
DA:67,8
DA:71,1
DA:72,1
DA:101,1
LF:17
LH:16
BRDA:34,0,0,6
BRDA:34,0,1,4
BRDA:38,1,0,2
BRDA:38,1,1,4
BRDA:47,2,0,2
BRDA:47,2,1,0
BRDA:69,3,0,8
BRDA:69,3,1,4
BRF:8
BRH:7
end_of_record
TN:
SF:app/items/logout.tsx
FN:5,LogoutScreen
FN:9,(anonymous_1)
FNF:2
FNH:2
FNDA:2,LogoutScreen
FNDA:2,(anonymous_1)
DA:6,2
DA:7,2
DA:9,2
DA:10,2
DA:11,2
DA:14,2
LF:6
LH:6
BRF:0
BRH:0
end_of_record
TN:
SF:app/items/match-preview.tsx
FN:12,MatchPreviewScreen
FN:37,(anonymous_1)
FN:61,(anonymous_2)
FN:70,(anonymous_3)
FN:86,(anonymous_4)
FNF:5
FNH:5
FNDA:8,MatchPreviewScreen
FNDA:1,(anonymous_1)
FNDA:1,(anonymous_2)
FNDA:1,(anonymous_3)
FNDA:1,(anonymous_4)
DA:10,1
DA:13,8
DA:21,8
DA:22,8
DA:23,8
DA:24,8
DA:25,8
DA:26,8
DA:27,8
DA:29,8
DA:30,3
DA:37,5
DA:38,1
DA:39,1
DA:42,1
DA:45,1
DA:58,5
DA:61,1
DA:70,1
DA:86,1
DA:111,1
LF:21
LH:21
BRDA:26,0,0,8
BRDA:26,0,1,0
BRDA:27,1,0,8
BRDA:27,1,1,0
BRDA:29,2,0,3
BRDA:29,2,1,5
BRDA:29,3,0,8
BRDA:29,3,1,6
BRF:8
BRH:6
end_of_record
TN:
SF:app/items/your-chats.tsx
FN:30,notificationCreatedAt
FN:34,statusLabelAndColor
FN:47,YourChatsScreen
FN:60,(anonymous_3)
FN:61,(anonymous_4)
FN:71,(anonymous_5)
FN:79,(anonymous_6)
FN:103,(anonymous_7)
FN:110,(anonymous_8)
FN:146,(anonymous_9)
FNF:10
FNH:10
FNDA:10,notificationCreatedAt
FNDA:7,statusLabelAndColor
FNDA:7,YourChatsScreen
FNDA:7,(anonymous_3)
FNDA:5,(anonymous_4)
FNDA:2,(anonymous_5)
FNDA:7,(anonymous_6)
FNDA:7,(anonymous_7)
FNDA:2,(anonymous_8)
FNDA:7,(anonymous_9)
DA:18,1
DA:20,1
DA:21,1
DA:22,1
DA:23,1
DA:25,1
DA:26,1
DA:27,1
DA:28,1
DA:31,10
DA:35,7
DA:36,2
DA:38,5
DA:39,3
DA:41,2
DA:42,2
DA:44,0
DA:48,7
DA:49,7
DA:50,7
DA:51,7
DA:52,7
DA:53,7
DA:59,7
DA:61,7
DA:65,7
DA:72,2
DA:73,1
DA:74,1
DA:76,1
DA:79,7
DA:104,7
DA:105,7
DA:106,7
DA:107,7
DA:111,2
DA:112,1
DA:116,1
DA:118,1
DA:147,7
DA:148,7
DA:163,1
LF:42
LH:41
BRDA:31,0,0,10
BRDA:31,0,1,0
BRDA:35,1,0,2
BRDA:35,1,1,5
BRDA:38,2,0,3
BRDA:38,2,1,2
BRDA:41,3,0,2
BRDA:41,3,1,0
BRDA:72,4,0,1
BRDA:72,4,1,1
BRDA:82,5,0,7
BRDA:82,5,1,0
BRDA:93,6,0,3
BRDA:93,6,1,4
BRDA:96,7,0,3
BRDA:96,7,1,4
BRDA:104,8,0,7
BRDA:104,8,1,0
BRDA:111,9,0,1
BRDA:111,9,1,1
BRDA:140,10,0,7
BRDA:140,10,1,0
BRDA:147,11,0,7
BRDA:147,11,1,0
BRF:24
BRH:18
end_of_record
TN:
SF:app/items/chat/[id].tsx
FN:24,isOfferAcceptedForItem
FN:30,getEffectiveOfferPrice
FN:51,formatMessageTime
FN:58,ChatScreen
FN:76,(anonymous_4)
FN:86,(anonymous_5)
FN:90,(anonymous_6)
FN:96,(anonymous_7)
FN:103,(anonymous_8)
FN:114,(anonymous_9)
FN:117,(anonymous_10)
FN:122,(anonymous_11)
FN:123,(anonymous_12)
FN:129,(anonymous_13)
FN:138,(anonymous_14)
FN:139,(anonymous_15)
FN:144,(anonymous_16)
FN:150,(anonymous_17)
FN:155,(anonymous_18)
FN:159,(anonymous_19)
FN:163,(anonymous_20)
FN:166,(anonymous_21)
FN:173,(anonymous_22)
FN:186,(anonymous_23)
FN:199,(anonymous_24)
FN:203,(anonymous_25)
FN:207,(anonymous_26)
FN:235,(anonymous_27)
FN:293,(anonymous_28)
FN:352,(anonymous_29)
FNF:30
FNH:21
FNDA:14,isOfferAcceptedForItem
FNDA:25,getEffectiveOfferPrice
FNDA:1,formatMessageTime
FNDA:18,ChatScreen
FNDA:18,(anonymous_4)
FNDA:7,(anonymous_5)
FNDA:7,(anonymous_6)
FNDA:7,(anonymous_7)
FNDA:7,(anonymous_8)
FNDA:7,(anonymous_9)
FNDA:0,(anonymous_10)
FNDA:0,(anonymous_11)
FNDA:7,(anonymous_12)
FNDA:7,(anonymous_13)
FNDA:7,(anonymous_14)
FNDA:7,(anonymous_15)
FNDA:0,(anonymous_16)
FNDA:1,(anonymous_17)
FNDA:0,(anonymous_18)
FNDA:0,(anonymous_19)
FNDA:0,(anonymous_20)
FNDA:0,(anonymous_21)
FNDA:0,(anonymous_22)
FNDA:0,(anonymous_23)
FNDA:1,(anonymous_24)
FNDA:1,(anonymous_25)
FNDA:1,(anonymous_26)
FNDA:2,(anonymous_27)
FNDA:1,(anonymous_28)
FNDA:1,(anonymous_29)
DA:22,1
DA:25,14
DA:26,14
DA:27,14
DA:34,25
DA:35,25
DA:36,25
DA:38,0
DA:39,0
DA:40,0
DA:41,0
DA:43,0
DA:44,0
DA:45,0
DA:48,1
DA:49,1
DA:52,1
DA:59,18
DA:71,18
DA:72,18
DA:73,18
DA:74,18
DA:75,18
DA:76,18
DA:77,18
DA:78,18
DA:79,18
DA:80,18
DA:81,18
DA:82,18
DA:83,18
DA:84,18
DA:85,18
DA:86,18
DA:87,18
DA:88,18
DA:89,18
DA:90,18
DA:91,7
DA:93,18
DA:95,18
DA:97,7
DA:98,7
DA:99,7
DA:103,18
DA:104,7
DA:105,7
DA:107,18
DA:108,18
DA:109,18
DA:110,18
DA:111,18
DA:112,18
DA:114,18
DA:115,7
DA:116,7
DA:117,7
DA:118,0
DA:119,0
DA:120,0
DA:122,7
DA:123,7
DA:124,7
DA:125,7
DA:129,18
DA:130,7
DA:131,0
DA:132,0
DA:135,7
DA:138,7
DA:140,7
DA:141,7
DA:147,18
DA:148,18
DA:150,18
DA:151,1
DA:152,1
DA:155,18
DA:156,0
DA:159,18
DA:160,0
DA:161,0
DA:162,0
DA:163,0
DA:166,18
DA:167,0
DA:168,0
DA:169,0
DA:170,0
DA:173,18
DA:174,0
DA:175,0
DA:176,0
DA:181,0
DA:182,0
DA:183,0
DA:186,18
DA:187,0
DA:188,0
DA:189,0
DA:194,0
DA:195,0
DA:196,0
DA:199,18
DA:200,1
DA:201,1
DA:202,1
DA:203,1
DA:204,1
DA:207,18
DA:208,1
DA:209,1
DA:210,1
DA:211,1
DA:212,1
DA:213,1
DA:214,1
DA:227,18
DA:236,2
DA:237,1
DA:238,1
DA:240,1
DA:294,1
DA:353,1
DA:423,1
LF:125
LH:92
BRDA:25,0,0,0
BRDA:25,0,1,14
BRDA:25,1,0,14
BRDA:25,1,1,14
BRDA:27,2,0,14
BRDA:27,2,1,0
BRDA:34,3,0,0
BRDA:34,3,1,25
BRDA:35,4,0,25
BRDA:35,4,1,0
BRDA:35,5,0,25
BRDA:35,5,1,25
BRDA:35,5,2,25
BRDA:38,6,0,0
BRDA:38,6,1,0
BRDA:41,7,0,0
BRDA:41,7,1,0
BRDA:41,8,0,0
BRDA:41,8,1,0
BRDA:44,9,0,0
BRDA:44,9,1,0
BRDA:44,10,0,0
BRDA:44,10,1,0
BRDA:77,11,0,18
BRDA:77,11,1,0
BRDA:79,12,0,18
BRDA:79,12,1,0
BRDA:80,13,0,0
BRDA:80,13,1,18
BRDA:81,14,0,0
BRDA:81,14,1,18
BRDA:91,15,0,7
BRDA:91,15,1,0
BRDA:98,16,0,7
BRDA:98,16,1,0
BRDA:104,17,0,0
BRDA:104,17,1,7
BRDA:104,18,0,7
BRDA:104,18,1,7
BRDA:107,19,0,0
BRDA:107,19,1,18
BRDA:108,20,0,0
BRDA:108,20,1,18
BRDA:109,21,0,0
BRDA:109,21,1,18
BRDA:112,22,0,0
BRDA:112,22,1,18
BRDA:115,23,0,7
BRDA:115,23,1,0
BRDA:116,24,0,7
BRDA:116,24,1,0
BRDA:119,25,0,0
BRDA:119,25,1,0
BRDA:130,26,0,0
BRDA:130,26,1,7
BRDA:130,27,0,7
BRDA:130,27,1,7
BRDA:138,28,0,7
BRDA:138,28,1,0
BRDA:140,29,0,7
BRDA:140,29,1,0
BRDA:147,30,0,1
BRDA:147,30,1,17
BRDA:147,31,0,18
BRDA:147,31,1,18
BRDA:148,32,0,0
BRDA:148,32,1,18
BRDA:148,33,0,18
BRDA:148,33,1,0
BRDA:160,34,0,0
BRDA:160,34,1,0
BRDA:161,35,0,0
BRDA:161,35,1,0
BRDA:168,36,0,0
BRDA:168,36,1,0
BRDA:175,37,0,0
BRDA:175,37,1,0
BRDA:181,38,0,0
BRDA:181,38,1,0
BRDA:181,39,0,0
BRDA:181,39,1,0
BRDA:188,40,0,0
BRDA:188,40,1,0
BRDA:194,41,0,0
BRDA:194,41,1,0
BRDA:194,42,0,0
BRDA:194,42,1,0
BRDA:201,43,0,0
BRDA:201,43,1,1
BRDA:208,44,0,0
BRDA:208,44,1,1
BRDA:210,45,0,0
BRDA:210,45,1,1
BRDA:210,46,0,1
BRDA:210,46,1,1
BRDA:218,47,0,1
BRDA:218,47,1,0
BRDA:219,48,0,1
BRDA:219,48,1,0
BRDA:220,49,0,1
BRDA:220,49,1,0
BRDA:221,50,0,1
BRDA:221,50,1,0
BRDA:222,51,0,1
BRDA:222,51,1,0
BRDA:236,52,0,1
BRDA:236,52,1,1
BRDA:236,53,0,2
BRDA:236,53,1,2
BRDA:244,54,0,1
BRDA:244,54,1,0
BRDA:245,55,0,1
BRDA:245,55,1,0
BRDA:246,56,0,1
BRDA:246,56,1,0
BRDA:247,57,0,1
BRDA:247,57,1,0
BRDA:248,58,0,0
BRDA:248,58,1,1
BRDA:263,59,0,18
BRDA:263,59,1,1
BRDA:267,60,0,18
BRDA:267,60,1,18
BRDA:283,61,0,18
BRDA:283,61,1,18
BRDA:309,62,0,18
BRDA:309,62,1,0
BRDA:309,63,0,18
BRDA:309,63,1,18
BRDA:309,63,2,0
BRDA:311,64,0,18
BRDA:311,64,1,18
BRDA:311,64,2,18
BRDA:315,65,0,18
BRDA:315,65,1,7
BRDA:326,66,0,18
BRDA:326,66,1,1
BRDA:334,67,0,18
BRDA:334,67,1,1
BRDA:337,68,0,1
BRDA:337,68,1,17
BRDA:341,69,0,18
BRDA:341,69,1,1
BRDA:371,70,0,0
BRDA:371,70,1,18
BRDA:383,71,0,1
BRDA:383,71,1,17
BRDA:387,72,0,0
BRDA:387,72,1,18
BRDA:391,73,0,18
BRDA:391,73,1,1
BRDA:400,74,0,0
BRDA:400,74,1,1
BRDA:409,75,0,0
BRDA:409,75,1,1
BRF:155
BRH:84
end_of_record
TN:
SF:app/items/edit/[id].tsx
FN:43,mapTestCategoryToForm
FN:54,EditItemScreen
FN:77,(anonymous_2)
FN:92,(anonymous_3)
FN:104,(anonymous_4)
FN:109,(anonymous_5)
FN:122,(anonymous_6)
FN:123,(anonymous_7)
FN:133,(anonymous_8)
FN:134,(anonymous_9)
FN:137,(anonymous_10)
FN:143,(anonymous_11)
FN:202,(anonymous_12)
FN:206,(anonymous_13)
FN:217,(anonymous_14)
FN:221,(anonymous_15)
FN:235,(anonymous_16)
FN:239,(anonymous_17)
FN:241,(anonymous_18)
FN:258,(anonymous_19)
FN:287,(anonymous_20)
FN:291,(anonymous_21)
FN:310,(anonymous_22)
FN:320,(anonymous_23)
FN:329,(anonymous_24)
FN:358,(anonymous_25)
FN:359,(anonymous_26)
FN:362,(anonymous_27)
FNF:28
FNH:18
FNDA:46,mapTestCategoryToForm
FNDA:48,EditItemScreen
FNDA:3,(anonymous_2)
FNDA:1,(anonymous_3)
FNDA:1,(anonymous_4)
FNDA:3,(anonymous_5)
FNDA:2,(anonymous_6)
FNDA:2,(anonymous_7)
FNDA:0,(anonymous_8)
FNDA:0,(anonymous_9)
FNDA:184,(anonymous_10)
FNDA:3,(anonymous_11)
FNDA:3,(anonymous_12)
FNDA:1,(anonymous_13)
FNDA:0,(anonymous_14)
FNDA:0,(anonymous_15)
FNDA:0,(anonymous_16)
FNDA:0,(anonymous_17)
FNDA:4,(anonymous_18)
FNDA:3,(anonymous_19)
FNDA:48,(anonymous_20)
FNDA:0,(anonymous_21)
FNDA:0,(anonymous_22)
FNDA:0,(anonymous_23)
FNDA:0,(anonymous_24)
FNDA:31,(anonymous_25)
FNDA:28,(anonymous_26)
FNDA:1,(anonymous_27)
DA:24,1
DA:25,1
DA:26,1
DA:27,1
DA:28,1
DA:29,1
DA:30,1
DA:31,1
DA:33,1
DA:44,46
DA:51,46
DA:55,48
DA:56,48
DA:57,48
DA:58,48
DA:59,48
DA:60,48
DA:61,48
DA:63,48
DA:64,48
DA:65,48
DA:66,48
DA:69,48
DA:70,48
DA:71,48
DA:72,48
DA:74,48
DA:75,48
DA:77,48
DA:78,3
DA:79,3
DA:92,48
DA:93,1
DA:105,1
DA:109,48
DA:110,3
DA:111,0
DA:112,0
DA:115,3
DA:121,3
DA:122,2
DA:123,2
DA:124,2
DA:125,0
DA:126,0
DA:128,2
DA:129,2
DA:133,48
DA:134,0
DA:137,48
DA:138,184
DA:139,181
DA:140,178
DA:143,48
DA:144,3
DA:145,3
DA:147,3
DA:148,1
DA:149,1
DA:151,3
DA:152,1
DA:153,1
DA:155,3
DA:156,1
DA:157,1
DA:159,3
DA:160,0
DA:161,0
DA:163,3
DA:164,0
DA:165,0
DA:168,3
DA:170,3
DA:171,0
DA:178,0
DA:182,48
DA:183,2
DA:190,46
DA:203,3
DA:204,3
DA:206,1
DA:218,0
DA:219,0
DA:221,0
DA:236,0
DA:237,0
DA:239,0
DA:242,4
DA:243,2
DA:259,3
DA:260,3
DA:288,48
DA:291,0
DA:310,0
DA:321,0
DA:330,0
DA:331,0
DA:358,31
DA:360,28
DA:363,1
DA:364,1
DA:365,1
DA:380,1
LF:103
LH:81
BRDA:51,0,0,46
BRDA:51,0,1,0
BRDA:63,1,0,48
BRDA:63,1,1,2
BRDA:64,2,0,48
BRDA:64,2,1,2
BRDA:65,3,0,46
BRDA:65,3,1,2
BRDA:67,4,0,46
BRDA:67,4,1,2
BRDA:71,5,0,46
BRDA:71,5,1,2
BRDA:110,6,0,0
BRDA:110,6,1,3
BRDA:121,7,0,2
BRDA:121,7,1,1
BRDA:124,8,0,0
BRDA:124,8,1,2
BRDA:124,9,0,2
BRDA:124,9,1,0
BRDA:129,10,0,0
BRDA:129,10,1,2
BRDA:138,11,0,3
BRDA:138,11,1,181
BRDA:139,12,0,3
BRDA:139,12,1,178
BRDA:147,13,0,1
BRDA:147,13,1,2
BRDA:151,14,0,1
BRDA:151,14,1,2
BRDA:155,15,0,1
BRDA:155,15,1,2
BRDA:159,16,0,0
BRDA:159,16,1,3
BRDA:163,17,0,0
BRDA:163,17,1,3
BRDA:170,18,0,0
BRDA:170,18,1,3
BRDA:170,19,0,3
BRDA:170,19,1,0
BRDA:174,20,0,0
BRDA:174,20,1,0
BRDA:176,21,0,0
BRDA:176,21,1,0
BRDA:182,22,0,2
BRDA:182,22,1,46
BRDA:204,23,0,0
BRDA:204,23,1,3
BRDA:219,24,0,0
BRDA:219,24,1,0
BRDA:237,25,0,0
BRDA:237,25,1,0
BRDA:242,26,0,2
BRDA:242,26,1,2
BRDA:259,27,0,0
BRDA:259,27,1,3
BRDA:263,28,0,46
BRDA:263,28,1,0
BRDA:264,29,0,46
BRDA:264,29,1,0
BRDA:272,30,0,46
BRDA:272,30,1,46
BRDA:277,31,0,0
BRDA:277,31,1,46
BRDA:364,32,0,0
BRDA:364,32,1,1
BRDA:369,33,0,28
BRDA:369,33,1,4
BRF:68
BRH:45
end_of_record
TN:
SF:app/items/edit/_layout.tsx
FN:3,EditLayout
FNF:1
FNH:0
FNDA:0,EditLayout
DA:4,0
LF:1
LH:0
BRF:0
BRH:0
end_of_record
TN:
SF:app/items/transaction/[id].tsx
FN:27,TransactionScreen
FN:50,(anonymous_1)
FN:61,(anonymous_2)
FN:70,(anonymous_3)
FN:71,(anonymous_4)
FN:72,(anonymous_5)
FN:76,(anonymous_6)
FN:84,(anonymous_7)
FN:95,(anonymous_8)
FN:128,(anonymous_9)
FN:154,(anonymous_10)
FN:195,(anonymous_11)
FN:234,(anonymous_12)
FN:251,(anonymous_13)
FN:301,(anonymous_14)
FN:343,(anonymous_15)
FN:397,(anonymous_16)
FN:435,(anonymous_17)
FNF:18
FNH:0
FNDA:0,TransactionScreen
FNDA:0,(anonymous_1)
FNDA:0,(anonymous_2)
FNDA:0,(anonymous_3)
FNDA:0,(anonymous_4)
FNDA:0,(anonymous_5)
FNDA:0,(anonymous_6)
FNDA:0,(anonymous_7)
FNDA:0,(anonymous_8)
FNDA:0,(anonymous_9)
FNDA:0,(anonymous_10)
FNDA:0,(anonymous_11)
FNDA:0,(anonymous_12)
FNDA:0,(anonymous_13)
FNDA:0,(anonymous_14)
FNDA:0,(anonymous_15)
FNDA:0,(anonymous_16)
FNDA:0,(anonymous_17)
DA:23,0
DA:24,0
DA:25,0
DA:28,0
DA:36,0
DA:37,0
DA:38,0
DA:39,0
DA:40,0
DA:41,0
DA:42,0
DA:43,0
DA:44,0
DA:45,0
DA:47,0
DA:48,0
DA:49,0
DA:50,0
DA:51,0
DA:52,0
DA:53,0
DA:54,0
DA:55,0
DA:56,0
DA:58,0
DA:59,0
DA:61,0
DA:62,0
DA:63,0
DA:65,0
DA:68,0
DA:69,0
DA:70,0
DA:71,0
DA:72,0
DA:73,0
DA:75,0
DA:77,0
DA:78,0
DA:81,0
DA:82,0
DA:84,0
DA:85,0
DA:86,0
DA:87,0
DA:89,0
DA:90,0
DA:91,0
DA:95,0
DA:96,0
DA:97,0
DA:98,0
DA:99,0
DA:100,0
DA:102,0
DA:103,0
DA:104,0
DA:106,0
DA:107,0
DA:108,0
DA:110,0
DA:111,0
DA:112,0
DA:113,0
DA:128,0
DA:129,0
DA:130,0
DA:132,0
DA:154,0
DA:155,0
DA:156,0
DA:157,0
DA:158,0
DA:159,0
DA:164,0
DA:166,0
DA:168,0
DA:169,0
DA:170,0
DA:171,0
DA:181,0
DA:182,0
DA:184,0
DA:196,0
DA:197,0
DA:198,0
DA:200,0
DA:201,0
DA:202,0
DA:204,0
DA:205,0
DA:206,0
DA:208,0
DA:234,0
DA:251,0
DA:302,0
DA:344,0
DA:345,0
DA:397,0
DA:435,0
DA:522,0
LF:101
LH:0
BRDA:38,0,0,0
BRDA:38,0,1,0
BRDA:43,1,0,0
BRDA:43,1,1,0
BRDA:44,2,0,0
BRDA:44,2,1,0
BRDA:45,3,0,0
BRDA:45,3,1,0
BRDA:47,4,0,0
BRDA:47,4,1,0
BRDA:51,5,0,0
BRDA:51,5,1,0
BRDA:53,6,0,0
BRDA:53,6,1,0
BRDA:54,7,0,0
BRDA:54,7,1,0
BRDA:55,8,0,0
BRDA:55,8,1,0
BRDA:56,9,0,0
BRDA:56,9,1,0
BRDA:62,10,0,0
BRDA:62,10,1,0
BRDA:81,11,0,0
BRDA:81,11,1,0
BRDA:82,12,0,0
BRDA:82,12,1,0
BRDA:85,13,0,0
BRDA:85,13,1,0
BRDA:90,14,0,0
BRDA:90,14,1,0
BRDA:97,15,0,0
BRDA:97,15,1,0
BRDA:98,16,0,0
BRDA:98,16,1,0
BRDA:102,17,0,0
BRDA:102,17,1,0
BRDA:102,18,0,0
BRDA:102,18,1,0
BRDA:102,18,2,0
BRDA:106,19,0,0
BRDA:106,19,1,0
BRDA:119,20,0,0
BRDA:119,20,1,0
BRDA:120,21,0,0
BRDA:120,21,1,0
BRDA:120,22,0,0
BRDA:120,22,1,0
BRDA:121,23,0,0
BRDA:121,23,1,0
BRDA:121,24,0,0
BRDA:121,24,1,0
BRDA:122,25,0,0
BRDA:122,25,1,0
BRDA:122,26,0,0
BRDA:122,26,1,0
BRDA:123,27,0,0
BRDA:123,27,1,0
BRDA:130,28,0,0
BRDA:130,28,1,0
BRDA:139,29,0,0
BRDA:139,29,1,0
BRDA:140,30,0,0
BRDA:140,30,1,0
BRDA:140,31,0,0
BRDA:140,31,1,0
BRDA:141,32,0,0
BRDA:141,32,1,0
BRDA:141,33,0,0
BRDA:141,33,1,0
BRDA:142,34,0,0
BRDA:142,34,1,0
BRDA:142,35,0,0
BRDA:142,35,1,0
BRDA:143,36,0,0
BRDA:143,36,1,0
BRDA:145,37,0,0
BRDA:145,37,1,0
BRDA:147,38,0,0
BRDA:147,38,1,0
BRDA:155,39,0,0
BRDA:155,39,1,0
BRDA:155,40,0,0
BRDA:155,40,1,0
BRDA:158,41,0,0
BRDA:158,41,1,0
BRDA:168,42,0,0
BRDA:168,42,1,0
BRDA:175,43,0,0
BRDA:175,43,1,0
BRDA:181,44,0,0
BRDA:181,44,1,0
BRDA:181,44,2,0
BRDA:189,45,0,0
BRDA:189,45,1,0
BRDA:190,46,0,0
BRDA:190,46,1,0
BRDA:196,47,0,0
BRDA:196,47,1,0
BRDA:196,48,0,0
BRDA:196,48,1,0
BRDA:200,49,0,0
BRDA:200,49,1,0
BRDA:200,50,0,0
BRDA:200,50,1,0
BRDA:204,51,0,0
BRDA:204,51,1,0
BRDA:204,52,0,0
BRDA:204,52,1,0
BRDA:232,53,0,0
BRDA:232,53,1,0
BRDA:239,54,0,0
BRDA:239,54,1,0
BRDA:239,55,0,0
BRDA:239,55,1,0
BRDA:241,56,0,0
BRDA:241,56,1,0
BRDA:241,57,0,0
BRDA:241,57,1,0
BRDA:249,58,0,0
BRDA:249,58,1,0
BRDA:256,59,0,0
BRDA:256,59,1,0
BRDA:256,60,0,0
BRDA:256,60,1,0
BRDA:258,61,0,0
BRDA:258,61,1,0
BRDA:258,62,0,0
BRDA:258,62,1,0
BRDA:264,63,0,0
BRDA:264,63,1,0
BRDA:280,64,0,0
BRDA:280,64,1,0
BRDA:296,65,0,0
BRDA:296,65,1,0
BRDA:306,66,0,0
BRDA:306,66,1,0
BRDA:344,67,0,0
BRDA:344,67,1,0
BRDA:351,68,0,0
BRDA:351,68,1,0
BRDA:351,68,2,0
BRDA:365,69,0,0
BRDA:365,69,1,0
BRDA:365,70,0,0
BRDA:365,70,1,0
BRDA:374,71,0,0
BRDA:374,71,1,0
BRDA:374,72,0,0
BRDA:374,72,1,0
BRDA:379,73,0,0
BRDA:379,73,1,0
BRDA:379,74,0,0
BRDA:379,74,1,0
BRDA:394,75,0,0
BRDA:394,75,1,0
BRDA:395,76,0,0
BRDA:395,76,1,0
BRDA:403,77,0,0
BRDA:403,77,1,0
BRDA:404,78,0,0
BRDA:404,78,1,0
BRDA:405,79,0,0
BRDA:405,79,1,0
BRDA:407,80,0,0
BRDA:407,80,1,0
BRDA:415,81,0,0
BRDA:415,81,1,0
BRDA:416,82,0,0
BRDA:416,82,1,0
BRDA:417,83,0,0
BRDA:417,83,1,0
BRDA:421,84,0,0
BRDA:421,84,1,0
BRDA:421,84,2,0
BRDA:432,85,0,0
BRDA:432,85,1,0
BRDA:433,86,0,0
BRDA:433,86,1,0
BRDA:441,87,0,0
BRDA:441,87,1,0
BRDA:442,88,0,0
BRDA:442,88,1,0
BRDA:443,89,0,0
BRDA:443,89,1,0
BRDA:445,90,0,0
BRDA:445,90,1,0
BRDA:453,91,0,0
BRDA:453,91,1,0
BRDA:454,92,0,0
BRDA:454,92,1,0
BRDA:455,93,0,0
BRDA:455,93,1,0
BRDA:459,94,0,0
BRDA:459,94,1,0
BRDA:459,94,2,0
BRDA:474,95,0,0
BRDA:474,95,1,0
BRDA:477,96,0,0
BRDA:477,96,1,0
BRDA:480,97,0,0
BRDA:480,97,1,0
BRDA:483,98,0,0
BRDA:483,98,1,0
BRDA:488,99,0,0
BRDA:488,99,1,0
BRDA:496,100,0,0
BRDA:496,100,1,0
BRDA:497,101,0,0
BRDA:497,101,1,0
BRDA:498,102,0,0
BRDA:498,102,1,0
BRDA:510,103,0,0
BRDA:510,103,1,0
BRF:213
BRH:0
end_of_record
TN:
SF:app/items/transaction/offer-accepted/[id].tsx
FN:13,firstParam
FN:18,OfferAcceptedScreen
FN:32,(anonymous_2)
FN:37,(anonymous_3)
FN:38,(anonymous_4)
FN:38,(anonymous_5)
FN:41,(anonymous_6)
FN:43,(anonymous_7)
FN:72,(anonymous_8)
FN:87,(anonymous_9)
FN:92,(anonymous_10)
FNF:11
FNH:0
FNDA:0,firstParam
FNDA:0,OfferAcceptedScreen
FNDA:0,(anonymous_2)
FNDA:0,(anonymous_3)
FNDA:0,(anonymous_4)
FNDA:0,(anonymous_5)
FNDA:0,(anonymous_6)
FNDA:0,(anonymous_7)
FNDA:0,(anonymous_8)
FNDA:0,(anonymous_9)
FNDA:0,(anonymous_10)
DA:7,0
DA:8,0
DA:9,0
DA:10,0
DA:11,0
DA:14,0
DA:15,0
DA:19,0
DA:27,0
DA:28,0
DA:29,0
DA:30,0
DA:32,0
DA:33,0
DA:34,0
DA:37,0
DA:38,0
DA:41,0
DA:42,0
DA:43,0
DA:44,0
DA:45,0
DA:46,0
DA:55,0
DA:56,0
DA:60,0
DA:63,0
DA:64,0
DA:65,0
DA:67,0
DA:72,0
DA:75,0
DA:88,0
DA:92,0
DA:103,0
LF:35
LH:0
BRDA:14,0,0,0
BRDA:14,0,1,0
BRDA:15,1,0,0
BRDA:15,1,1,0
BRDA:42,2,0,0
BRDA:42,2,1,0
BRDA:48,3,0,0
BRDA:48,3,1,0
BRDA:49,4,0,0
BRDA:49,4,1,0
BRDA:50,5,0,0
BRDA:50,5,1,0
BRDA:51,6,0,0
BRDA:51,6,1,0
BRDA:52,7,0,0
BRDA:52,7,1,0
BRDA:55,8,0,0
BRDA:55,8,1,0
BRDA:63,9,0,0
BRDA:63,9,1,0
BRF:20
BRH:0
end_of_record
TN:
SF:app/items/transaction/offer-sent/[id].tsx
FN:9,firstParam
FN:14,OfferSentScreen
FN:35,(anonymous_2)
FN:67,(anonymous_3)
FN:79,(anonymous_4)
FN:97,(anonymous_5)
FNF:6
FNH:0
FNDA:0,firstParam
FNDA:0,OfferSentScreen
FNDA:0,(anonymous_2)
FNDA:0,(anonymous_3)
FNDA:0,(anonymous_4)
FNDA:0,(anonymous_5)
DA:7,0
DA:10,0
DA:11,0
DA:15,0
DA:25,0
DA:26,0
DA:27,0
DA:28,0
DA:30,0
DA:31,0
DA:32,0
DA:33,0
DA:35,0
DA:36,0
DA:67,0
DA:68,0
DA:69,0
DA:71,0
DA:72,0
DA:73,0
DA:74,0
DA:75,0
DA:76,0
DA:77,0
DA:79,0
DA:80,0
DA:97,0
DA:110,0
DA:115,0
DA:147,0
LF:30
LH:0
BRDA:10,0,0,0
BRDA:10,0,1,0
BRDA:11,1,0,0
BRDA:11,1,1,0
BRDA:69,2,0,0
BRDA:69,2,1,0
BRDA:74,3,0,0
BRDA:74,3,1,0
BRDA:75,4,0,0
BRDA:75,4,1,0
BRDA:76,5,0,0
BRDA:76,5,1,0
BRDA:86,6,0,0
BRDA:86,6,1,0
BRDA:87,7,0,0
BRDA:87,7,1,0
BRDA:88,8,0,0
BRDA:88,8,1,0
BRDA:92,9,0,0
BRDA:92,9,1,0
BRF:20
BRH:0
end_of_record
TN:
SF:app/items/transaction/rate/[id].tsx
FN:10,RateAfterPaymentScreen
FN:15,(anonymous_1)
FN:23,(anonymous_2)
FN:48,(anonymous_3)
FN:49,(anonymous_4)
FN:73,(anonymous_5)
FNF:6
FNH:0
FNDA:0,RateAfterPaymentScreen
FNDA:0,(anonymous_1)
FNDA:0,(anonymous_2)
FNDA:0,(anonymous_3)
FNDA:0,(anonymous_4)
FNDA:0,(anonymous_5)
DA:11,0
DA:12,0
DA:13,0
DA:14,0
DA:15,0
DA:16,0
DA:17,0
DA:18,0
DA:19,0
DA:20,0
DA:21,0
DA:23,0
DA:25,0
DA:49,0
DA:74,0
DA:75,0
DA:77,0
DA:94,0
LF:18
LH:0
BRDA:16,0,0,0
BRDA:16,0,1,0
BRDA:18,1,0,0
BRDA:18,1,1,0
BRDA:19,2,0,0
BRDA:19,2,1,0
BRDA:36,3,0,0
BRDA:36,3,1,0
BRDA:51,4,0,0
BRDA:51,4,1,0
BRDA:74,5,0,0
BRDA:74,5,1,0
BRDA:74,6,0,0
BRDA:74,6,1,0
BRDA:82,7,0,0
BRDA:82,7,1,0
BRF:16
BRH:0
end_of_record
TN:
SF:app/items/transaction/rating-submitted/[id].tsx
FN:8,firstParam
FN:13,RatingSubmittedScreen
FN:20,(anonymous_2)
FN:21,(anonymous_3)
FN:32,(anonymous_4)
FN:44,(anonymous_5)
FNF:6
FNH:0
FNDA:0,firstParam
FNDA:0,RatingSubmittedScreen
FNDA:0,(anonymous_2)
FNDA:0,(anonymous_3)
FNDA:0,(anonymous_4)
FNDA:0,(anonymous_5)
DA:9,0
DA:10,0
DA:14,0
DA:15,0
DA:16,0
DA:17,0
DA:18,0
DA:20,0
DA:21,0
DA:22,0
DA:23,0
DA:28,0
DA:32,0
DA:35,0
DA:45,0
DA:58,0
LF:16
LH:0
BRDA:9,0,0,0
BRDA:9,0,1,0
BRDA:10,1,0,0
BRDA:10,1,1,0
BRDA:17,2,0,0
BRDA:17,2,1,0
BRDA:22,3,0,0
BRDA:22,3,1,0
BRDA:47,4,0,0
BRDA:47,4,1,0
BRF:10
BRH:0
end_of_record
TN:
SF:components/butterfly.tsx
FN:19,Butterfly
FN:32,(anonymous_1)
FN:52,(anonymous_2)
FNF:3
FNH:0
FNDA:0,Butterfly
FNDA:0,(anonymous_1)
FNDA:0,(anonymous_2)
DA:4,0
DA:6,0
DA:7,0
DA:8,0
DA:20,0
DA:21,0
DA:22,0
DA:23,0
DA:24,0
DA:25,0
DA:26,0
DA:28,0
DA:29,0
DA:30,0
DA:32,0
DA:33,0
DA:48,0
DA:53,0
DA:57,0
DA:62,0
DA:84,0
LF:21
LH:0
BRDA:19,0,0,0
BRDA:19,1,0,0
BRDA:20,2,0,0
BRDA:20,2,1,0
BRDA:21,3,0,0
BRDA:21,3,1,0
BRDA:23,4,0,0
BRDA:23,4,1,0
BRDA:24,5,0,0
BRDA:24,5,1,0
BRDA:25,6,0,0
BRDA:25,6,1,0
BRDA:25,7,0,0
BRDA:25,7,1,0
BRDA:59,8,0,0
BRDA:59,8,1,0
BRDA:78,9,0,0
BRDA:78,9,1,0
BRF:18
BRH:0
end_of_record
TN:
SF:components/external-link.tsx
FN:7,ExternalLink
FN:13,(anonymous_1)
FNF:2
FNH:0
FNDA:0,ExternalLink
FNDA:0,(anonymous_1)
DA:8,0
DA:14,0
DA:16,0
DA:18,0
LF:4
LH:0
BRDA:14,0,0,0
BRDA:14,0,1,0
BRF:2
BRH:0
end_of_record
TN:
SF:components/haptic-tab.tsx
FN:5,HapticTab
FN:9,(anonymous_1)
FNF:2
FNH:0
FNDA:0,HapticTab
FNDA:0,(anonymous_1)
DA:6,0
DA:10,0
DA:12,0
DA:14,0
LF:4
LH:0
BRDA:10,0,0,0
BRDA:10,0,1,0
BRF:2
BRH:0
end_of_record
TN:
SF:components/hello-wave.tsx
FN:3,HelloWave
FNF:1
FNH:0
FNDA:0,HelloWave
DA:4,0
LF:1
LH:0
BRF:0
BRH:0
end_of_record
TN:
SF:components/parallax-scroll-view-horizontal.tsx
FN:29,ParallaxScrollView
FN:42,(anonymous_1)
FN:45,(anonymous_2)
FN:57,(anonymous_3)
FN:76,(anonymous_4)
FNF:5
FNH:0
FNDA:0,ParallaxScrollView
FNDA:0,(anonymous_1)
FNDA:0,(anonymous_2)
FNDA:0,(anonymous_3)
FNDA:0,(anonymous_4)
DA:15,0
DA:16,0
DA:17,0
DA:19,0
DA:35,0
DA:36,0
DA:37,0
DA:38,0
DA:39,0
DA:41,0
DA:43,0
DA:46,0
DA:47,0
DA:49,0
DA:50,0
DA:51,0
DA:52,0
DA:53,0
DA:58,0
DA:59,0
DA:61,0
DA:62,0
DA:63,0
DA:64,0
DA:65,0
DA:66,0
DA:67,0
DA:68,0
DA:71,0
DA:72,0
DA:73,0
DA:76,0
DA:77,0
DA:83,0
DA:92,0
DA:103,0
LF:36
LH:0
BRDA:47,0,0,0
BRDA:47,0,1,0
BRDA:49,1,0,0
BRDA:49,1,1,0
BRDA:49,2,0,0
BRDA:49,2,1,0
BRDA:52,3,0,0
BRDA:52,3,1,0
BRDA:53,4,0,0
BRDA:53,4,1,0
BRDA:58,5,0,0
BRDA:58,5,1,0
BRDA:61,6,0,0
BRDA:61,6,1,0
BRDA:61,7,0,0
BRDA:61,7,1,0
BRDA:64,8,0,0
BRDA:64,8,1,0
BRDA:64,9,0,0
BRDA:64,9,1,0
BRDA:67,10,0,0
BRDA:67,10,1,0
BRDA:68,11,0,0
BRDA:68,11,1,0
BRF:24
BRH:0
end_of_record
TN:
SF:components/parallax-scroll-view.tsx
FN:22,ParallaxScrollView
FN:32,(anonymous_1)
FNF:2
FNH:2
FNDA:19,ParallaxScrollView
FNDA:19,(anonymous_1)
DA:14,1
DA:28,19
DA:29,19
DA:30,19
DA:31,19
DA:32,19
DA:33,19
DA:49,19
DA:68,1
LF:9
LH:9
BRDA:29,0,0,19
BRDA:29,0,1,0
BRF:2
BRH:1
end_of_record
TN:
SF:components/themed-text.tsx
FN:11,ThemedText
FNF:1
FNH:1
FNDA:1230,ThemedText
DA:18,1230
DA:20,1230
DA:36,12
LF:3
LH:3
BRDA:15,0,0,484
BRDA:24,1,0,524
BRDA:24,1,1,706
BRDA:25,2,0,136
BRDA:25,2,1,1094
BRDA:26,3,0,237
BRDA:26,3,1,993
BRDA:27,4,0,333
BRDA:27,4,1,897
BRDA:28,5,0,0
BRDA:28,5,1,1230
BRF:11
BRH:10
end_of_record
TN:
SF:components/themed-view.tsx
FN:10,ThemedView
FNF:1
FNH:1
FNDA:360,ThemedView
DA:11,360
DA:13,360
LF:2
LH:2
BRF:0
BRH:0
end_of_record
TN:
SF:components/user-header.tsx
FN:7,UserHeader
FN:29,(anonymous_1)
FN:49,(anonymous_2)
FNF:3
FNH:2
FNDA:10,UserHeader
FNDA:0,(anonymous_1)
FNDA:50,(anonymous_2)
DA:20,10
DA:21,10
DA:22,10
DA:23,10
DA:24,10
DA:25,10
DA:26,10
DA:27,10
DA:29,10
DA:30,0
DA:31,0
DA:35,10
DA:37,10
DA:50,50
DA:51,50
DA:52,50
DA:75,1
DA:81,1
LF:18
LH:16
BRDA:20,0,0,10
BRDA:20,0,1,0
BRDA:21,1,0,10
BRDA:21,1,1,0
BRDA:22,2,0,10
BRDA:22,2,1,0
BRDA:23,3,0,10
BRDA:23,3,1,0
BRDA:24,4,0,10
BRDA:24,4,1,0
BRDA:26,5,0,10
BRDA:26,5,1,0
BRDA:27,6,0,10
BRDA:27,6,1,0
BRDA:35,7,0,10
BRDA:35,7,1,8
BRDA:57,8,0,40
BRDA:57,8,1,10
BRDA:59,9,0,40
BRDA:59,9,1,10
BRDA:61,10,0,40
BRDA:61,10,1,10
BRDA:64,11,0,40
BRDA:64,11,1,10
BRF:24
BRH:17
end_of_record
TN:
SF:components/ui/collapsible.tsx
FN:10,Collapsible
FN:18,(anonymous_1)
FN:18,(anonymous_2)
FNF:3
FNH:0
FNDA:0,Collapsible
FNDA:0,(anonymous_1)
FNDA:0,(anonymous_2)
DA:11,0
DA:12,0
DA:14,0
DA:18,0
DA:35,0
LF:5
LH:0
BRDA:12,0,0,0
BRDA:12,0,1,0
BRDA:24,1,0,0
BRDA:24,1,1,0
BRDA:25,2,0,0
BRDA:25,2,1,0
BRDA:30,3,0,0
BRDA:30,3,1,0
BRF:8
BRH:0
end_of_record
TN:
SF:components/ui/icon-symbol.ios.tsx
FN:4,IconSymbol
FNF:1
FNH:0
FNDA:0,IconSymbol
DA:17,0
LF:1
LH:0
BRDA:6,0,0,0
BRDA:9,1,0,0
BRF:2
BRH:0
end_of_record
TN:
SF:components/ui/icon-symbol.tsx
FN:30,IconSymbol
FNF:1
FNH:0
FNDA:0,IconSymbol
DA:16,0
DA:42,0
LF:2
LH:0
BRDA:32,0,0,0
BRF:1
BRH:0
end_of_record
TN:
SF:constants/categories.ts
FNF:0
FNH:0
DA:1,1
LF:1
LH:1
BRF:0
BRH:0
end_of_record
TN:
SF:constants/listing-stamp.ts
FNF:0
FNH:0
DA:1,2
DA:3,2
DA:5,2
LF:3
LH:3
BRF:0
BRH:0
end_of_record
TN:
SF:constants/theme.ts
FNF:0
FNH:0
DA:8,8
DA:9,8
DA:11,8
DA:30,8
LF:4
LH:4
BRF:0
BRH:0
end_of_record
TN:
SF:contexts/AuthContext.tsx
FN:15,AuthProvider
FN:18,(anonymous_1)
FN:19,(anonymous_2)
FN:24,(anonymous_3)
FN:29,(anonymous_4)
FN:41,useAuth
FNF:6
FNH:0
FNDA:0,AuthProvider
FNDA:0,(anonymous_1)
FNDA:0,(anonymous_2)
FNDA:0,(anonymous_3)
FNDA:0,(anonymous_4)
FNDA:0,useAuth
DA:4,0
DA:13,0
DA:16,0
DA:18,0
DA:19,0
DA:20,0
DA:24,0
DA:25,0
DA:26,0
DA:29,0
DA:30,0
DA:31,0
DA:34,0
DA:42,0
DA:43,0
DA:44,0
DA:46,0
LF:17
LH:0
BRDA:20,0,0,0
BRDA:20,0,1,0
BRDA:43,1,0,0
BRDA:43,1,1,0
BRF:4
BRH:0
end_of_record
TN:
SF:contexts/LikedItemsContext.tsx
FN:18,LikedItemsProvider
FN:22,(anonymous_1)
FN:25,(anonymous_2)
FN:27,(anonymous_3)
FN:28,(anonymous_4)
FN:34,(anonymous_5)
FN:39,(anonymous_6)
FN:43,(anonymous_7)
FN:54,useLikedItems
FNF:9
FNH:1
FNDA:0,LikedItemsProvider
FNDA:0,(anonymous_1)
FNDA:0,(anonymous_2)
FNDA:0,(anonymous_3)
FNDA:0,(anonymous_4)
FNDA:0,(anonymous_5)
FNDA:0,(anonymous_6)
FNDA:0,(anonymous_7)
FNDA:43,useLikedItems
DA:16,3
DA:19,0
DA:20,0
DA:22,0
DA:23,0
DA:24,0
DA:25,0
DA:26,0
DA:27,0
DA:28,0
DA:30,0
DA:34,0
DA:35,0
DA:36,0
DA:39,0
DA:40,0
DA:43,0
DA:44,0
DA:47,0
DA:55,43
DA:56,43
DA:57,0
DA:59,43
LF:23
LH:4
BRDA:28,0,0,0
BRDA:28,0,1,0
BRDA:44,1,0,0
BRDA:44,1,1,0
BRDA:56,2,0,0
BRDA:56,2,1,43
BRF:6
BRH:1
end_of_record
TN:
SF:contexts/MyListingsContext.tsx
FN:7,pickRandomItems
FN:8,(anonymous_1)
FN:49,MyListingsProvider
FN:50,(anonymous_3)
FN:51,(anonymous_4)
FN:52,(anonymous_5)
FN:58,(anonymous_6)
FN:58,(anonymous_7)
FN:62,(anonymous_8)
FN:70,(anonymous_9)
FN:71,(anonymous_10)
FN:76,(anonymous_11)
FN:86,(anonymous_12)
FN:88,(anonymous_13)
FN:96,(anonymous_14)
FN:97,(anonymous_15)
FN:98,(anonymous_16)
FN:113,(anonymous_17)
FN:114,(anonymous_18)
FN:116,(anonymous_19)
FN:124,(anonymous_20)
FN:125,(anonymous_21)
FN:129,(anonymous_22)
FN:130,(anonymous_23)
FN:137,(anonymous_24)
FN:138,(anonymous_25)
FN:138,(anonymous_26)
FN:139,(anonymous_27)
FN:145,(anonymous_28)
FN:145,(anonymous_29)
FN:150,(anonymous_30)
FN:155,(anonymous_31)
FN:192,useMyListings
FNF:33
FNH:1
FNDA:0,pickRandomItems
FNDA:0,(anonymous_1)
FNDA:0,MyListingsProvider
FNDA:0,(anonymous_3)
FNDA:0,(anonymous_4)
FNDA:0,(anonymous_5)
FNDA:0,(anonymous_6)
FNDA:0,(anonymous_7)
FNDA:0,(anonymous_8)
FNDA:0,(anonymous_9)
FNDA:0,(anonymous_10)
FNDA:0,(anonymous_11)
FNDA:0,(anonymous_12)
FNDA:0,(anonymous_13)
FNDA:0,(anonymous_14)
FNDA:0,(anonymous_15)
FNDA:0,(anonymous_16)
FNDA:0,(anonymous_17)
FNDA:0,(anonymous_18)
FNDA:0,(anonymous_19)
FNDA:0,(anonymous_20)
FNDA:0,(anonymous_21)
FNDA:0,(anonymous_22)
FNDA:0,(anonymous_23)
FNDA:0,(anonymous_24)
FNDA:0,(anonymous_25)
FNDA:0,(anonymous_26)
FNDA:0,(anonymous_27)
FNDA:0,(anonymous_28)
FNDA:0,(anonymous_29)
FNDA:0,(anonymous_30)
FNDA:0,(anonymous_31)
FNDA:35,useMyListings
DA:8,0
DA:9,0
DA:45,2
DA:50,0
DA:51,0
DA:52,0
DA:54,0
DA:55,0
DA:57,0
DA:58,0
DA:62,0
DA:63,0
DA:70,0
DA:71,0
DA:72,0
DA:76,0
DA:77,0
DA:78,0
DA:86,0
DA:87,0
DA:88,0
DA:90,0
DA:92,0
DA:96,0
DA:97,0
DA:98,0
DA:99,0
DA:100,0
DA:101,0
DA:109,0
DA:113,0
DA:114,0
DA:115,0
DA:117,0
DA:124,0
DA:125,0
DA:129,0
DA:130,0
DA:131,0
DA:133,0
DA:134,0
DA:137,0
DA:138,0
DA:139,0
DA:140,0
DA:141,0
DA:144,0
DA:145,0
DA:149,0
DA:150,0
DA:154,0
DA:155,0
DA:185,0
DA:193,35
DA:194,35
DA:195,0
DA:197,35
LF:57
LH:4
BRDA:71,0,0,0
BRDA:71,0,1,0
BRDA:71,1,0,0
BRDA:71,1,1,0
BRDA:88,2,0,0
BRDA:88,2,1,0
BRDA:88,2,2,0
BRDA:88,3,0,0
BRDA:88,3,1,0
BRDA:90,4,0,0
BRDA:90,4,1,0
BRDA:98,5,0,0
BRDA:98,5,1,0
BRDA:98,6,0,0
BRDA:98,6,1,0
BRDA:99,7,0,0
BRDA:99,7,1,0
BRDA:118,8,0,0
BRDA:118,8,1,0
BRDA:118,8,2,0
BRDA:118,9,0,0
BRDA:118,9,1,0
BRDA:125,10,0,0
BRDA:125,10,1,0
BRDA:131,11,0,0
BRDA:131,11,1,0
BRDA:194,12,0,0
BRDA:194,12,1,35
BRF:28
BRH:1
end_of_record
TN:
SF:hooks/use-color-scheme.ts
FN:1,useColorScheme
FNF:1
FNH:1
FNDA:1042,useColorScheme
DA:2,1042
LF:1
LH:1
BRF:0
BRH:0
end_of_record
TN:
SF:hooks/use-color-scheme.web.ts
FN:7,useColorScheme
FN:10,(anonymous_1)
FNF:2
FNH:0
FNDA:0,useColorScheme
FNDA:0,(anonymous_1)
DA:8,0
DA:10,0
DA:11,0
DA:14,0
DA:16,0
DA:17,0
DA:20,0
LF:7
LH:0
BRDA:16,0,0,0
BRDA:16,0,1,0
BRF:2
BRH:0
end_of_record
TN:
SF:hooks/use-theme-color.ts
FN:9,useThemeColor
FNF:1
FNH:1
FNDA:1003,useThemeColor
DA:13,1003
DA:14,1003
DA:16,1003
DA:17,9
DA:19,994
LF:5
LH:5
BRDA:13,0,0,1003
BRDA:13,0,1,0
BRDA:16,1,0,9
BRDA:16,1,1,994
BRF:4
BRH:3
end_of_record
TN:
SF:scripts/reset-project.js
FN:48,(anonymous_0)
FN:103,(anonymous_1)
FN:106,(anonymous_2)
FNF:3
FNH:0
FNDA:0,(anonymous_0)
FNDA:0,(anonymous_1)
FNDA:0,(anonymous_2)
DA:9,0
DA:10,0
DA:11,0
DA:13,0
DA:14,0
DA:15,0
DA:16,0
DA:17,0
DA:19,0
DA:36,0
DA:43,0
DA:48,0
DA:49,0
DA:50,0
DA:52,0
DA:53,0
DA:57,0
DA:58,0
DA:59,0
DA:60,0
DA:61,0
DA:62,0
DA:63,0
DA:65,0
DA:66,0
DA:69,0
DA:74,0
DA:75,0
DA:76,0
DA:79,0
DA:80,0
DA:81,0
DA:84,0
DA:85,0
DA:86,0
DA:88,0
DA:89,0
DA:97,0
DA:101,0
DA:104,0
DA:105,0
DA:106,0
DA:108,0
DA:109,0
LF:44
LH:0
BRDA:50,0,0,0
BRDA:50,0,1,0
BRDA:59,1,0,0
BRDA:59,1,1,0
BRDA:60,2,0,0
BRDA:60,2,1,0
BRDA:91,3,0,0
BRDA:91,3,1,0
BRDA:104,4,0,0
BRDA:104,4,1,0
BRDA:105,5,0,0
BRDA:105,5,1,0
BRDA:105,6,0,0
BRDA:105,6,1,0
BRF:14
BRH:0
end_of_record
TN:
SF:store/chatStore.ts
FN:11,getMessagesForItem
FN:13,(anonymous_1)
FN:24,addMessageForItem
FNF:3
FNH:0
FNDA:0,getMessagesForItem
FNDA:0,(anonymous_1)
FNDA:0,addMessageForItem
DA:9,0
DA:12,0
DA:13,0
DA:14,0
DA:15,0
DA:20,0
DA:25,0
DA:26,0
DA:30,0
DA:34,0
LF:10
LH:0
BRDA:12,0,0,0
BRDA:12,0,1,0
BRDA:14,1,0,0
BRDA:14,1,1,0
BRF:4
BRH:0
end_of_record
TN:
SF:store/myListingsStore.ts
FN:10,getItems
FN:14,setItems
FN:16,(anonymous_2)
FN:19,subscribe
FN:22,(anonymous_4)
FNF:5
FNH:0
FNDA:0,getItems
FNDA:0,setItems
FNDA:0,(anonymous_2)
FNDA:0,subscribe
FNDA:0,(anonymous_4)
DA:7,2
DA:8,2
DA:11,0
DA:15,0
DA:16,0
DA:20,0
DA:21,0
DA:22,0
LF:8
LH:2
BRF:0
BRH:0
end_of_record
TN:
SF:store/pendingMeetupStore.ts
FN:6,notify
FN:8,(anonymous_1)
FN:11,subscribePendingMeetup
FN:13,(anonymous_3)
FN:16,getPendingMeetupVersion
FN:20,isPendingMeetupReservation
FN:24,markPendingMeetupReservation
FN:31,isItemSoldOnMarketplace
FN:35,markItemPaidSold
FNF:9
FNH:5
FNDA:0,notify
FNDA:0,(anonymous_1)
FNDA:4,subscribePendingMeetup
FNDA:4,(anonymous_3)
FNDA:28,getPendingMeetupVersion
FNDA:34,isPendingMeetupReservation
FNDA:0,markPendingMeetupReservation
FNDA:68,isItemSoldOnMarketplace
FNDA:0,markItemPaidSold
DA:1,1
DA:2,1
DA:3,1
DA:4,1
DA:7,0
DA:8,0
DA:12,4
DA:13,4
DA:17,28
DA:21,34
DA:25,0
DA:26,0
DA:27,0
DA:28,0
DA:32,68
DA:36,0
DA:37,0
DA:38,0
DA:39,0
LF:19
LH:9
BRDA:25,0,0,0
BRDA:25,0,1,0
BRDA:26,1,0,0
BRDA:26,1,1,0
BRDA:37,2,0,0
BRDA:37,2,1,0
BRF:6
BRH:0
end_of_record
TN:
SF:store/transactionStore.ts
FN:8,getOfferForItem
FN:12,setOfferForItem
FN:19,markOfferSentForItem
FN:26,hasSentOfferForItem
FN:30,setAcceptedOfferItemPrice
FN:35,getAcceptedOfferItemPrice
FNF:6
FNH:0
FNDA:0,getOfferForItem
FNDA:0,setOfferForItem
FNDA:0,markOfferSentForItem
FNDA:0,hasSentOfferForItem
FNDA:0,setAcceptedOfferItemPrice
FNDA:0,getAcceptedOfferItemPrice
DA:3,0
DA:4,0
DA:6,0
DA:9,0
DA:13,0
DA:20,0
DA:27,0
DA:31,0
DA:32,0
DA:36,0
LF:10
LH:0
BRDA:9,0,0,0
BRDA:9,0,1,0
BRDA:31,1,0,0
BRDA:31,1,1,0
BRDA:31,2,0,0
BRDA:31,2,1,0
BRF:6
BRH:0
end_of_record
