TN:
SF:eslint.config.js
FNF:0
FNH:0
DA:2,0
DA:3,0
DA:5,0
LF:3
LH:0
BRF:0
BRH:0
end_of_record
TN:
SF:expo-env.d.ts
FNF:0
FNH:0
LF:0
LH:0
BRF:0
BRH:0
end_of_record
TN:
SF:.expo/types/router.d.ts
FNF:0
FNH:0
LF:0
LH:0
BRF:0
BRH:0
end_of_record
TN:
SF:app/_layout.tsx
FN:16,RootLayout
FNF:1
FNH:0
FNDA:0,RootLayout
DA:12,0
DA:17,0
DA:19,0
LF:3
LH:0
BRF:0
BRH:0
end_of_record
TN:
SF:app/(tabs)/_layout.tsx
FN:10,TabLayout
FN:59,(anonymous_1)
FN:66,(anonymous_2)
FN:73,(anonymous_3)
FN:82,(anonymous_4)
FN:89,(anonymous_5)
FNF:6
FNH:0
FNDA:0,TabLayout
FNDA:0,(anonymous_1)
FNDA:0,(anonymous_2)
FNDA:0,(anonymous_3)
FNDA:0,(anonymous_4)
FNDA:0,(anonymous_5)
DA:11,0
DA:59,0
DA:66,0
DA:73,0
DA:82,0
DA:89,0
LF:6
LH:0
BRF:0
BRH:0
end_of_record
TN:
SF:app/(tabs)/explore.tsx
FN:26,Explore
FN:32,(anonymous_1)
FN:32,(anonymous_2)
FN:36,(anonymous_3)
FN:36,(anonymous_4)
FN:45,(anonymous_5)
FN:46,(anonymous_6)
FN:48,(anonymous_7)
FN:48,(anonymous_8)
FN:53,(anonymous_9)
FN:62,(anonymous_10)
FN:66,(anonymous_11)
FN:70,(anonymous_12)
FN:73,(anonymous_13)
FN:74,(anonymous_14)
FN:74,(anonymous_15)
FN:77,(anonymous_16)
FN:79,(anonymous_17)
FN:82,(anonymous_18)
FN:101,(anonymous_19)
FN:109,(anonymous_20)
FN:126,(anonymous_21)
FN:156,(anonymous_22)
FN:180,(anonymous_23)
FN:185,(anonymous_24)
FN:185,(anonymous_25)
FN:196,(anonymous_26)
FN:209,(anonymous_27)
FN:218,(anonymous_28)
FN:237,(anonymous_29)
FN:260,(anonymous_30)
FN:261,(anonymous_31)
FN:261,(anonymous_32)
FN:315,(anonymous_33)
FN:316,(anonymous_34)
FN:321,(anonymous_35)
FN:327,(anonymous_36)
FN:340,(anonymous_37)
FN:345,(anonymous_38)
FN:365,(anonymous_39)
FNF:40
FNH:7
FNDA:1821,Explore
FNDA:70,(anonymous_1)
FNDA:248,(anonymous_2)
FNDA:70,(anonymous_3)
FNDA:248,(anonymous_4)
FNDA:0,(anonymous_5)
FNDA:0,(anonymous_6)
FNDA:0,(anonymous_7)
FNDA:0,(anonymous_8)
FNDA:1820,(anonymous_9)
FNDA:0,(anonymous_10)
FNDA:0,(anonymous_11)
FNDA:0,(anonymous_12)
FNDA:0,(anonymous_13)
FNDA:0,(anonymous_14)
FNDA:0,(anonymous_15)
FNDA:0,(anonymous_16)
FNDA:0,(anonymous_17)
FNDA:0,(anonymous_18)
FNDA:0,(anonymous_19)
FNDA:0,(anonymous_20)
FNDA:0,(anonymous_21)
FNDA:0,(anonymous_22)
FNDA:0,(anonymous_23)
FNDA:0,(anonymous_24)
FNDA:0,(anonymous_25)
FNDA:0,(anonymous_26)
FNDA:0,(anonymous_27)
FNDA:0,(anonymous_28)
FNDA:0,(anonymous_29)
FNDA:0,(anonymous_30)
FNDA:0,(anonymous_31)
FNDA:0,(anonymous_32)
FNDA:0,(anonymous_33)
FNDA:0,(anonymous_34)
FNDA:0,(anonymous_35)
FNDA:0,(anonymous_36)
FNDA:0,(anonymous_37)
FNDA:0,(anonymous_38)
FNDA:1612,(anonymous_39)
DA:14,1
DA:15,1
DA:16,1
DA:17,1
DA:18,1
DA:19,1
DA:21,1
DA:27,1821
DA:28,1821
DA:29,1821
DA:30,1821
DA:31,1821
DA:32,248
DA:35,1820
DA:36,248
DA:39,1820
DA:40,1820
DA:41,1820
DA:42,1820
DA:43,1820
DA:45,1820
DA:46,0
DA:47,0
DA:48,0
DA:52,1820
DA:54,1820
DA:55,1820
DA:60,1820
DA:62,1820
DA:63,0
DA:64,0
DA:65,0
DA:66,0
DA:70,0
DA:73,1820
DA:74,0
DA:77,1820
DA:78,0
DA:79,0
DA:82,1820
DA:83,0
DA:84,0
DA:85,0
DA:86,0
DA:87,0
DA:88,0
DA:101,1820
DA:102,0
DA:103,0
DA:106,1820
DA:107,1820
DA:109,1820
DA:110,0
DA:111,0
DA:112,0
DA:113,0
DA:114,0
DA:126,1820
DA:127,0
DA:128,0
DA:129,0
DA:140,1820
DA:157,0
DA:180,0
DA:185,0
DA:197,0
DA:198,0
DA:210,0
DA:211,0
DA:218,0
DA:238,0
DA:260,0
DA:261,0
DA:315,0
DA:316,0
DA:321,0
DA:327,0
DA:341,0
DA:345,0
DA:365,1612
DA:380,1
LF:81
LH:37
BRDA:47,0,0,0
BRDA:47,0,1,0
BRDA:48,1,0,0
BRDA:48,1,1,0
BRDA:63,2,0,0
BRDA:63,2,1,0
BRDA:84,3,0,0
BRDA:84,3,1,0
BRDA:84,4,0,0
BRDA:84,4,1,0
BRDA:86,5,0,0
BRDA:86,5,1,0
BRDA:106,6,0,0
BRDA:106,6,1,1820
BRDA:107,7,0,0
BRDA:107,7,1,1820
BRDA:110,8,0,0
BRDA:110,8,1,0
BRDA:112,9,0,0
BRDA:112,9,1,0
BRDA:128,10,0,0
BRDA:128,10,1,0
BRDA:142,11,0,260
BRDA:142,11,1,1560
BRDA:160,12,0,0
BRDA:160,12,1,0
BRDA:177,13,0,0
BRDA:177,13,1,0
BRDA:182,14,0,0
BRDA:182,14,1,0
BRDA:183,15,0,0
BRDA:183,15,1,0
BRDA:190,16,0,0
BRDA:190,16,1,0
BRDA:193,17,0,0
BRDA:193,17,1,0
BRDA:202,18,0,0
BRDA:202,18,1,0
BRDA:205,19,0,0
BRDA:205,19,1,0
BRDA:216,20,0,0
BRDA:216,20,1,0
BRDA:229,21,0,0
BRDA:229,21,1,0
BRDA:234,22,0,0
BRDA:234,22,1,0
BRDA:260,23,0,0
BRDA:260,23,1,0
BRDA:265,24,0,0
BRDA:265,24,1,0
BRDA:271,25,0,0
BRDA:271,25,1,0
BRDA:312,26,0,1560
BRDA:312,26,1,0
BRDA:315,27,0,0
BRDA:315,27,1,0
BRDA:321,28,0,0
BRDA:321,28,1,0
BRDA:327,29,0,0
BRDA:327,29,1,0
BRDA:331,30,0,0
BRDA:331,30,1,0
BRDA:352,31,0,1560
BRDA:352,31,1,1560
BRDA:365,32,0,1560
BRDA:365,32,1,1560
BRF:66
BRH:9
end_of_record
TN:
SF:app/(tabs)/index.tsx
FN:27,HomeScreen
FN:39,(anonymous_1)
FN:43,(anonymous_2)
FN:47,(anonymous_3)
FN:57,(anonymous_4)
FN:77,(anonymous_5)
FN:100,(anonymous_6)
FN:103,(anonymous_7)
FN:107,(anonymous_8)
FN:111,(anonymous_9)
FN:117,(anonymous_10)
FN:118,(anonymous_11)
FN:121,(anonymous_12)
FN:142,(anonymous_13)
FN:144,(anonymous_14)
FN:152,(anonymous_15)
FN:153,(anonymous_16)
FN:164,(anonymous_17)
FN:220,(anonymous_18)
FNF:19
FNH:13
FNDA:12,HomeScreen
FNDA:4,(anonymous_1)
FNDA:11,(anonymous_2)
FNDA:6,(anonymous_3)
FNDA:12,(anonymous_4)
FNDA:1,(anonymous_5)
FNDA:0,(anonymous_6)
FNDA:0,(anonymous_7)
FNDA:0,(anonymous_8)
FNDA:0,(anonymous_9)
FNDA:8,(anonymous_10)
FNDA:7,(anonymous_11)
FNDA:1,(anonymous_12)
FNDA:34,(anonymous_13)
FNDA:0,(anonymous_14)
FNDA:34,(anonymous_15)
FNDA:1,(anonymous_16)
FNDA:0,(anonymous_17)
FNDA:1,(anonymous_18)
DA:28,12
DA:29,12
DA:30,12
DA:31,12
DA:32,12
DA:33,12
DA:34,12
DA:35,12
DA:37,12
DA:39,12
DA:40,4
DA:43,12
DA:44,11
DA:45,11
DA:46,1
DA:47,1
DA:48,6
DA:49,6
DA:50,6
DA:51,6
DA:52,4
DA:55,11
DA:56,11
DA:57,2
DA:58,12
DA:65,12
DA:67,12
DA:77,1
DA:100,0
DA:103,0
DA:107,0
DA:111,0
DA:117,8
DA:119,7
DA:122,1
DA:123,1
DA:143,34
DA:145,0
DA:148,34
DA:149,34
DA:152,34
DA:154,1
DA:155,1
DA:165,0
DA:166,0
DA:221,1
DA:222,1
DA:223,0
DA:224,0
DA:226,1
DA:251,1
LF:51
LH:42
BRDA:45,0,0,1
BRDA:45,0,1,10
BRDA:48,1,0,6
BRDA:48,1,1,0
BRDA:49,2,0,0
BRDA:49,2,1,6
BRDA:50,3,0,0
BRDA:50,3,1,6
BRDA:50,4,0,6
BRDA:50,4,1,0
BRDA:51,5,0,2
BRDA:51,5,1,4
BRDA:51,6,0,6
BRDA:51,6,1,6
BRDA:51,6,2,4
BRDA:56,7,0,9
BRDA:56,7,1,2
BRDA:58,8,0,12
BRDA:58,8,1,11
BRDA:58,8,2,10
BRDA:60,9,0,10
BRDA:60,9,1,0
BRDA:113,10,0,12
BRDA:113,10,1,11
BRDA:128,11,0,7
BRDA:128,11,1,0
BRDA:137,12,0,4
BRDA:137,12,1,8
BRDA:145,13,0,0
BRDA:145,13,1,0
BRDA:145,13,2,0
BRDA:145,14,0,0
BRDA:145,14,1,0
BRDA:148,15,0,34
BRDA:148,15,1,0
BRDA:152,16,0,34
BRDA:152,16,1,0
BRDA:184,17,0,34
BRDA:184,17,1,0
BRDA:191,18,0,34
BRDA:191,18,1,34
BRDA:191,18,2,34
BRDA:191,18,3,0
BRDA:197,19,0,0
BRDA:197,19,1,0
BRDA:207,20,0,0
BRDA:207,20,1,0
BRDA:213,21,0,0
BRDA:213,21,1,0
BRDA:222,22,0,0
BRDA:222,22,1,1
BRDA:231,23,0,0
BRDA:231,23,1,34
BRDA:234,24,0,0
BRDA:234,24,1,34
BRF:55
BRH:31
end_of_record
TN:
SF:app/(tabs)/liked-items.tsx
FN:24,getOrderedLikedItems
FN:28,(anonymous_1)
FN:28,(anonymous_2)
FN:32,(anonymous_3)
FN:33,(anonymous_4)
FN:37,(anonymous_5)
FN:37,(anonymous_6)
FN:38,(anonymous_7)
FN:41,LikedItemsScreen
FN:51,(anonymous_9)
FN:52,(anonymous_10)
FN:57,(anonymous_11)
FN:58,(anonymous_12)
FN:64,(anonymous_13)
FN:66,(anonymous_14)
FN:72,(anonymous_15)
FN:72,(anonymous_16)
FN:91,(anonymous_17)
FN:94,(anonymous_18)
FN:104,(anonymous_19)
FN:112,(anonymous_20)
FN:123,(anonymous_21)
FN:126,(anonymous_22)
FN:128,(anonymous_23)
FN:130,(anonymous_24)
FN:154,(anonymous_25)
FN:155,(anonymous_26)
FN:169,(anonymous_27)
FN:170,(anonymous_28)
FN:172,(anonymous_29)
FN:176,(anonymous_30)
FN:179,(anonymous_31)
FN:183,(anonymous_32)
FN:242,(anonymous_33)
FN:246,(anonymous_34)
FNF:35
FNH:27
FNDA:8,getOrderedLikedItems
FNDA:80,(anonymous_1)
FNDA:8,(anonymous_2)
FNDA:8,(anonymous_3)
FNDA:8,(anonymous_4)
FNDA:8,(anonymous_5)
FNDA:8,(anonymous_6)
FNDA:8,(anonymous_7)
FNDA:8,LikedItemsScreen
FNDA:8,(anonymous_9)
FNDA:3,(anonymous_10)
FNDA:8,(anonymous_11)
FNDA:0,(anonymous_12)
FNDA:1,(anonymous_13)
FNDA:1,(anonymous_14)
FNDA:3,(anonymous_15)
FNDA:3,(anonymous_16)
FNDA:2,(anonymous_17)
FNDA:0,(anonymous_18)
FNDA:0,(anonymous_19)
FNDA:2,(anonymous_20)
FNDA:8,(anonymous_21)
FNDA:2,(anonymous_22)
FNDA:2,(anonymous_23)
FNDA:8,(anonymous_24)
FNDA:0,(anonymous_25)
FNDA:0,(anonymous_26)
FNDA:4,(anonymous_27)
FNDA:0,(anonymous_28)
FNDA:0,(anonymous_29)
FNDA:2,(anonymous_30)
FNDA:2,(anonymous_31)
FNDA:1,(anonymous_32)
FNDA:6,(anonymous_33)
FNDA:0,(anonymous_34)
DA:18,1
DA:20,1
DA:28,80
DA:30,8
DA:32,8
DA:33,8
DA:36,8
DA:37,8
DA:38,8
DA:42,8
DA:43,8
DA:44,8
DA:45,8
DA:46,8
DA:47,8
DA:49,8
DA:51,8
DA:52,8
DA:53,3
DA:56,8
DA:58,8
DA:59,0
DA:64,8
DA:65,1
DA:66,1
DA:67,1
DA:68,1
DA:72,8
DA:73,3
DA:76,8
DA:77,8
DA:78,8
DA:80,8
DA:92,2
DA:95,0
DA:96,0
DA:105,0
DA:106,0
DA:112,2
DA:124,8
DA:127,2
DA:128,2
DA:130,8
DA:154,0
DA:156,0
DA:157,0
DA:169,4
DA:171,0
DA:172,0
DA:177,2
DA:180,2
DA:184,1
DA:185,1
DA:243,6
DA:247,0
DA:248,0
DA:284,1
LF:57
LH:45
BRDA:30,0,0,8
BRDA:30,0,1,0
BRDA:65,1,0,0
BRDA:65,1,1,1
BRDA:73,2,0,0
BRDA:73,2,1,3
BRDA:90,3,0,2
BRDA:90,3,1,6
BRDA:113,4,0,0
BRDA:113,4,1,2
BRDA:131,5,0,0
BRDA:131,5,1,8
BRDA:136,6,0,2
BRDA:136,6,1,6
BRDA:145,7,0,0
BRDA:145,7,1,8
BRDA:154,8,0,0
BRDA:154,8,1,0
BRDA:166,9,0,2
BRDA:166,9,1,6
BRDA:204,10,0,2
BRDA:204,10,1,2
BRDA:205,11,0,0
BRDA:205,11,1,2
BRDA:245,12,0,6
BRDA:245,12,1,6
BRF:26
BRH:17
end_of_record
TN:
SF:app/(tabs)/profile.tsx
FN:13,AuthGate
FN:35,HomeScreen
FN:40,(anonymous_2)
FN:45,(anonymous_3)
FN:52,(anonymous_4)
FN:57,(anonymous_5)
FN:99,(anonymous_6)
FN:100,(anonymous_7)
FN:101,(anonymous_8)
FNF:9
FNH:8
FNDA:1,AuthGate
FNDA:7,HomeScreen
FNDA:5,(anonymous_2)
FNDA:3,(anonymous_3)
FNDA:3,(anonymous_4)
FNDA:0,(anonymous_5)
FNDA:12,(anonymous_6)
FNDA:22,(anonymous_7)
FNDA:18,(anonymous_8)
DA:10,1
DA:11,1
DA:14,1
DA:36,7
DA:37,7
DA:38,7
DA:40,7
DA:41,5
DA:42,3
DA:46,3
DA:47,1
DA:48,1
DA:50,2
DA:53,3
DA:54,2
DA:55,2
DA:60,7
DA:61,1
DA:64,6
DA:70,6
DA:99,12
DA:100,22
DA:102,18
DA:126,1
DA:160,1
DA:166,1
LF:26
LH:26
BRDA:41,0,0,2
BRDA:41,0,1,3
BRDA:41,1,0,5
BRDA:41,1,1,4
BRDA:46,2,0,1
BRDA:46,2,1,2
BRDA:53,3,0,1
BRDA:53,3,1,2
BRDA:60,4,0,1
BRDA:60,4,1,6
BRDA:76,5,0,5
BRDA:76,5,1,1
BRDA:80,6,0,6
BRDA:80,6,1,1
BRF:14
BRH:14
end_of_record
TN:
SF:app/(tabs)/sell.tsx
FN:23,HomeScreen
FN:36,(anonymous_1)
FN:51,(anonymous_2)
FN:52,(anonymous_3)
FN:65,(anonymous_4)
FN:66,(anonymous_5)
FN:74,(anonymous_6)
FN:89,(anonymous_7)
FN:101,(anonymous_8)
FN:108,(anonymous_9)
FN:114,(anonymous_10)
FN:136,(anonymous_11)
FN:184,(anonymous_12)
FN:188,(anonymous_13)
FN:200,(anonymous_14)
FN:204,(anonymous_15)
FN:219,(anonymous_16)
FN:223,(anonymous_17)
FN:225,(anonymous_18)
FN:241,(anonymous_19)
FN:274,(anonymous_20)
FN:279,(anonymous_21)
FN:307,(anonymous_22)
FN:339,(anonymous_23)
FN:340,(anonymous_24)
FN:343,(anonymous_25)
FNF:26
FNH:16
FNDA:19,HomeScreen
FNDA:2,(anonymous_1)
FNDA:2,(anonymous_2)
FNDA:2,(anonymous_3)
FNDA:0,(anonymous_4)
FNDA:0,(anonymous_5)
FNDA:1,(anonymous_6)
FNDA:1,(anonymous_7)
FNDA:1,(anonymous_8)
FNDA:76,(anonymous_9)
FNDA:2,(anonymous_10)
FNDA:1,(anonymous_11)
FNDA:0,(anonymous_12)
FNDA:0,(anonymous_13)
FNDA:0,(anonymous_14)
FNDA:0,(anonymous_15)
FNDA:0,(anonymous_16)
FNDA:0,(anonymous_17)
FNDA:3,(anonymous_18)
FNDA:1,(anonymous_19)
FNDA:4,(anonymous_20)
FNDA:0,(anonymous_21)
FNDA:0,(anonymous_22)
FNDA:4,(anonymous_23)
FNDA:3,(anonymous_24)
FNDA:1,(anonymous_25)
DA:12,1
DA:13,1
DA:14,1
DA:15,1
DA:17,1
DA:18,1
DA:19,1
DA:21,1
DA:24,19
DA:26,19
DA:27,19
DA:28,19
DA:29,19
DA:30,19
DA:31,19
DA:32,19
DA:33,19
DA:36,19
DA:37,2
DA:38,0
DA:39,0
DA:42,2
DA:50,2
DA:51,2
DA:52,2
DA:54,2
DA:55,0
DA:56,0
DA:59,2
DA:61,2
DA:65,19
DA:66,0
DA:71,19
DA:72,19
DA:74,19
DA:75,1
DA:76,1
DA:89,19
DA:90,1
DA:102,1
DA:108,19
DA:109,76
DA:110,76
DA:111,72
DA:114,19
DA:115,2
DA:116,2
DA:119,2
DA:120,2
DA:121,2
DA:122,2
DA:123,2
DA:125,2
DA:127,2
DA:128,1
DA:129,1
DA:131,1
DA:132,1
DA:133,1
DA:134,1
DA:136,1
DA:137,1
DA:145,1
DA:153,1
DA:155,1
DA:156,1
DA:158,0
DA:162,0
DA:167,19
DA:185,0
DA:186,0
DA:188,0
DA:201,0
DA:202,0
DA:204,0
DA:220,0
DA:221,0
DA:223,0
DA:227,3
DA:228,2
DA:242,1
DA:243,1
DA:275,4
DA:279,0
DA:307,0
DA:339,4
DA:341,3
DA:344,1
DA:345,1
DA:346,1
DA:363,1
LF:91
LH:73
BRDA:37,0,0,0
BRDA:37,0,1,2
BRDA:50,1,0,2
BRDA:50,1,1,0
BRDA:54,2,0,0
BRDA:54,2,1,2
BRDA:54,3,0,2
BRDA:54,3,1,0
BRDA:61,4,0,0
BRDA:61,4,1,2
BRDA:109,5,0,0
BRDA:109,5,1,76
BRDA:110,6,0,4
BRDA:110,6,1,72
BRDA:119,7,0,1
BRDA:119,7,1,1
BRDA:120,8,0,1
BRDA:120,8,1,1
BRDA:121,9,0,1
BRDA:121,9,1,1
BRDA:122,10,0,1
BRDA:122,10,1,1
BRDA:123,11,0,1
BRDA:123,11,1,1
BRDA:127,12,0,1
BRDA:127,12,1,1
BRDA:155,13,0,1
BRDA:155,13,1,0
BRDA:186,14,0,0
BRDA:186,14,1,0
BRDA:202,15,0,0
BRDA:202,15,1,0
BRDA:221,16,0,0
BRDA:221,16,1,0
BRDA:227,17,0,2
BRDA:227,17,1,1
BRDA:242,18,0,0
BRDA:242,18,1,1
BRDA:246,19,0,4
BRDA:246,19,1,15
BRDA:247,20,0,19
BRDA:247,20,1,15
BRDA:256,21,0,19
BRDA:256,21,1,19
BRDA:259,22,0,1
BRDA:259,22,1,18
BRDA:345,23,0,0
BRDA:345,23,1,1
BRDA:350,24,0,3
BRDA:350,24,1,2
BRF:50
BRH:35
end_of_record
TN:
SF:app/auth/login.tsx
FN:13,LoginScreen
FN:24,handleLogin
FN:58,(anonymous_2)
FNF:3
FNH:0
FNDA:0,LoginScreen
FNDA:0,handleLogin
FNDA:0,(anonymous_2)
DA:10,0
DA:11,0
DA:14,0
DA:15,0
DA:16,0
DA:17,0
DA:18,0
DA:19,0
DA:20,0
DA:21,0
DA:22,0
DA:25,0
DA:26,0
DA:27,0
DA:29,0
DA:30,0
DA:31,0
DA:32,0
DA:37,0
DA:38,0
DA:39,0
DA:40,0
DA:42,0
DA:43,0
DA:45,0
DA:47,0
DA:51,0
DA:58,0
DA:104,0
LF:29
LH:0
BRDA:25,0,0,0
BRDA:25,0,1,0
BRDA:25,1,0,0
BRDA:25,1,1,0
BRDA:38,2,0,0
BRDA:38,2,1,0
BRDA:39,3,0,0
BRDA:39,3,1,0
BRDA:88,4,0,0
BRDA:88,4,1,0
BRDA:91,5,0,0
BRDA:91,5,1,0
BRF:12
BRH:0
end_of_record
TN:
SF:app/auth/signup.tsx
FN:13,SignUpScreen
FN:25,handleSignUp
FN:69,(anonymous_2)
FNF:3
FNH:0
FNDA:0,SignUpScreen
FNDA:0,handleSignUp
FNDA:0,(anonymous_2)
DA:10,0
DA:11,0
DA:14,0
DA:15,0
DA:16,0
DA:17,0
DA:18,0
DA:19,0
DA:20,0
DA:21,0
DA:22,0
DA:23,0
DA:26,0
DA:27,0
DA:28,0
DA:30,0
DA:31,0
DA:32,0
DA:33,0
DA:38,0
DA:39,0
DA:40,0
DA:41,0
DA:43,0
DA:48,0
DA:49,0
DA:50,0
DA:51,0
DA:53,0
DA:54,0
DA:56,0
DA:58,0
DA:62,0
DA:69,0
DA:124,0
LF:35
LH:0
BRDA:26,0,0,0
BRDA:26,0,1,0
BRDA:26,1,0,0
BRDA:26,1,1,0
BRDA:26,1,2,0
BRDA:39,2,0,0
BRDA:39,2,1,0
BRDA:40,3,0,0
BRDA:40,3,1,0
BRDA:49,4,0,0
BRDA:49,4,1,0
BRDA:50,5,0,0
BRDA:50,5,1,0
BRDA:108,6,0,0
BRDA:108,6,1,0
BRDA:111,7,0,0
BRDA:111,7,1,0
BRF:17
BRH:0
end_of_record
TN:
SF:app/items/[id].tsx
FN:30,HomeScreen
FN:54,(anonymous_1)
FN:54,(anonymous_2)
FN:57,(anonymous_3)
FN:64,(anonymous_4)
FN:74,(anonymous_5)
FN:100,(anonymous_6)
FN:141,(anonymous_7)
FN:157,(anonymous_8)
FN:212,(anonymous_9)
FN:252,(anonymous_10)
FN:258,(anonymous_11)
FN:259,(anonymous_12)
FN:261,(anonymous_13)
FN:277,(anonymous_14)
FN:285,(anonymous_15)
FN:294,(anonymous_16)
FN:316,(anonymous_17)
FN:347,(anonymous_18)
FN:377,(anonymous_19)
FN:382,(anonymous_20)
FN:391,(anonymous_21)
FN:412,(anonymous_22)
FNF:23
FNH:0
FNDA:0,HomeScreen
FNDA:0,(anonymous_1)
FNDA:0,(anonymous_2)
FNDA:0,(anonymous_3)
FNDA:0,(anonymous_4)
FNDA:0,(anonymous_5)
FNDA:0,(anonymous_6)
FNDA:0,(anonymous_7)
FNDA:0,(anonymous_8)
FNDA:0,(anonymous_9)
FNDA:0,(anonymous_10)
FNDA:0,(anonymous_11)
FNDA:0,(anonymous_12)
FNDA:0,(anonymous_13)
FNDA:0,(anonymous_14)
FNDA:0,(anonymous_15)
FNDA:0,(anonymous_16)
FNDA:0,(anonymous_17)
FNDA:0,(anonymous_18)
FNDA:0,(anonymous_19)
FNDA:0,(anonymous_20)
FNDA:0,(anonymous_21)
FNDA:0,(anonymous_22)
DA:28,0
DA:31,0
DA:42,0
DA:43,0
DA:44,0
DA:45,0
DA:46,0
DA:47,0
DA:48,0
DA:49,0
DA:50,0
DA:51,0
DA:52,0
DA:53,0
DA:54,0
DA:57,0
DA:58,0
DA:59,0
DA:61,0
DA:63,0
DA:64,0
DA:65,0
DA:66,0
DA:67,0
DA:68,0
DA:72,0
DA:74,0
DA:76,0
DA:77,0
DA:84,0
DA:95,0
DA:96,0
DA:98,0
DA:101,0
DA:104,0
DA:105,0
DA:106,0
DA:107,0
DA:114,0
DA:119,0
DA:120,0
DA:126,0
DA:127,0
DA:129,0
DA:130,0
DA:131,0
DA:132,0
DA:133,0
DA:134,0
DA:135,0
DA:136,0
DA:137,0
DA:138,0
DA:140,0
DA:142,0
DA:143,0
DA:146,0
DA:151,0
DA:158,0
DA:159,0
DA:160,0
DA:162,0
DA:163,0
DA:164,0
DA:166,0
DA:167,0
DA:168,0
DA:170,0
DA:171,0
DA:172,0
DA:174,0
DA:175,0
DA:176,0
DA:178,0
DA:179,0
DA:180,0
DA:182,0
DA:213,0
DA:214,0
DA:215,0
DA:252,0
DA:259,0
DA:262,0
DA:263,0
DA:278,0
DA:286,0
DA:287,0
DA:295,0
DA:296,0
DA:317,0
DA:318,0
DA:347,0
DA:377,0
DA:383,0
DA:392,0
DA:393,0
DA:413,0
DA:414,0
DA:415,0
DA:417,0
DA:418,0
DA:419,0
DA:421,0
DA:422,0
DA:423,0
DA:425,0
DA:426,0
DA:451,0
DA:456,0
LF:109
LH:0
BRDA:51,0,0,0
BRDA:51,0,1,0
BRDA:59,1,0,0
BRDA:59,1,1,0
BRDA:74,2,0,0
BRDA:74,2,1,0
BRDA:74,2,2,0
BRDA:76,3,0,0
BRDA:76,3,1,0
BRDA:95,4,0,0
BRDA:95,4,1,0
BRDA:98,5,0,0
BRDA:98,5,1,0
BRDA:101,6,0,0
BRDA:101,6,1,0
BRDA:101,6,2,0
BRDA:101,7,0,0
BRDA:101,7,1,0
BRDA:104,8,0,0
BRDA:104,8,1,0
BRDA:105,9,0,0
BRDA:105,9,1,0
BRDA:106,10,0,0
BRDA:106,10,1,0
BRDA:106,10,2,0
BRDA:107,11,0,0
BRDA:107,11,1,0
BRDA:109,12,0,0
BRDA:109,12,1,0
BRDA:111,13,0,0
BRDA:111,13,1,0
BRDA:114,14,0,0
BRDA:114,14,1,0
BRDA:116,15,0,0
BRDA:116,15,1,0
BRDA:126,16,0,0
BRDA:126,16,1,0
BRDA:126,16,2,0
BRDA:127,17,0,0
BRDA:127,17,1,0
BRDA:127,18,0,0
BRDA:127,18,1,0
BRDA:127,19,0,0
BRDA:127,19,1,0
BRDA:132,20,0,0
BRDA:132,20,1,0
BRDA:133,21,0,0
BRDA:133,21,1,0
BRDA:134,22,0,0
BRDA:134,22,1,0
BRDA:135,23,0,0
BRDA:135,23,1,0
BRDA:158,24,0,0
BRDA:158,24,1,0
BRDA:162,25,0,0
BRDA:162,25,1,0
BRDA:166,26,0,0
BRDA:166,26,1,0
BRDA:170,27,0,0
BRDA:170,27,1,0
BRDA:174,28,0,0
BRDA:174,28,1,0
BRDA:178,29,0,0
BRDA:178,29,1,0
BRDA:189,30,0,0
BRDA:189,30,1,0
BRDA:202,31,0,0
BRDA:202,31,1,0
BRDA:202,32,0,0
BRDA:202,32,1,0
BRDA:202,32,2,0
BRDA:202,32,3,0
BRDA:213,33,0,0
BRDA:213,33,1,0
BRDA:222,34,0,0
BRDA:222,34,1,0
BRDA:225,35,0,0
BRDA:225,35,1,0
BRDA:235,36,0,0
BRDA:235,36,1,0
BRDA:250,37,0,0
BRDA:250,37,1,0
BRDA:250,37,2,0
BRDA:250,37,3,0
BRDA:250,37,4,0
BRDA:254,38,0,0
BRDA:254,38,1,0
BRDA:254,38,2,0
BRDA:255,39,0,0
BRDA:255,39,1,0
BRDA:256,40,0,0
BRDA:256,40,1,0
BRDA:270,41,0,0
BRDA:270,41,1,0
BRDA:274,42,0,0
BRDA:274,42,1,0
BRDA:274,42,2,0
BRDA:274,42,3,0
BRDA:274,42,4,0
BRDA:274,42,5,0
BRDA:282,43,0,0
BRDA:282,43,1,0
BRDA:292,44,0,0
BRDA:292,44,1,0
BRDA:308,45,0,0
BRDA:308,45,1,0
BRDA:313,46,0,0
BRDA:313,46,1,0
BRDA:324,47,0,0
BRDA:324,47,1,0
BRDA:325,48,0,0
BRDA:325,48,1,0
BRDA:325,49,0,0
BRDA:325,49,1,0
BRDA:325,50,0,0
BRDA:325,50,1,0
BRDA:326,51,0,0
BRDA:326,51,1,0
BRDA:326,52,0,0
BRDA:326,52,1,0
BRDA:327,53,0,0
BRDA:327,53,1,0
BRDA:327,54,0,0
BRDA:327,54,1,0
BRDA:328,55,0,0
BRDA:328,55,1,0
BRDA:328,56,0,0
BRDA:328,56,1,0
BRDA:344,57,0,0
BRDA:344,57,1,0
BRDA:350,58,0,0
BRDA:350,58,1,0
BRDA:350,59,0,0
BRDA:350,59,1,0
BRDA:375,60,0,0
BRDA:375,60,1,0
BRDA:404,61,0,0
BRDA:404,61,1,0
BRDA:404,62,0,0
BRDA:404,62,1,0
BRDA:404,62,2,0
BRDA:409,63,0,0
BRDA:409,63,1,0
BRDA:410,64,0,0
BRDA:410,64,1,0
BRDA:413,65,0,0
BRDA:413,65,1,0
BRDA:417,66,0,0
BRDA:417,66,1,0
BRDA:421,67,0,0
BRDA:421,67,1,0
BRDA:431,68,0,0
BRDA:431,68,1,0
BRDA:432,69,0,0
BRDA:432,69,1,0
BRDA:432,70,0,0
BRDA:432,70,1,0
BRDA:433,71,0,0
BRDA:433,71,1,0
BRDA:433,72,0,0
BRDA:433,72,1,0
BRDA:434,73,0,0
BRDA:434,73,1,0
BRDA:434,74,0,0
BRDA:434,74,1,0
BRDA:435,75,0,0
BRDA:435,75,1,0
BRDA:435,76,0,0
BRDA:435,76,1,0
BRDA:436,77,0,0
BRDA:436,77,1,0
BRF:171
BRH:0
end_of_record
TN:
SF:app/items/_layout.tsx
FN:8,ItemsLayout
FN:22,(anonymous_1)
FN:25,(anonymous_2)
FNF:3
FNH:0
FNDA:0,ItemsLayout
FNDA:0,(anonymous_1)
FNDA:0,(anonymous_2)
DA:6,0
DA:9,0
DA:10,0
DA:11,0
DA:13,0
DA:23,0
DA:25,0
LF:7
LH:0
BRDA:23,0,0,0
BRDA:23,0,1,0
BRF:2
BRH:0
end_of_record
TN:
SF:app/items/chat.tsx
FN:18,formatMessageTime
FN:25,getMatchChatKey
FN:31,App
FN:52,(anonymous_3)
FN:78,(anonymous_4)
FN:82,(anonymous_5)
FN:103,(anonymous_6)
FN:108,(anonymous_7)
FN:111,(anonymous_8)
FN:116,(anonymous_9)
FN:117,(anonymous_10)
FN:123,(anonymous_11)
FN:127,(anonymous_12)
FN:131,(anonymous_13)
FN:137,(anonymous_14)
FN:143,(anonymous_15)
FN:149,(anonymous_16)
FN:165,(anonymous_17)
FN:170,(anonymous_18)
FN:173,(anonymous_19)
FN:180,(anonymous_20)
FN:193,(anonymous_21)
FN:246,(anonymous_22)
FN:258,(anonymous_23)
FN:275,(anonymous_24)
FN:290,(anonymous_25)
FNF:26
FNH:0
FNDA:0,formatMessageTime
FNDA:0,getMatchChatKey
FNDA:0,App
FNDA:0,(anonymous_3)
FNDA:0,(anonymous_4)
FNDA:0,(anonymous_5)
FNDA:0,(anonymous_6)
FNDA:0,(anonymous_7)
FNDA:0,(anonymous_8)
FNDA:0,(anonymous_9)
FNDA:0,(anonymous_10)
FNDA:0,(anonymous_11)
FNDA:0,(anonymous_12)
FNDA:0,(anonymous_13)
FNDA:0,(anonymous_14)
FNDA:0,(anonymous_15)
FNDA:0,(anonymous_16)
FNDA:0,(anonymous_17)
FNDA:0,(anonymous_18)
FNDA:0,(anonymous_19)
FNDA:0,(anonymous_20)
FNDA:0,(anonymous_21)
FNDA:0,(anonymous_22)
FNDA:0,(anonymous_23)
FNDA:0,(anonymous_24)
FNDA:0,(anonymous_25)
DA:16,0
DA:19,0
DA:26,0
DA:32,0
DA:33,0
DA:34,0
DA:35,0
DA:37,0
DA:46,0
DA:47,0
DA:48,0
DA:49,0
DA:50,0
DA:51,0
DA:52,0
DA:53,0
DA:54,0
DA:55,0
DA:56,0
DA:57,0
DA:58,0
DA:59,0
DA:60,0
DA:61,0
DA:62,0
DA:63,0
DA:64,0
DA:65,0
DA:66,0
DA:67,0
DA:68,0
DA:69,0
DA:70,0
DA:71,0
DA:72,0
DA:73,0
DA:74,0
DA:75,0
DA:76,0
DA:78,0
DA:79,0
DA:83,0
DA:84,0
DA:86,0
DA:95,0
DA:96,0
DA:103,0
DA:104,0
DA:105,0
DA:108,0
DA:109,0
DA:110,0
DA:111,0
DA:112,0
DA:113,0
DA:114,0
DA:116,0
DA:117,0
DA:118,0
DA:119,0
DA:123,0
DA:124,0
DA:125,0
DA:126,0
DA:127,0
DA:128,0
DA:131,0
DA:132,0
DA:133,0
DA:134,0
DA:137,0
DA:138,0
DA:139,0
DA:140,0
DA:143,0
DA:144,0
DA:145,0
DA:146,0
DA:149,0
DA:150,0
DA:151,0
DA:152,0
DA:154,0
DA:155,0
DA:156,0
DA:158,0
DA:159,0
DA:160,0
DA:162,0
DA:165,0
DA:166,0
DA:167,0
DA:168,0
DA:169,0
DA:170,0
DA:173,0
DA:174,0
DA:175,0
DA:176,0
DA:177,0
DA:180,0
DA:181,0
DA:182,0
DA:183,0
DA:188,0
DA:189,0
DA:190,0
DA:193,0
DA:194,0
DA:195,0
DA:196,0
DA:201,0
DA:202,0
DA:203,0
DA:206,0
DA:246,0
DA:258,0
DA:275,0
DA:291,0
DA:354,0
LF:120
LH:0
BRDA:26,0,0,0
BRDA:26,0,1,0
BRDA:34,1,0,0
BRDA:34,1,1,0
BRDA:50,2,0,0
BRDA:50,2,1,0
BRDA:50,3,0,0
BRDA:50,3,1,0
BRDA:52,4,0,0
BRDA:52,4,1,0
BRDA:57,5,0,0
BRDA:57,5,1,0
BRDA:58,6,0,0
BRDA:58,6,1,0
BRDA:59,7,0,0
BRDA:59,7,1,0
BRDA:59,8,0,0
BRDA:59,8,1,0
BRDA:61,9,0,0
BRDA:61,9,1,0
BRDA:63,10,0,0
BRDA:63,10,1,0
BRDA:65,11,0,0
BRDA:65,11,1,0
BRDA:67,12,0,0
BRDA:67,12,1,0
BRDA:68,13,0,0
BRDA:68,13,1,0
BRDA:69,14,0,0
BRDA:69,14,1,0
BRDA:70,15,0,0
BRDA:70,15,1,0
BRDA:71,16,0,0
BRDA:71,16,1,0
BRDA:74,17,0,0
BRDA:74,17,1,0
BRDA:75,18,0,0
BRDA:75,18,1,0
BRDA:75,19,0,0
BRDA:75,19,1,0
BRDA:76,20,0,0
BRDA:76,20,1,0
BRDA:76,21,0,0
BRDA:76,21,1,0
BRDA:83,22,0,0
BRDA:83,22,1,0
BRDA:83,23,0,0
BRDA:83,23,1,0
BRDA:95,24,0,0
BRDA:95,24,1,0
BRDA:104,25,0,0
BRDA:104,25,1,0
BRDA:109,26,0,0
BRDA:109,26,1,0
BRDA:110,27,0,0
BRDA:110,27,1,0
BRDA:113,28,0,0
BRDA:113,28,1,0
BRDA:125,29,0,0
BRDA:125,29,1,0
BRDA:125,30,0,0
BRDA:125,30,1,0
BRDA:150,31,0,0
BRDA:150,31,1,0
BRDA:150,32,0,0
BRDA:150,32,1,0
BRDA:154,33,0,0
BRDA:154,33,1,0
BRDA:154,34,0,0
BRDA:154,34,1,0
BRDA:158,35,0,0
BRDA:158,35,1,0
BRDA:158,36,0,0
BRDA:158,36,1,0
BRDA:166,37,0,0
BRDA:166,37,1,0
BRDA:167,38,0,0
BRDA:167,38,1,0
BRDA:168,39,0,0
BRDA:168,39,1,0
BRDA:175,40,0,0
BRDA:175,40,1,0
BRDA:182,41,0,0
BRDA:182,41,1,0
BRDA:188,42,0,0
BRDA:188,42,1,0
BRDA:188,43,0,0
BRDA:188,43,1,0
BRDA:195,44,0,0
BRDA:195,44,1,0
BRDA:201,45,0,0
BRDA:201,45,1,0
BRDA:201,46,0,0
BRDA:201,46,1,0
BRDA:217,47,0,0
BRDA:217,47,1,0
BRDA:225,48,0,0
BRDA:225,48,1,0
BRDA:242,49,0,0
BRDA:242,49,1,0
BRDA:303,50,0,0
BRDA:303,50,1,0
BRDA:316,51,0,0
BRDA:316,51,1,0
BRDA:319,52,0,0
BRDA:319,52,1,0
BRDA:323,53,0,0
BRDA:323,53,1,0
BRDA:332,54,0,0
BRDA:332,54,1,0
BRDA:341,55,0,0
BRDA:341,55,1,0
BRF:112
BRH:0
end_of_record
TN:
SF:app/items/current-listing.tsx
FN:15,CurrentListingScreen
FN:29,(anonymous_1)
FN:47,(anonymous_2)
FN:48,(anonymous_3)
FN:66,(anonymous_4)
FN:70,(anonymous_5)
FNF:6
FNH:0
FNDA:0,CurrentListingScreen
FNDA:0,(anonymous_1)
FNDA:0,(anonymous_2)
FNDA:0,(anonymous_3)
FNDA:0,(anonymous_4)
FNDA:0,(anonymous_5)
DA:12,0
DA:13,0
DA:16,0
DA:17,0
DA:18,0
DA:19,0
DA:20,0
DA:21,0
DA:23,0
DA:29,0
DA:47,0
DA:49,0
DA:50,0
DA:67,0
DA:71,0
DA:72,0
DA:101,0
LF:17
LH:0
BRDA:34,0,0,0
BRDA:34,0,1,0
BRDA:38,1,0,0
BRDA:38,1,1,0
BRDA:47,2,0,0
BRDA:47,2,1,0
BRDA:69,3,0,0
BRDA:69,3,1,0
BRF:8
BRH:0
end_of_record
TN:
SF:app/items/logout.tsx
FN:5,LogoutScreen
FN:9,(anonymous_1)
FNF:2
FNH:0
FNDA:0,LogoutScreen
FNDA:0,(anonymous_1)
DA:6,0
DA:7,0
DA:9,0
DA:10,0
DA:11,0
DA:14,0
LF:6
LH:0
BRF:0
BRH:0
end_of_record
TN:
SF:app/items/match-preview.tsx
FN:12,MatchPreviewScreen
FN:37,(anonymous_1)
FN:61,(anonymous_2)
FN:70,(anonymous_3)
FN:86,(anonymous_4)
FNF:5
FNH:0
FNDA:0,MatchPreviewScreen
FNDA:0,(anonymous_1)
FNDA:0,(anonymous_2)
FNDA:0,(anonymous_3)
FNDA:0,(anonymous_4)
DA:10,0
DA:13,0
DA:21,0
DA:22,0
DA:23,0
DA:24,0
DA:25,0
DA:26,0
DA:27,0
DA:29,0
DA:30,0
DA:37,0
DA:38,0
DA:39,0
DA:42,0
DA:45,0
DA:58,0
DA:61,0
DA:70,0
DA:86,0
DA:111,0
LF:21
LH:0
BRDA:26,0,0,0
BRDA:26,0,1,0
BRDA:27,1,0,0
BRDA:27,1,1,0
BRDA:29,2,0,0
BRDA:29,2,1,0
BRDA:29,3,0,0
BRDA:29,3,1,0
BRF:8
BRH:0
end_of_record
TN:
SF:app/items/your-chats.tsx
FN:30,notificationCreatedAt
FN:34,statusLabelAndColor
FN:47,YourChatsScreen
FN:60,(anonymous_3)
FN:61,(anonymous_4)
FN:71,(anonymous_5)
FN:78,(anonymous_6)
FN:102,(anonymous_7)
FN:109,(anonymous_8)
FN:145,(anonymous_9)
FNF:10
FNH:0
FNDA:0,notificationCreatedAt
FNDA:0,statusLabelAndColor
FNDA:0,YourChatsScreen
FNDA:0,(anonymous_3)
FNDA:0,(anonymous_4)
FNDA:0,(anonymous_5)
FNDA:0,(anonymous_6)
FNDA:0,(anonymous_7)
FNDA:0,(anonymous_8)
FNDA:0,(anonymous_9)
DA:18,0
DA:20,0
DA:21,0
DA:22,0
DA:23,0
DA:25,0
DA:26,0
DA:27,0
DA:28,0
DA:31,0
DA:35,0
DA:36,0
DA:38,0
DA:39,0
DA:41,0
DA:42,0
DA:44,0
DA:48,0
DA:49,0
DA:50,0
DA:51,0
DA:52,0
DA:53,0
DA:59,0
DA:61,0
DA:65,0
DA:72,0
DA:73,0
DA:74,0
DA:76,0
DA:78,0
DA:103,0
DA:104,0
DA:105,0
DA:106,0
DA:110,0
DA:111,0
DA:115,0
DA:117,0
DA:146,0
DA:147,0
DA:162,0
LF:42
LH:0
BRDA:31,0,0,0
BRDA:31,0,1,0
BRDA:35,1,0,0
BRDA:35,1,1,0
BRDA:38,2,0,0
BRDA:38,2,1,0
BRDA:41,3,0,0
BRDA:41,3,1,0
BRDA:72,4,0,0
BRDA:72,4,1,0
BRDA:81,5,0,0
BRDA:81,5,1,0
BRDA:92,6,0,0
BRDA:92,6,1,0
BRDA:95,7,0,0
BRDA:95,7,1,0
BRDA:103,8,0,0
BRDA:103,8,1,0
BRDA:110,9,0,0
BRDA:110,9,1,0
BRDA:139,10,0,0
BRDA:139,10,1,0
BRDA:146,11,0,0
BRDA:146,11,1,0
BRF:24
BRH:0
end_of_record
TN:
SF:app/items/chat/[id].tsx
FN:24,isOfferAcceptedForItem
FN:30,getEffectiveOfferPrice
FN:51,formatMessageTime
FN:58,ChatScreen
FN:76,(anonymous_4)
FN:86,(anonymous_5)
FN:90,(anonymous_6)
FN:96,(anonymous_7)
FN:103,(anonymous_8)
FN:114,(anonymous_9)
FN:117,(anonymous_10)
FN:122,(anonymous_11)
FN:123,(anonymous_12)
FN:129,(anonymous_13)
FN:138,(anonymous_14)
FN:139,(anonymous_15)
FN:144,(anonymous_16)
FN:150,(anonymous_17)
FN:155,(anonymous_18)
FN:159,(anonymous_19)
FN:163,(anonymous_20)
FN:166,(anonymous_21)
FN:173,(anonymous_22)
FN:186,(anonymous_23)
FN:199,(anonymous_24)
FN:203,(anonymous_25)
FN:207,(anonymous_26)
FN:234,(anonymous_27)
FN:292,(anonymous_28)
FN:351,(anonymous_29)
FNF:30
FNH:0
FNDA:0,isOfferAcceptedForItem
FNDA:0,getEffectiveOfferPrice
FNDA:0,formatMessageTime
FNDA:0,ChatScreen
FNDA:0,(anonymous_4)
FNDA:0,(anonymous_5)
FNDA:0,(anonymous_6)
FNDA:0,(anonymous_7)
FNDA:0,(anonymous_8)
FNDA:0,(anonymous_9)
FNDA:0,(anonymous_10)
FNDA:0,(anonymous_11)
FNDA:0,(anonymous_12)
FNDA:0,(anonymous_13)
FNDA:0,(anonymous_14)
FNDA:0,(anonymous_15)
FNDA:0,(anonymous_16)
FNDA:0,(anonymous_17)
FNDA:0,(anonymous_18)
FNDA:0,(anonymous_19)
FNDA:0,(anonymous_20)
FNDA:0,(anonymous_21)
FNDA:0,(anonymous_22)
FNDA:0,(anonymous_23)
FNDA:0,(anonymous_24)
FNDA:0,(anonymous_25)
FNDA:0,(anonymous_26)
FNDA:0,(anonymous_27)
FNDA:0,(anonymous_28)
FNDA:0,(anonymous_29)
DA:22,0
DA:25,0
DA:26,0
DA:27,0
DA:34,0
DA:35,0
DA:36,0
DA:38,0
DA:39,0
DA:40,0
DA:41,0
DA:43,0
DA:44,0
DA:45,0
DA:48,0
DA:49,0
DA:52,0
DA:59,0
DA:71,0
DA:72,0
DA:73,0
DA:74,0
DA:75,0
DA:76,0
DA:77,0
DA:78,0
DA:79,0
DA:80,0
DA:81,0
DA:82,0
DA:83,0
DA:84,0
DA:85,0
DA:86,0
DA:87,0
DA:88,0
DA:89,0
DA:90,0
DA:91,0
DA:93,0
DA:95,0
DA:97,0
DA:98,0
DA:99,0
DA:103,0
DA:104,0
DA:105,0
DA:107,0
DA:108,0
DA:109,0
DA:110,0
DA:111,0
DA:112,0
DA:114,0
DA:115,0
DA:116,0
DA:117,0
DA:118,0
DA:119,0
DA:120,0
DA:122,0
DA:123,0
DA:124,0
DA:125,0
DA:129,0
DA:130,0
DA:131,0
DA:132,0
DA:135,0
DA:138,0
DA:140,0
DA:141,0
DA:147,0
DA:148,0
DA:150,0
DA:151,0
DA:152,0
DA:155,0
DA:156,0
DA:159,0
DA:160,0
DA:161,0
DA:162,0
DA:163,0
DA:166,0
DA:167,0
DA:168,0
DA:169,0
DA:170,0
DA:173,0
DA:174,0
DA:175,0
DA:176,0
DA:181,0
DA:182,0
DA:183,0
DA:186,0
DA:187,0
DA:188,0
DA:189,0
DA:194,0
DA:195,0
DA:196,0
DA:199,0
DA:200,0
DA:201,0
DA:202,0
DA:203,0
DA:204,0
DA:207,0
DA:208,0
DA:209,0
DA:210,0
DA:211,0
DA:212,0
DA:213,0
DA:214,0
DA:227,0
DA:235,0
DA:236,0
DA:237,0
DA:239,0
DA:293,0
DA:352,0
DA:417,0
LF:125
LH:0
BRDA:25,0,0,0
BRDA:25,0,1,0
BRDA:25,1,0,0
BRDA:25,1,1,0
BRDA:27,2,0,0
BRDA:27,2,1,0
BRDA:34,3,0,0
BRDA:34,3,1,0
BRDA:35,4,0,0
BRDA:35,4,1,0
BRDA:35,5,0,0
BRDA:35,5,1,0
BRDA:35,5,2,0
BRDA:38,6,0,0
BRDA:38,6,1,0
BRDA:41,7,0,0
BRDA:41,7,1,0
BRDA:41,8,0,0
BRDA:41,8,1,0
BRDA:44,9,0,0
BRDA:44,9,1,0
BRDA:44,10,0,0
BRDA:44,10,1,0
BRDA:77,11,0,0
BRDA:77,11,1,0
BRDA:79,12,0,0
BRDA:79,12,1,0
BRDA:80,13,0,0
BRDA:80,13,1,0
BRDA:81,14,0,0
BRDA:81,14,1,0
BRDA:91,15,0,0
BRDA:91,15,1,0
BRDA:98,16,0,0
BRDA:98,16,1,0
BRDA:104,17,0,0
BRDA:104,17,1,0
BRDA:104,18,0,0
BRDA:104,18,1,0
BRDA:107,19,0,0
BRDA:107,19,1,0
BRDA:108,20,0,0
BRDA:108,20,1,0
BRDA:109,21,0,0
BRDA:109,21,1,0
BRDA:112,22,0,0
BRDA:112,22,1,0
BRDA:115,23,0,0
BRDA:115,23,1,0
BRDA:116,24,0,0
BRDA:116,24,1,0
BRDA:119,25,0,0
BRDA:119,25,1,0
BRDA:130,26,0,0
BRDA:130,26,1,0
BRDA:130,27,0,0
BRDA:130,27,1,0
BRDA:138,28,0,0
BRDA:138,28,1,0
BRDA:140,29,0,0
BRDA:140,29,1,0
BRDA:147,30,0,0
BRDA:147,30,1,0
BRDA:147,31,0,0
BRDA:147,31,1,0
BRDA:148,32,0,0
BRDA:148,32,1,0
BRDA:148,33,0,0
BRDA:148,33,1,0
BRDA:160,34,0,0
BRDA:160,34,1,0
BRDA:161,35,0,0
BRDA:161,35,1,0
BRDA:168,36,0,0
BRDA:168,36,1,0
BRDA:175,37,0,0
BRDA:175,37,1,0
BRDA:181,38,0,0
BRDA:181,38,1,0
BRDA:181,39,0,0
BRDA:181,39,1,0
BRDA:188,40,0,0
BRDA:188,40,1,0
BRDA:194,41,0,0
BRDA:194,41,1,0
BRDA:194,42,0,0
BRDA:194,42,1,0
BRDA:201,43,0,0
BRDA:201,43,1,0
BRDA:208,44,0,0
BRDA:208,44,1,0
BRDA:210,45,0,0
BRDA:210,45,1,0
BRDA:210,46,0,0
BRDA:210,46,1,0
BRDA:218,47,0,0
BRDA:218,47,1,0
BRDA:219,48,0,0
BRDA:219,48,1,0
BRDA:220,49,0,0
BRDA:220,49,1,0
BRDA:221,50,0,0
BRDA:221,50,1,0
BRDA:222,51,0,0
BRDA:222,51,1,0
BRDA:235,52,0,0
BRDA:235,52,1,0
BRDA:235,53,0,0
BRDA:235,53,1,0
BRDA:243,54,0,0
BRDA:243,54,1,0
BRDA:244,55,0,0
BRDA:244,55,1,0
BRDA:245,56,0,0
BRDA:245,56,1,0
BRDA:246,57,0,0
BRDA:246,57,1,0
BRDA:247,58,0,0
BRDA:247,58,1,0
BRDA:262,59,0,0
BRDA:262,59,1,0
BRDA:266,60,0,0
BRDA:266,60,1,0
BRDA:282,61,0,0
BRDA:282,61,1,0
BRDA:308,62,0,0
BRDA:308,62,1,0
BRDA:308,63,0,0
BRDA:308,63,1,0
BRDA:308,63,2,0
BRDA:310,64,0,0
BRDA:310,64,1,0
BRDA:310,64,2,0
BRDA:314,65,0,0
BRDA:314,65,1,0
BRDA:325,66,0,0
BRDA:325,66,1,0
BRDA:333,67,0,0
BRDA:333,67,1,0
BRDA:336,68,0,0
BRDA:336,68,1,0
BRDA:340,69,0,0
BRDA:340,69,1,0
BRDA:366,70,0,0
BRDA:366,70,1,0
BRDA:378,71,0,0
BRDA:378,71,1,0
BRDA:381,72,0,0
BRDA:381,72,1,0
BRDA:385,73,0,0
BRDA:385,73,1,0
BRDA:394,74,0,0
BRDA:394,74,1,0
BRDA:403,75,0,0
BRDA:403,75,1,0
BRF:155
BRH:0
end_of_record
TN:
SF:app/items/edit/[id].tsx
FN:43,mapTestCategoryToForm
FN:54,EditItemScreen
FN:77,(anonymous_2)
FN:92,(anonymous_3)
FN:104,(anonymous_4)
FN:109,(anonymous_5)
FN:122,(anonymous_6)
FN:123,(anonymous_7)
FN:133,(anonymous_8)
FN:134,(anonymous_9)
FN:137,(anonymous_10)
FN:143,(anonymous_11)
FN:202,(anonymous_12)
FN:206,(anonymous_13)
FN:217,(anonymous_14)
FN:221,(anonymous_15)
FN:235,(anonymous_16)
FN:239,(anonymous_17)
FN:241,(anonymous_18)
FN:258,(anonymous_19)
FN:287,(anonymous_20)
FN:291,(anonymous_21)
FN:310,(anonymous_22)
FN:320,(anonymous_23)
FN:329,(anonymous_24)
FN:358,(anonymous_25)
FN:359,(anonymous_26)
FN:362,(anonymous_27)
FNF:28
FNH:0
FNDA:0,mapTestCategoryToForm
FNDA:0,EditItemScreen
FNDA:0,(anonymous_2)
FNDA:0,(anonymous_3)
FNDA:0,(anonymous_4)
FNDA:0,(anonymous_5)
FNDA:0,(anonymous_6)
FNDA:0,(anonymous_7)
FNDA:0,(anonymous_8)
FNDA:0,(anonymous_9)
FNDA:0,(anonymous_10)
FNDA:0,(anonymous_11)
FNDA:0,(anonymous_12)
FNDA:0,(anonymous_13)
FNDA:0,(anonymous_14)
FNDA:0,(anonymous_15)
FNDA:0,(anonymous_16)
FNDA:0,(anonymous_17)
FNDA:0,(anonymous_18)
FNDA:0,(anonymous_19)
FNDA:0,(anonymous_20)
FNDA:0,(anonymous_21)
FNDA:0,(anonymous_22)
FNDA:0,(anonymous_23)
FNDA:0,(anonymous_24)
FNDA:0,(anonymous_25)
FNDA:0,(anonymous_26)
FNDA:0,(anonymous_27)
DA:24,0
DA:25,0
DA:26,0
DA:27,0
DA:28,0
DA:29,0
DA:30,0
DA:31,0
DA:33,0
DA:44,0
DA:51,0
DA:55,0
DA:56,0
DA:57,0
DA:58,0
DA:59,0
DA:60,0
DA:61,0
DA:63,0
DA:64,0
DA:65,0
DA:66,0
DA:69,0
DA:70,0
DA:71,0
DA:72,0
DA:74,0
DA:75,0
DA:77,0
DA:78,0
DA:79,0
DA:92,0
DA:93,0
DA:105,0
DA:109,0
DA:110,0
DA:111,0
DA:112,0
DA:115,0
DA:121,0
DA:122,0
DA:123,0
DA:124,0
DA:125,0
DA:126,0
DA:128,0
DA:129,0
DA:133,0
DA:134,0
DA:137,0
DA:138,0
DA:139,0
DA:140,0
DA:143,0
DA:144,0
DA:145,0
DA:147,0
DA:148,0
DA:149,0
DA:151,0
DA:152,0
DA:153,0
DA:155,0
DA:156,0
DA:157,0
DA:159,0
DA:160,0
DA:161,0
DA:163,0
DA:164,0
DA:165,0
DA:168,0
DA:170,0
DA:171,0
DA:178,0
DA:182,0
DA:183,0
DA:190,0
DA:203,0
DA:204,0
DA:206,0
DA:218,0
DA:219,0
DA:221,0
DA:236,0
DA:237,0
DA:239,0
DA:242,0
DA:243,0
DA:259,0
DA:260,0
DA:288,0
DA:291,0
DA:310,0
DA:321,0
DA:330,0
DA:331,0
DA:358,0
DA:360,0
DA:363,0
DA:364,0
DA:365,0
DA:380,0
LF:103
LH:0
BRDA:51,0,0,0
BRDA:51,0,1,0
BRDA:63,1,0,0
BRDA:63,1,1,0
BRDA:64,2,0,0
BRDA:64,2,1,0
BRDA:65,3,0,0
BRDA:65,3,1,0
BRDA:67,4,0,0
BRDA:67,4,1,0
BRDA:71,5,0,0
BRDA:71,5,1,0
BRDA:110,6,0,0
BRDA:110,6,1,0
BRDA:121,7,0,0
BRDA:121,7,1,0
BRDA:124,8,0,0
BRDA:124,8,1,0
BRDA:124,9,0,0
BRDA:124,9,1,0
BRDA:129,10,0,0
BRDA:129,10,1,0
BRDA:138,11,0,0
BRDA:138,11,1,0
BRDA:139,12,0,0
BRDA:139,12,1,0
BRDA:147,13,0,0
BRDA:147,13,1,0
BRDA:151,14,0,0
BRDA:151,14,1,0
BRDA:155,15,0,0
BRDA:155,15,1,0
BRDA:159,16,0,0
BRDA:159,16,1,0
BRDA:163,17,0,0
BRDA:163,17,1,0
BRDA:170,18,0,0
BRDA:170,18,1,0
BRDA:170,19,0,0
BRDA:170,19,1,0
BRDA:174,20,0,0
BRDA:174,20,1,0
BRDA:176,21,0,0
BRDA:176,21,1,0
BRDA:182,22,0,0
BRDA:182,22,1,0
BRDA:204,23,0,0
BRDA:204,23,1,0
BRDA:219,24,0,0
BRDA:219,24,1,0
BRDA:237,25,0,0
BRDA:237,25,1,0
BRDA:242,26,0,0
BRDA:242,26,1,0
BRDA:259,27,0,0
BRDA:259,27,1,0
BRDA:263,28,0,0
BRDA:263,28,1,0
BRDA:264,29,0,0
BRDA:264,29,1,0
BRDA:272,30,0,0
BRDA:272,30,1,0
BRDA:277,31,0,0
BRDA:277,31,1,0
BRDA:364,32,0,0
BRDA:364,32,1,0
BRDA:369,33,0,0
BRDA:369,33,1,0
BRF:68
BRH:0
end_of_record
TN:
SF:app/items/edit/_layout.tsx
FN:3,EditLayout
FNF:1
FNH:0
FNDA:0,EditLayout
DA:4,0
LF:1
LH:0
BRF:0
BRH:0
end_of_record
TN:
SF:app/items/transaction/[id].tsx
FN:27,TransactionScreen
FN:50,(anonymous_1)
FN:61,(anonymous_2)
FN:70,(anonymous_3)
FN:71,(anonymous_4)
FN:72,(anonymous_5)
FN:76,(anonymous_6)
FN:84,(anonymous_7)
FN:95,(anonymous_8)
FN:128,(anonymous_9)
FN:154,(anonymous_10)
FN:195,(anonymous_11)
FN:234,(anonymous_12)
FN:251,(anonymous_13)
FN:301,(anonymous_14)
FN:343,(anonymous_15)
FN:397,(anonymous_16)
FN:435,(anonymous_17)
FNF:18
FNH:0
FNDA:0,TransactionScreen
FNDA:0,(anonymous_1)
FNDA:0,(anonymous_2)
FNDA:0,(anonymous_3)
FNDA:0,(anonymous_4)
FNDA:0,(anonymous_5)
FNDA:0,(anonymous_6)
FNDA:0,(anonymous_7)
FNDA:0,(anonymous_8)
FNDA:0,(anonymous_9)
FNDA:0,(anonymous_10)
FNDA:0,(anonymous_11)
FNDA:0,(anonymous_12)
FNDA:0,(anonymous_13)
FNDA:0,(anonymous_14)
FNDA:0,(anonymous_15)
FNDA:0,(anonymous_16)
FNDA:0,(anonymous_17)
DA:23,0
DA:24,0
DA:25,0
DA:28,0
DA:36,0
DA:37,0
DA:38,0
DA:39,0
DA:40,0
DA:41,0
DA:42,0
DA:43,0
DA:44,0
DA:45,0
DA:47,0
DA:48,0
DA:49,0
DA:50,0
DA:51,0
DA:52,0
DA:53,0
DA:54,0
DA:55,0
DA:56,0
DA:58,0
DA:59,0
DA:61,0
DA:62,0
DA:63,0
DA:65,0
DA:68,0
DA:69,0
DA:70,0
DA:71,0
DA:72,0
DA:73,0
DA:75,0
DA:77,0
DA:78,0
DA:81,0
DA:82,0
DA:84,0
DA:85,0
DA:86,0
DA:87,0
DA:89,0
DA:90,0
DA:91,0
DA:95,0
DA:96,0
DA:97,0
DA:98,0
DA:99,0
DA:100,0
DA:102,0
DA:103,0
DA:104,0
DA:106,0
DA:107,0
DA:108,0
DA:110,0
DA:111,0
DA:112,0
DA:113,0
DA:128,0
DA:129,0
DA:130,0
DA:132,0
DA:154,0
DA:155,0
DA:156,0
DA:157,0
DA:158,0
DA:159,0
DA:164,0
DA:166,0
DA:168,0
DA:169,0
DA:170,0
DA:171,0
DA:181,0
DA:182,0
DA:184,0
DA:196,0
DA:197,0
DA:198,0
DA:200,0
DA:201,0
DA:202,0
DA:204,0
DA:205,0
DA:206,0
DA:208,0
DA:234,0
DA:251,0
DA:302,0
DA:344,0
DA:345,0
DA:397,0
DA:435,0
DA:522,0
LF:101
LH:0
BRDA:38,0,0,0
BRDA:38,0,1,0
BRDA:43,1,0,0
BRDA:43,1,1,0
BRDA:44,2,0,0
BRDA:44,2,1,0
BRDA:45,3,0,0
BRDA:45,3,1,0
BRDA:47,4,0,0
BRDA:47,4,1,0
BRDA:51,5,0,0
BRDA:51,5,1,0
BRDA:53,6,0,0
BRDA:53,6,1,0
BRDA:54,7,0,0
BRDA:54,7,1,0
BRDA:55,8,0,0
BRDA:55,8,1,0
BRDA:56,9,0,0
BRDA:56,9,1,0
BRDA:62,10,0,0
BRDA:62,10,1,0
BRDA:81,11,0,0
BRDA:81,11,1,0
BRDA:82,12,0,0
BRDA:82,12,1,0
BRDA:85,13,0,0
BRDA:85,13,1,0
BRDA:90,14,0,0
BRDA:90,14,1,0
BRDA:97,15,0,0
BRDA:97,15,1,0
BRDA:98,16,0,0
BRDA:98,16,1,0
BRDA:102,17,0,0
BRDA:102,17,1,0
BRDA:102,18,0,0
BRDA:102,18,1,0
BRDA:102,18,2,0
BRDA:106,19,0,0
BRDA:106,19,1,0
BRDA:119,20,0,0
BRDA:119,20,1,0
BRDA:120,21,0,0
BRDA:120,21,1,0
BRDA:120,22,0,0
BRDA:120,22,1,0
BRDA:121,23,0,0
BRDA:121,23,1,0
BRDA:121,24,0,0
BRDA:121,24,1,0
BRDA:122,25,0,0
BRDA:122,25,1,0
BRDA:122,26,0,0
BRDA:122,26,1,0
BRDA:123,27,0,0
BRDA:123,27,1,0
BRDA:130,28,0,0
BRDA:130,28,1,0
BRDA:139,29,0,0
BRDA:139,29,1,0
BRDA:140,30,0,0
BRDA:140,30,1,0
BRDA:140,31,0,0
BRDA:140,31,1,0
BRDA:141,32,0,0
BRDA:141,32,1,0
BRDA:141,33,0,0
BRDA:141,33,1,0
BRDA:142,34,0,0
BRDA:142,34,1,0
BRDA:142,35,0,0
BRDA:142,35,1,0
BRDA:143,36,0,0
BRDA:143,36,1,0
BRDA:145,37,0,0
BRDA:145,37,1,0
BRDA:147,38,0,0
BRDA:147,38,1,0
BRDA:155,39,0,0
BRDA:155,39,1,0
BRDA:155,40,0,0
BRDA:155,40,1,0
BRDA:158,41,0,0
BRDA:158,41,1,0
BRDA:168,42,0,0
BRDA:168,42,1,0
BRDA:175,43,0,0
BRDA:175,43,1,0
BRDA:181,44,0,0
BRDA:181,44,1,0
BRDA:181,44,2,0
BRDA:189,45,0,0
BRDA:189,45,1,0
BRDA:190,46,0,0
BRDA:190,46,1,0
BRDA:196,47,0,0
BRDA:196,47,1,0
BRDA:196,48,0,0
BRDA:196,48,1,0
BRDA:200,49,0,0
BRDA:200,49,1,0
BRDA:200,50,0,0
BRDA:200,50,1,0
BRDA:204,51,0,0
BRDA:204,51,1,0
BRDA:204,52,0,0
BRDA:204,52,1,0
BRDA:232,53,0,0
BRDA:232,53,1,0
BRDA:239,54,0,0
BRDA:239,54,1,0
BRDA:239,55,0,0
BRDA:239,55,1,0
BRDA:241,56,0,0
BRDA:241,56,1,0
BRDA:241,57,0,0
BRDA:241,57,1,0
BRDA:249,58,0,0
BRDA:249,58,1,0
BRDA:256,59,0,0
BRDA:256,59,1,0
BRDA:256,60,0,0
BRDA:256,60,1,0
BRDA:258,61,0,0
BRDA:258,61,1,0
BRDA:258,62,0,0
BRDA:258,62,1,0
BRDA:264,63,0,0
BRDA:264,63,1,0
BRDA:280,64,0,0
BRDA:280,64,1,0
BRDA:296,65,0,0
BRDA:296,65,1,0
BRDA:306,66,0,0
BRDA:306,66,1,0
BRDA:344,67,0,0
BRDA:344,67,1,0
BRDA:351,68,0,0
BRDA:351,68,1,0
BRDA:351,68,2,0
BRDA:365,69,0,0
BRDA:365,69,1,0
BRDA:365,70,0,0
BRDA:365,70,1,0
BRDA:374,71,0,0
BRDA:374,71,1,0
BRDA:374,72,0,0
BRDA:374,72,1,0
BRDA:379,73,0,0
BRDA:379,73,1,0
BRDA:379,74,0,0
BRDA:379,74,1,0
BRDA:394,75,0,0
BRDA:394,75,1,0
BRDA:395,76,0,0
BRDA:395,76,1,0
BRDA:403,77,0,0
BRDA:403,77,1,0
BRDA:404,78,0,0
BRDA:404,78,1,0
BRDA:405,79,0,0
BRDA:405,79,1,0
BRDA:407,80,0,0
BRDA:407,80,1,0
BRDA:415,81,0,0
BRDA:415,81,1,0
BRDA:416,82,0,0
BRDA:416,82,1,0
BRDA:417,83,0,0
BRDA:417,83,1,0
BRDA:421,84,0,0
BRDA:421,84,1,0
BRDA:421,84,2,0
BRDA:432,85,0,0
BRDA:432,85,1,0
BRDA:433,86,0,0
BRDA:433,86,1,0
BRDA:441,87,0,0
BRDA:441,87,1,0
BRDA:442,88,0,0
BRDA:442,88,1,0
BRDA:443,89,0,0
BRDA:443,89,1,0
BRDA:445,90,0,0
BRDA:445,90,1,0
BRDA:453,91,0,0
BRDA:453,91,1,0
BRDA:454,92,0,0
BRDA:454,92,1,0
BRDA:455,93,0,0
BRDA:455,93,1,0
BRDA:459,94,0,0
BRDA:459,94,1,0
BRDA:459,94,2,0
BRDA:474,95,0,0
BRDA:474,95,1,0
BRDA:477,96,0,0
BRDA:477,96,1,0
BRDA:480,97,0,0
BRDA:480,97,1,0
BRDA:483,98,0,0
BRDA:483,98,1,0
BRDA:488,99,0,0
BRDA:488,99,1,0
BRDA:496,100,0,0
BRDA:496,100,1,0
BRDA:497,101,0,0
BRDA:497,101,1,0
BRDA:498,102,0,0
BRDA:498,102,1,0
BRDA:510,103,0,0
BRDA:510,103,1,0
BRF:213
BRH:0
end_of_record
TN:
SF:app/items/transaction/offer-accepted/[id].tsx
FN:13,firstParam
FN:18,OfferAcceptedScreen
FN:32,(anonymous_2)
FN:37,(anonymous_3)
FN:38,(anonymous_4)
FN:38,(anonymous_5)
FN:41,(anonymous_6)
FN:43,(anonymous_7)
FN:72,(anonymous_8)
FN:87,(anonymous_9)
FN:92,(anonymous_10)
FNF:11
FNH:0
FNDA:0,firstParam
FNDA:0,OfferAcceptedScreen
FNDA:0,(anonymous_2)
FNDA:0,(anonymous_3)
FNDA:0,(anonymous_4)
FNDA:0,(anonymous_5)
FNDA:0,(anonymous_6)
FNDA:0,(anonymous_7)
FNDA:0,(anonymous_8)
FNDA:0,(anonymous_9)
FNDA:0,(anonymous_10)
DA:7,0
DA:8,0
DA:9,0
DA:10,0
DA:11,0
DA:14,0
DA:15,0
DA:19,0
DA:27,0
DA:28,0
DA:29,0
DA:30,0
DA:32,0
DA:33,0
DA:34,0
DA:37,0
DA:38,0
DA:41,0
DA:42,0
DA:43,0
DA:44,0
DA:45,0
DA:46,0
DA:55,0
DA:56,0
DA:60,0
DA:63,0
DA:64,0
DA:65,0
DA:67,0
DA:72,0
DA:75,0
DA:88,0
DA:92,0
DA:103,0
LF:35
LH:0
BRDA:14,0,0,0
BRDA:14,0,1,0
BRDA:15,1,0,0
BRDA:15,1,1,0
BRDA:42,2,0,0
BRDA:42,2,1,0
BRDA:48,3,0,0
BRDA:48,3,1,0
BRDA:49,4,0,0
BRDA:49,4,1,0
BRDA:50,5,0,0
BRDA:50,5,1,0
BRDA:51,6,0,0
BRDA:51,6,1,0
BRDA:52,7,0,0
BRDA:52,7,1,0
BRDA:55,8,0,0
BRDA:55,8,1,0
BRDA:63,9,0,0
BRDA:63,9,1,0
BRF:20
BRH:0
end_of_record
TN:
SF:app/items/transaction/offer-sent/[id].tsx
FN:9,firstParam
FN:14,OfferSentScreen
FN:35,(anonymous_2)
FN:67,(anonymous_3)
FN:79,(anonymous_4)
FN:97,(anonymous_5)
FNF:6
FNH:0
FNDA:0,firstParam
FNDA:0,OfferSentScreen
FNDA:0,(anonymous_2)
FNDA:0,(anonymous_3)
FNDA:0,(anonymous_4)
FNDA:0,(anonymous_5)
DA:7,0
DA:10,0
DA:11,0
DA:15,0
DA:25,0
DA:26,0
DA:27,0
DA:28,0
DA:30,0
DA:31,0
DA:32,0
DA:33,0
DA:35,0
DA:36,0
DA:67,0
DA:68,0
DA:69,0
DA:71,0
DA:72,0
DA:73,0
DA:74,0
DA:75,0
DA:76,0
DA:77,0
DA:79,0
DA:80,0
DA:97,0
DA:110,0
DA:115,0
DA:147,0
LF:30
LH:0
BRDA:10,0,0,0
BRDA:10,0,1,0
BRDA:11,1,0,0
BRDA:11,1,1,0
BRDA:69,2,0,0
BRDA:69,2,1,0
BRDA:74,3,0,0
BRDA:74,3,1,0
BRDA:75,4,0,0
BRDA:75,4,1,0
BRDA:76,5,0,0
BRDA:76,5,1,0
BRDA:86,6,0,0
BRDA:86,6,1,0
BRDA:87,7,0,0
BRDA:87,7,1,0
BRDA:88,8,0,0
BRDA:88,8,1,0
BRDA:92,9,0,0
BRDA:92,9,1,0
BRF:20
BRH:0
end_of_record
TN:
SF:app/items/transaction/rate/[id].tsx
FN:10,RateAfterPaymentScreen
FN:15,(anonymous_1)
FN:23,(anonymous_2)
FN:48,(anonymous_3)
FN:49,(anonymous_4)
FN:73,(anonymous_5)
FNF:6
FNH:0
FNDA:0,RateAfterPaymentScreen
FNDA:0,(anonymous_1)
FNDA:0,(anonymous_2)
FNDA:0,(anonymous_3)
FNDA:0,(anonymous_4)
FNDA:0,(anonymous_5)
DA:11,0
DA:12,0
DA:13,0
DA:14,0
DA:15,0
DA:16,0
DA:17,0
DA:18,0
DA:19,0
DA:20,0
DA:21,0
DA:23,0
DA:25,0
DA:49,0
DA:74,0
DA:75,0
DA:77,0
DA:94,0
LF:18
LH:0
BRDA:16,0,0,0
BRDA:16,0,1,0
BRDA:18,1,0,0
BRDA:18,1,1,0
BRDA:19,2,0,0
BRDA:19,2,1,0
BRDA:36,3,0,0
BRDA:36,3,1,0
BRDA:51,4,0,0
BRDA:51,4,1,0
BRDA:74,5,0,0
BRDA:74,5,1,0
BRDA:74,6,0,0
BRDA:74,6,1,0
BRDA:82,7,0,0
BRDA:82,7,1,0
BRF:16
BRH:0
end_of_record
TN:
SF:app/items/transaction/rating-submitted/[id].tsx
FN:8,firstParam
FN:13,RatingSubmittedScreen
FN:20,(anonymous_2)
FN:21,(anonymous_3)
FN:32,(anonymous_4)
FN:44,(anonymous_5)
FNF:6
FNH:0
FNDA:0,firstParam
FNDA:0,RatingSubmittedScreen
FNDA:0,(anonymous_2)
FNDA:0,(anonymous_3)
FNDA:0,(anonymous_4)
FNDA:0,(anonymous_5)
DA:9,0
DA:10,0
DA:14,0
DA:15,0
DA:16,0
DA:17,0
DA:18,0
DA:20,0
DA:21,0
DA:22,0
DA:23,0
DA:28,0
DA:32,0
DA:35,0
DA:45,0
DA:58,0
LF:16
LH:0
BRDA:9,0,0,0
BRDA:9,0,1,0
BRDA:10,1,0,0
BRDA:10,1,1,0
BRDA:17,2,0,0
BRDA:17,2,1,0
BRDA:22,3,0,0
BRDA:22,3,1,0
BRDA:47,4,0,0
BRDA:47,4,1,0
BRF:10
BRH:0
end_of_record
TN:
SF:components/butterfly.tsx
FN:19,Butterfly
FN:32,(anonymous_1)
FN:52,(anonymous_2)
FNF:3
FNH:0
FNDA:0,Butterfly
FNDA:0,(anonymous_1)
FNDA:0,(anonymous_2)
DA:4,0
DA:6,0
DA:7,0
DA:8,0
DA:20,0
DA:21,0
DA:22,0
DA:23,0
DA:24,0
DA:25,0
DA:26,0
DA:28,0
DA:29,0
DA:30,0
DA:32,0
DA:33,0
DA:48,0
DA:53,0
DA:57,0
DA:62,0
DA:84,0
LF:21
LH:0
BRDA:19,0,0,0
BRDA:19,1,0,0
BRDA:20,2,0,0
BRDA:20,2,1,0
BRDA:21,3,0,0
BRDA:21,3,1,0
BRDA:23,4,0,0
BRDA:23,4,1,0
BRDA:24,5,0,0
BRDA:24,5,1,0
BRDA:25,6,0,0
BRDA:25,6,1,0
BRDA:25,7,0,0
BRDA:25,7,1,0
BRDA:59,8,0,0
BRDA:59,8,1,0
BRDA:78,9,0,0
BRDA:78,9,1,0
BRF:18
BRH:0
end_of_record
TN:
SF:components/external-link.tsx
FN:7,ExternalLink
FN:13,(anonymous_1)
FNF:2
FNH:0
FNDA:0,ExternalLink
FNDA:0,(anonymous_1)
DA:8,0
DA:14,0
DA:16,0
DA:18,0
LF:4
LH:0
BRDA:14,0,0,0
BRDA:14,0,1,0
BRF:2
BRH:0
end_of_record
TN:
SF:components/haptic-tab.tsx
FN:5,HapticTab
FN:9,(anonymous_1)
FNF:2
FNH:0
FNDA:0,HapticTab
FNDA:0,(anonymous_1)
DA:6,0
DA:10,0
DA:12,0
DA:14,0
LF:4
LH:0
BRDA:10,0,0,0
BRDA:10,0,1,0
BRF:2
BRH:0
end_of_record
TN:
SF:components/hello-wave.tsx
FN:3,HelloWave
FNF:1
FNH:0
FNDA:0,HelloWave
DA:4,0
LF:1
LH:0
BRF:0
BRH:0
end_of_record
TN:
SF:components/parallax-scroll-view-horizontal.tsx
FN:29,ParallaxScrollView
FN:42,(anonymous_1)
FN:45,(anonymous_2)
FN:57,(anonymous_3)
FN:76,(anonymous_4)
FNF:5
FNH:0
FNDA:0,ParallaxScrollView
FNDA:0,(anonymous_1)
FNDA:0,(anonymous_2)
FNDA:0,(anonymous_3)
FNDA:0,(anonymous_4)
DA:15,0
DA:16,0
DA:17,0
DA:19,0
DA:35,0
DA:36,0
DA:37,0
DA:38,0
DA:39,0
DA:41,0
DA:43,0
DA:46,0
DA:47,0
DA:49,0
DA:50,0
DA:51,0
DA:52,0
DA:53,0
DA:58,0
DA:59,0
DA:61,0
DA:62,0
DA:63,0
DA:64,0
DA:65,0
DA:66,0
DA:67,0
DA:68,0
DA:71,0
DA:72,0
DA:73,0
DA:76,0
DA:77,0
DA:83,0
DA:92,0
DA:103,0
LF:36
LH:0
BRDA:47,0,0,0
BRDA:47,0,1,0
BRDA:49,1,0,0
BRDA:49,1,1,0
BRDA:49,2,0,0
BRDA:49,2,1,0
BRDA:52,3,0,0
BRDA:52,3,1,0
BRDA:53,4,0,0
BRDA:53,4,1,0
BRDA:58,5,0,0
BRDA:58,5,1,0
BRDA:61,6,0,0
BRDA:61,6,1,0
BRDA:61,7,0,0
BRDA:61,7,1,0
BRDA:64,8,0,0
BRDA:64,8,1,0
BRDA:64,9,0,0
BRDA:64,9,1,0
BRDA:67,10,0,0
BRDA:67,10,1,0
BRDA:68,11,0,0
BRDA:68,11,1,0
BRF:24
BRH:0
end_of_record
TN:
SF:components/parallax-scroll-view.tsx
FN:22,ParallaxScrollView
FN:32,(anonymous_1)
FNF:2
FNH:2
FNDA:19,ParallaxScrollView
FNDA:19,(anonymous_1)
DA:14,1
DA:28,19
DA:29,19
DA:30,19
DA:31,19
DA:32,19
DA:33,19
DA:49,19
DA:68,1
LF:9
LH:9
BRDA:29,0,0,19
BRDA:29,0,1,0
BRF:2
BRH:1
end_of_record
TN:
SF:components/themed-text.tsx
FN:11,ThemedText
FNF:1
FNH:1
FNDA:316,ThemedText
DA:18,316
DA:20,316
DA:36,6
LF:3
LH:3
BRDA:15,0,0,115
BRDA:24,1,0,115
BRDA:24,1,1,201
BRDA:25,2,0,20
BRDA:25,2,1,296
BRDA:26,3,0,82
BRDA:26,3,1,234
BRDA:27,4,0,99
BRDA:27,4,1,217
BRDA:28,5,0,0
BRDA:28,5,1,316
BRF:11
BRH:10
end_of_record
TN:
SF:components/themed-view.tsx
FN:10,ThemedView
FNF:1
FNH:1
FNDA:89,ThemedView
DA:11,89
DA:13,89
LF:2
LH:2
BRF:0
BRH:0
end_of_record
TN:
SF:components/user-header.tsx
FN:7,UserHeader
FN:29,(anonymous_1)
FN:49,(anonymous_2)
FNF:3
FNH:0
FNDA:0,UserHeader
FNDA:0,(anonymous_1)
FNDA:0,(anonymous_2)
DA:20,0
DA:21,0
DA:22,0
DA:23,0
DA:24,0
DA:25,0
DA:26,0
DA:27,0
DA:29,0
DA:30,0
DA:31,0
DA:35,0
DA:37,0
DA:50,0
DA:51,0
DA:52,0
DA:75,0
DA:81,0
LF:18
LH:0
BRDA:20,0,0,0
BRDA:20,0,1,0
BRDA:21,1,0,0
BRDA:21,1,1,0
BRDA:22,2,0,0
BRDA:22,2,1,0
BRDA:23,3,0,0
BRDA:23,3,1,0
BRDA:24,4,0,0
BRDA:24,4,1,0
BRDA:26,5,0,0
BRDA:26,5,1,0
BRDA:27,6,0,0
BRDA:27,6,1,0
BRDA:35,7,0,0
BRDA:35,7,1,0
BRDA:57,8,0,0
BRDA:57,8,1,0
BRDA:59,9,0,0
BRDA:59,9,1,0
BRDA:61,10,0,0
BRDA:61,10,1,0
BRDA:64,11,0,0
BRDA:64,11,1,0
BRF:24
BRH:0
end_of_record
TN:
SF:components/ui/collapsible.tsx
FN:10,Collapsible
FN:18,(anonymous_1)
FN:18,(anonymous_2)
FNF:3
FNH:0
FNDA:0,Collapsible
FNDA:0,(anonymous_1)
FNDA:0,(anonymous_2)
DA:11,0
DA:12,0
DA:14,0
DA:18,0
DA:35,0
LF:5
LH:0
BRDA:12,0,0,0
BRDA:12,0,1,0
BRDA:24,1,0,0
BRDA:24,1,1,0
BRDA:25,2,0,0
BRDA:25,2,1,0
BRDA:30,3,0,0
BRDA:30,3,1,0
BRF:8
BRH:0
end_of_record
TN:
SF:components/ui/icon-symbol.ios.tsx
FN:4,IconSymbol
FNF:1
FNH:0
FNDA:0,IconSymbol
DA:17,0
LF:1
LH:0
BRDA:6,0,0,0
BRDA:9,1,0,0
BRF:2
BRH:0
end_of_record
TN:
SF:components/ui/icon-symbol.tsx
FN:30,IconSymbol
FNF:1
FNH:0
FNDA:0,IconSymbol
DA:16,0
DA:42,0
LF:2
LH:0
BRDA:32,0,0,0
BRF:1
BRH:0
end_of_record
TN:
SF:constants/categories.ts
FNF:0
FNH:0
DA:1,1
LF:1
LH:1
BRF:0
BRH:0
end_of_record
TN:
SF:constants/listing-stamp.ts
FNF:0
FNH:0
DA:1,1
DA:3,1
DA:5,1
LF:3
LH:3
BRF:0
BRH:0
end_of_record
TN:
SF:constants/theme.ts
FNF:0
FNH:0
DA:8,7
DA:9,7
DA:11,7
DA:30,7
LF:4
LH:4
BRF:0
BRH:0
end_of_record
TN:
SF:contexts/AuthContext.tsx
FN:15,AuthProvider
FN:18,(anonymous_1)
FN:19,(anonymous_2)
FN:24,(anonymous_3)
FN:29,(anonymous_4)
FN:41,useAuth
FNF:6
FNH:0
FNDA:0,AuthProvider
FNDA:0,(anonymous_1)
FNDA:0,(anonymous_2)
FNDA:0,(anonymous_3)
FNDA:0,(anonymous_4)
FNDA:0,useAuth
DA:4,0
DA:13,0
DA:16,0
DA:18,0
DA:19,0
DA:20,0
DA:24,0
DA:25,0
DA:26,0
DA:29,0
DA:30,0
DA:31,0
DA:34,0
DA:42,0
DA:43,0
DA:44,0
DA:46,0
LF:17
LH:0
BRDA:20,0,0,0
BRDA:20,0,1,0
BRDA:43,1,0,0
BRDA:43,1,1,0
BRF:4
BRH:0
end_of_record
TN:
SF:contexts/LikedItemsContext.tsx
FN:18,LikedItemsProvider
FN:22,(anonymous_1)
FN:25,(anonymous_2)
FN:27,(anonymous_3)
FN:28,(anonymous_4)
FN:34,(anonymous_5)
FN:39,(anonymous_6)
FN:43,(anonymous_7)
FN:54,useLikedItems
FNF:9
FNH:1
FNDA:0,LikedItemsProvider
FNDA:0,(anonymous_1)
FNDA:0,(anonymous_2)
FNDA:0,(anonymous_3)
FNDA:0,(anonymous_4)
FNDA:0,(anonymous_5)
FNDA:0,(anonymous_6)
FNDA:0,(anonymous_7)
FNDA:20,useLikedItems
DA:16,2
DA:19,0
DA:20,0
DA:22,0
DA:23,0
DA:24,0
DA:25,0
DA:26,0
DA:27,0
DA:28,0
DA:30,0
DA:34,0
DA:35,0
DA:36,0
DA:39,0
DA:40,0
DA:43,0
DA:44,0
DA:47,0
DA:55,20
DA:56,20
DA:57,0
DA:59,20
LF:23
LH:4
BRDA:28,0,0,0
BRDA:28,0,1,0
BRDA:44,1,0,0
BRDA:44,1,1,0
BRDA:56,2,0,0
BRDA:56,2,1,20
BRF:6
BRH:1
end_of_record
TN:
SF:contexts/MyListingsContext.tsx
FN:7,pickRandomItems
FN:8,(anonymous_1)
FN:49,MyListingsProvider
FN:50,(anonymous_3)
FN:51,(anonymous_4)
FN:52,(anonymous_5)
FN:58,(anonymous_6)
FN:58,(anonymous_7)
FN:62,(anonymous_8)
FN:70,(anonymous_9)
FN:71,(anonymous_10)
FN:76,(anonymous_11)
FN:86,(anonymous_12)
FN:88,(anonymous_13)
FN:96,(anonymous_14)
FN:97,(anonymous_15)
FN:98,(anonymous_16)
FN:113,(anonymous_17)
FN:114,(anonymous_18)
FN:116,(anonymous_19)
FN:124,(anonymous_20)
FN:125,(anonymous_21)
FN:129,(anonymous_22)
FN:130,(anonymous_23)
FN:137,(anonymous_24)
FN:138,(anonymous_25)
FN:138,(anonymous_26)
FN:139,(anonymous_27)
FN:145,(anonymous_28)
FN:145,(anonymous_29)
FN:150,(anonymous_30)
FN:155,(anonymous_31)
FN:192,useMyListings
FNF:33
FNH:1
FNDA:0,pickRandomItems
FNDA:0,(anonymous_1)
FNDA:0,MyListingsProvider
FNDA:0,(anonymous_3)
FNDA:0,(anonymous_4)
FNDA:0,(anonymous_5)
FNDA:0,(anonymous_6)
FNDA:0,(anonymous_7)
FNDA:0,(anonymous_8)
FNDA:0,(anonymous_9)
FNDA:0,(anonymous_10)
FNDA:0,(anonymous_11)
FNDA:0,(anonymous_12)
FNDA:0,(anonymous_13)
FNDA:0,(anonymous_14)
FNDA:0,(anonymous_15)
FNDA:0,(anonymous_16)
FNDA:0,(anonymous_17)
FNDA:0,(anonymous_18)
FNDA:0,(anonymous_19)
FNDA:0,(anonymous_20)
FNDA:0,(anonymous_21)
FNDA:0,(anonymous_22)
FNDA:0,(anonymous_23)
FNDA:0,(anonymous_24)
FNDA:0,(anonymous_25)
FNDA:0,(anonymous_26)
FNDA:0,(anonymous_27)
FNDA:0,(anonymous_28)
FNDA:0,(anonymous_29)
FNDA:0,(anonymous_30)
FNDA:0,(anonymous_31)
FNDA:12,useMyListings
DA:8,0
DA:9,0
DA:45,1
DA:50,0
DA:51,0
DA:52,0
DA:54,0
DA:55,0
DA:57,0
DA:58,0
DA:62,0
DA:63,0
DA:70,0
DA:71,0
DA:72,0
DA:76,0
DA:77,0
DA:78,0
DA:86,0
DA:87,0
DA:88,0
DA:90,0
DA:92,0
DA:96,0
DA:97,0
DA:98,0
DA:99,0
DA:100,0
DA:101,0
DA:109,0
DA:113,0
DA:114,0
DA:115,0
DA:117,0
DA:124,0
DA:125,0
DA:129,0
DA:130,0
DA:131,0
DA:133,0
DA:134,0
DA:137,0
DA:138,0
DA:139,0
DA:140,0
DA:141,0
DA:144,0
DA:145,0
DA:149,0
DA:150,0
DA:154,0
DA:155,0
DA:185,0
DA:193,12
DA:194,12
DA:195,0
DA:197,12
LF:57
LH:4
BRDA:71,0,0,0
BRDA:71,0,1,0
BRDA:71,1,0,0
BRDA:71,1,1,0
BRDA:88,2,0,0
BRDA:88,2,1,0
BRDA:88,2,2,0
BRDA:88,3,0,0
BRDA:88,3,1,0
BRDA:90,4,0,0
BRDA:90,4,1,0
BRDA:98,5,0,0
BRDA:98,5,1,0
BRDA:98,6,0,0
BRDA:98,6,1,0
BRDA:99,7,0,0
BRDA:99,7,1,0
BRDA:118,8,0,0
BRDA:118,8,1,0
BRDA:118,8,2,0
BRDA:118,9,0,0
BRDA:118,9,1,0
BRDA:125,10,0,0
BRDA:125,10,1,0
BRDA:131,11,0,0
BRDA:131,11,1,0
BRDA:194,12,0,0
BRDA:194,12,1,12
BRF:28
BRH:1
end_of_record
TN:
SF:hooks/use-color-scheme.ts
FN:1,useColorScheme
FNF:1
FNH:1
FNDA:486,useColorScheme
DA:2,486
LF:1
LH:1
BRF:0
BRH:0
end_of_record
TN:
SF:hooks/use-color-scheme.web.ts
FN:7,useColorScheme
FN:10,(anonymous_1)
FNF:2
FNH:0
FNDA:0,useColorScheme
FNDA:0,(anonymous_1)
DA:8,0
DA:10,0
DA:11,0
DA:14,0
DA:16,0
DA:17,0
DA:20,0
LF:7
LH:0
BRDA:16,0,0,0
BRDA:16,0,1,0
BRF:2
BRH:0
end_of_record
TN:
SF:hooks/use-theme-color.ts
FN:9,useThemeColor
FNF:1
FNH:1
FNDA:467,useThemeColor
DA:13,467
DA:14,467
DA:16,467
DA:17,9
DA:19,458
LF:5
LH:5
BRDA:13,0,0,467
BRDA:13,0,1,0
BRDA:16,1,0,9
BRDA:16,1,1,458
BRF:4
BRH:3
end_of_record
TN:
SF:scripts/reset-project.js
FN:48,(anonymous_0)
FN:103,(anonymous_1)
FN:106,(anonymous_2)
FNF:3
FNH:0
FNDA:0,(anonymous_0)
FNDA:0,(anonymous_1)
FNDA:0,(anonymous_2)
DA:9,0
DA:10,0
DA:11,0
DA:13,0
DA:14,0
DA:15,0
DA:16,0
DA:17,0
DA:19,0
DA:36,0
DA:43,0
DA:48,0
DA:49,0
DA:50,0
DA:52,0
DA:53,0
DA:57,0
DA:58,0
DA:59,0
DA:60,0
DA:61,0
DA:62,0
DA:63,0
DA:65,0
DA:66,0
DA:69,0
DA:74,0
DA:75,0
DA:76,0
DA:79,0
DA:80,0
DA:81,0
DA:84,0
DA:85,0
DA:86,0
DA:88,0
DA:89,0
DA:97,0
DA:101,0
DA:104,0
DA:105,0
DA:106,0
DA:108,0
DA:109,0
LF:44
LH:0
BRDA:50,0,0,0
BRDA:50,0,1,0
BRDA:59,1,0,0
BRDA:59,1,1,0
BRDA:60,2,0,0
BRDA:60,2,1,0
BRDA:91,3,0,0
BRDA:91,3,1,0
BRDA:104,4,0,0
BRDA:104,4,1,0
BRDA:105,5,0,0
BRDA:105,5,1,0
BRDA:105,6,0,0
BRDA:105,6,1,0
BRF:14
BRH:0
end_of_record
TN:
SF:store/chatStore.ts
FN:11,getMessagesForItem
FN:13,(anonymous_1)
FN:24,addMessageForItem
FNF:3
FNH:0
FNDA:0,getMessagesForItem
FNDA:0,(anonymous_1)
FNDA:0,addMessageForItem
DA:9,0
DA:12,0
DA:13,0
DA:14,0
DA:15,0
DA:20,0
DA:25,0
DA:26,0
DA:30,0
DA:34,0
LF:10
LH:0
BRDA:12,0,0,0
BRDA:12,0,1,0
BRDA:14,1,0,0
BRDA:14,1,1,0
BRF:4
BRH:0
end_of_record
TN:
SF:store/myListingsStore.ts
FN:10,getItems
FN:14,setItems
FN:16,(anonymous_2)
FN:19,subscribe
FN:22,(anonymous_4)
FNF:5
FNH:0
FNDA:0,getItems
FNDA:0,setItems
FNDA:0,(anonymous_2)
FNDA:0,subscribe
FNDA:0,(anonymous_4)
DA:7,1
DA:8,1
DA:11,0
DA:15,0
DA:16,0
DA:20,0
DA:21,0
DA:22,0
LF:8
LH:2
BRF:0
BRH:0
end_of_record
TN:
SF:store/pendingMeetupStore.ts
FN:6,notify
FN:8,(anonymous_1)
FN:11,subscribePendingMeetup
FN:13,(anonymous_3)
FN:16,getPendingMeetupVersion
FN:20,isPendingMeetupReservation
FN:24,markPendingMeetupReservation
FN:31,isItemSoldOnMarketplace
FN:35,markItemPaidSold
FNF:9
FNH:5
FNDA:0,notify
FNDA:0,(anonymous_1)
FNDA:4,subscribePendingMeetup
FNDA:4,(anonymous_3)
FNDA:28,getPendingMeetupVersion
FNDA:34,isPendingMeetupReservation
FNDA:0,markPendingMeetupReservation
FNDA:68,isItemSoldOnMarketplace
FNDA:0,markItemPaidSold
DA:1,1
DA:2,1
DA:3,1
DA:4,1
DA:7,0
DA:8,0
DA:12,4
DA:13,4
DA:17,28
DA:21,34
DA:25,0
DA:26,0
DA:27,0
DA:28,0
DA:32,68
DA:36,0
DA:37,0
DA:38,0
DA:39,0
LF:19
LH:9
BRDA:25,0,0,0
BRDA:25,0,1,0
BRDA:26,1,0,0
BRDA:26,1,1,0
BRDA:37,2,0,0
BRDA:37,2,1,0
BRF:6
BRH:0
end_of_record
TN:
SF:store/transactionStore.ts
FN:8,getOfferForItem
FN:12,setOfferForItem
FN:19,markOfferSentForItem
FN:26,hasSentOfferForItem
FN:30,setAcceptedOfferItemPrice
FN:35,getAcceptedOfferItemPrice
FNF:6
FNH:0
FNDA:0,getOfferForItem
FNDA:0,setOfferForItem
FNDA:0,markOfferSentForItem
FNDA:0,hasSentOfferForItem
FNDA:0,setAcceptedOfferItemPrice
FNDA:0,getAcceptedOfferItemPrice
DA:3,0
DA:4,0
DA:6,0
DA:9,0
DA:13,0
DA:20,0
DA:27,0
DA:31,0
DA:32,0
DA:36,0
LF:10
LH:0
BRDA:9,0,0,0
BRDA:9,0,1,0
BRDA:31,1,0,0
BRDA:31,1,1,0
BRDA:31,2,0,0
BRDA:31,2,1,0
BRF:6
BRH:0
end_of_record
